Processing map: Instances/maps/empty-32-32.map, scenario: Instances/scenarios/empty-32-32/empty-32-32-condensed-1.scen with A Heuristics
Running with 5 agents
Agents: 5, Heuristic: A
Running command: C:\Users\Keerthan Shetty\OneDrive - KNIME AG\Desktop\Python\ASP\cmapf\camp\Scripts\python.exe C:\Users\Keerthan Shetty\OneDrive - KNIME AG\Desktop\Python\ASP\cmapf\Code\scripts\MAPF_with_priority.py --heuristic-strategy=A --map-file=Instances/maps/empty-32-32.map --scen-file=Instances/scenarios/empty-32-32/empty-32-32-condensed-1.scen --agents=5 C:\Users\Keerthan Shetty\OneDrive - KNIME AG\Desktop\Python\ASP\cmapf\Code\scripts\encodings\encoding_base.lp C:\Users\Keerthan Shetty\OneDrive - KNIME AG\Desktop\Python\ASP\cmapf\Code\scripts\encodings\heuristics_a.lp C:\Users\Keerthan Shetty\OneDrive - KNIME AG\Desktop\Python\ASP\cmapf\Code\Instances/Processed/empty-32-32/empty-32-32-condensed-1/priority1-static.lp --heuristic=domain --horizon=10 --stats
delta/horizon : 10, time : 0.42 (solution found)
Running with 10 agents
Agents: 10, Heuristic: A
Running command: C:\Users\Keerthan Shetty\OneDrive - KNIME AG\Desktop\Python\ASP\cmapf\camp\Scripts\python.exe C:\Users\Keerthan Shetty\OneDrive - KNIME AG\Desktop\Python\ASP\cmapf\Code\scripts\MAPF_with_priority.py --heuristic-strategy=A --map-file=Instances/maps/empty-32-32.map --scen-file=Instances/scenarios/empty-32-32/empty-32-32-condensed-1.scen --agents=10 C:\Users\Keerthan Shetty\OneDrive - KNIME AG\Desktop\Python\ASP\cmapf\Code\scripts\encodings\encoding_base.lp C:\Users\Keerthan Shetty\OneDrive - KNIME AG\Desktop\Python\ASP\cmapf\Code\scripts\encodings\heuristics_a.lp C:\Users\Keerthan Shetty\OneDrive - KNIME AG\Desktop\Python\ASP\cmapf\Code\Instances/Processed/empty-32-32/empty-32-32-condensed-1/priority1-static.lp --heuristic=domain --horizon=10 --stats
delta/horizon : 10, time : 0.35 (solution found)
Running with 15 agents
Agents: 15, Heuristic: A
Running command: C:\Users\Keerthan Shetty\OneDrive - KNIME AG\Desktop\Python\ASP\cmapf\camp\Scripts\python.exe C:\Users\Keerthan Shetty\OneDrive - KNIME AG\Desktop\Python\ASP\cmapf\Code\scripts\MAPF_with_priority.py --heuristic-strategy=A --map-file=Instances/maps/empty-32-32.map --scen-file=Instances/scenarios/empty-32-32/empty-32-32-condensed-1.scen --agents=15 C:\Users\Keerthan Shetty\OneDrive - KNIME AG\Desktop\Python\ASP\cmapf\Code\scripts\encodings\encoding_base.lp C:\Users\Keerthan Shetty\OneDrive - KNIME AG\Desktop\Python\ASP\cmapf\Code\scripts\encodings\heuristics_a.lp C:\Users\Keerthan Shetty\OneDrive - KNIME AG\Desktop\Python\ASP\cmapf\Code\Instances/Processed/empty-32-32/empty-32-32-condensed-1/priority1-static.lp --heuristic=domain --horizon=10 --stats
delta/horizon : 10, time : 0.33 (solution found)
Running with 20 agents
Agents: 20, Heuristic: A
Running command: C:\Users\Keerthan Shetty\OneDrive - KNIME AG\Desktop\Python\ASP\cmapf\camp\Scripts\python.exe C:\Users\Keerthan Shetty\OneDrive - KNIME AG\Desktop\Python\ASP\cmapf\Code\scripts\MAPF_with_priority.py --heuristic-strategy=A --map-file=Instances/maps/empty-32-32.map --scen-file=Instances/scenarios/empty-32-32/empty-32-32-condensed-1.scen --agents=20 C:\Users\Keerthan Shetty\OneDrive - KNIME AG\Desktop\Python\ASP\cmapf\Code\scripts\encodings\encoding_base.lp C:\Users\Keerthan Shetty\OneDrive - KNIME AG\Desktop\Python\ASP\cmapf\Code\scripts\encodings\heuristics_a.lp C:\Users\Keerthan Shetty\OneDrive - KNIME AG\Desktop\Python\ASP\cmapf\Code\Instances/Processed/empty-32-32/empty-32-32-condensed-1/priority1-static.lp --heuristic=domain --horizon=10 --stats
delta/horizon : 10, time : 0.40 (solution found)
Running with 25 agents
Agents: 25, Heuristic: A
Running command: C:\Users\Keerthan Shetty\OneDrive - KNIME AG\Desktop\Python\ASP\cmapf\camp\Scripts\python.exe C:\Users\Keerthan Shetty\OneDrive - KNIME AG\Desktop\Python\ASP\cmapf\Code\scripts\MAPF_with_priority.py --heuristic-strategy=A --map-file=Instances/maps/empty-32-32.map --scen-file=Instances/scenarios/empty-32-32/empty-32-32-condensed-1.scen --agents=25 C:\Users\Keerthan Shetty\OneDrive - KNIME AG\Desktop\Python\ASP\cmapf\Code\scripts\encodings\encoding_base.lp C:\Users\Keerthan Shetty\OneDrive - KNIME AG\Desktop\Python\ASP\cmapf\Code\scripts\encodings\heuristics_a.lp C:\Users\Keerthan Shetty\OneDrive - KNIME AG\Desktop\Python\ASP\cmapf\Code\Instances/Processed/empty-32-32/empty-32-32-condensed-1/priority1-static.lp --heuristic=domain --horizon=10 --stats
 delta/horizon : 10, time_spent : 0.35
Running command: C:\Users\Keerthan Shetty\OneDrive - KNIME AG\Desktop\Python\ASP\cmapf\camp\Scripts\python.exe C:\Users\Keerthan Shetty\OneDrive - KNIME AG\Desktop\Python\ASP\cmapf\Code\scripts\MAPF_with_priority.py --heuristic-strategy=A --map-file=Instances/maps/empty-32-32.map --scen-file=Instances/scenarios/empty-32-32/empty-32-32-condensed-1.scen --agents=25 C:\Users\Keerthan Shetty\OneDrive - KNIME AG\Desktop\Python\ASP\cmapf\Code\scripts\encodings\encoding_base.lp C:\Users\Keerthan Shetty\OneDrive - KNIME AG\Desktop\Python\ASP\cmapf\Code\scripts\encodings\heuristics_a.lp C:\Users\Keerthan Shetty\OneDrive - KNIME AG\Desktop\Python\ASP\cmapf\Code\Instances/Processed/empty-32-32/empty-32-32-condensed-1/priority1-static.lp --heuristic=domain --horizon=11 --stats
delta/horizon : 11, time : 0.76 (solution found)
Running with 30 agents
Agents: 30, Heuristic: A
Running command: C:\Users\Keerthan Shetty\OneDrive - KNIME AG\Desktop\Python\ASP\cmapf\camp\Scripts\python.exe C:\Users\Keerthan Shetty\OneDrive - KNIME AG\Desktop\Python\ASP\cmapf\Code\scripts\MAPF_with_priority.py --heuristic-strategy=A --map-file=Instances/maps/empty-32-32.map --scen-file=Instances/scenarios/empty-32-32/empty-32-32-condensed-1.scen --agents=30 C:\Users\Keerthan Shetty\OneDrive - KNIME AG\Desktop\Python\ASP\cmapf\Code\scripts\encodings\encoding_base.lp C:\Users\Keerthan Shetty\OneDrive - KNIME AG\Desktop\Python\ASP\cmapf\Code\scripts\encodings\heuristics_a.lp C:\Users\Keerthan Shetty\OneDrive - KNIME AG\Desktop\Python\ASP\cmapf\Code\Instances/Processed/empty-32-32/empty-32-32-condensed-1/priority1-static.lp --heuristic=domain --horizon=10 --stats
 delta/horizon : 10, time_spent : 0.38
Running command: C:\Users\Keerthan Shetty\OneDrive - KNIME AG\Desktop\Python\ASP\cmapf\camp\Scripts\python.exe C:\Users\Keerthan Shetty\OneDrive - KNIME AG\Desktop\Python\ASP\cmapf\Code\scripts\MAPF_with_priority.py --heuristic-strategy=A --map-file=Instances/maps/empty-32-32.map --scen-file=Instances/scenarios/empty-32-32/empty-32-32-condensed-1.scen --agents=30 C:\Users\Keerthan Shetty\OneDrive - KNIME AG\Desktop\Python\ASP\cmapf\Code\scripts\encodings\encoding_base.lp C:\Users\Keerthan Shetty\OneDrive - KNIME AG\Desktop\Python\ASP\cmapf\Code\scripts\encodings\heuristics_a.lp C:\Users\Keerthan Shetty\OneDrive - KNIME AG\Desktop\Python\ASP\cmapf\Code\Instances/Processed/empty-32-32/empty-32-32-condensed-1/priority1-static.lp --heuristic=domain --horizon=11 --stats
delta/horizon : 11, time : 0.80 (solution found)
Running with 35 agents
Agents: 35, Heuristic: A
Running command: C:\Users\Keerthan Shetty\OneDrive - KNIME AG\Desktop\Python\ASP\cmapf\camp\Scripts\python.exe C:\Users\Keerthan Shetty\OneDrive - KNIME AG\Desktop\Python\ASP\cmapf\Code\scripts\MAPF_with_priority.py --heuristic-strategy=A --map-file=Instances/maps/empty-32-32.map --scen-file=Instances/scenarios/empty-32-32/empty-32-32-condensed-1.scen --agents=35 C:\Users\Keerthan Shetty\OneDrive - KNIME AG\Desktop\Python\ASP\cmapf\Code\scripts\encodings\encoding_base.lp C:\Users\Keerthan Shetty\OneDrive - KNIME AG\Desktop\Python\ASP\cmapf\Code\scripts\encodings\heuristics_a.lp C:\Users\Keerthan Shetty\OneDrive - KNIME AG\Desktop\Python\ASP\cmapf\Code\Instances/Processed/empty-32-32/empty-32-32-condensed-1/priority1-static.lp --heuristic=domain --horizon=10 --stats
 delta/horizon : 10, time_spent : 0.35
Running command: C:\Users\Keerthan Shetty\OneDrive - KNIME AG\Desktop\Python\ASP\cmapf\camp\Scripts\python.exe C:\Users\Keerthan Shetty\OneDrive - KNIME AG\Desktop\Python\ASP\cmapf\Code\scripts\MAPF_with_priority.py --heuristic-strategy=A --map-file=Instances/maps/empty-32-32.map --scen-file=Instances/scenarios/empty-32-32/empty-32-32-condensed-1.scen --agents=35 C:\Users\Keerthan Shetty\OneDrive - KNIME AG\Desktop\Python\ASP\cmapf\Code\scripts\encodings\encoding_base.lp C:\Users\Keerthan Shetty\OneDrive - KNIME AG\Desktop\Python\ASP\cmapf\Code\scripts\encodings\heuristics_a.lp C:\Users\Keerthan Shetty\OneDrive - KNIME AG\Desktop\Python\ASP\cmapf\Code\Instances/Processed/empty-32-32/empty-32-32-condensed-1/priority1-static.lp --heuristic=domain --horizon=11 --stats
 delta/horizon : 11, time_spent : 0.44
Running command: C:\Users\Keerthan Shetty\OneDrive - KNIME AG\Desktop\Python\ASP\cmapf\camp\Scripts\python.exe C:\Users\Keerthan Shetty\OneDrive - KNIME AG\Desktop\Python\ASP\cmapf\Code\scripts\MAPF_with_priority.py --heuristic-strategy=A --map-file=Instances/maps/empty-32-32.map --scen-file=Instances/scenarios/empty-32-32/empty-32-32-condensed-1.scen --agents=35 C:\Users\Keerthan Shetty\OneDrive - KNIME AG\Desktop\Python\ASP\cmapf\Code\scripts\encodings\encoding_base.lp C:\Users\Keerthan Shetty\OneDrive - KNIME AG\Desktop\Python\ASP\cmapf\Code\scripts\encodings\heuristics_a.lp C:\Users\Keerthan Shetty\OneDrive - KNIME AG\Desktop\Python\ASP\cmapf\Code\Instances/Processed/empty-32-32/empty-32-32-condensed-1/priority1-static.lp --heuristic=domain --horizon=12 --stats
delta/horizon : 12, time : 1.46 (solution found)
Running with 40 agents
Agents: 40, Heuristic: A
Running command: C:\Users\Keerthan Shetty\OneDrive - KNIME AG\Desktop\Python\ASP\cmapf\camp\Scripts\python.exe C:\Users\Keerthan Shetty\OneDrive - KNIME AG\Desktop\Python\ASP\cmapf\Code\scripts\MAPF_with_priority.py --heuristic-strategy=A --map-file=Instances/maps/empty-32-32.map --scen-file=Instances/scenarios/empty-32-32/empty-32-32-condensed-1.scen --agents=40 C:\Users\Keerthan Shetty\OneDrive - KNIME AG\Desktop\Python\ASP\cmapf\Code\scripts\encodings\encoding_base.lp C:\Users\Keerthan Shetty\OneDrive - KNIME AG\Desktop\Python\ASP\cmapf\Code\scripts\encodings\heuristics_a.lp C:\Users\Keerthan Shetty\OneDrive - KNIME AG\Desktop\Python\ASP\cmapf\Code\Instances/Processed/empty-32-32/empty-32-32-condensed-1/priority1-static.lp --heuristic=domain --horizon=10 --stats
 delta/horizon : 10, time_spent : 0.40
Running command: C:\Users\Keerthan Shetty\OneDrive - KNIME AG\Desktop\Python\ASP\cmapf\camp\Scripts\python.exe C:\Users\Keerthan Shetty\OneDrive - KNIME AG\Desktop\Python\ASP\cmapf\Code\scripts\MAPF_with_priority.py --heuristic-strategy=A --map-file=Instances/maps/empty-32-32.map --scen-file=Instances/scenarios/empty-32-32/empty-32-32-condensed-1.scen --agents=40 C:\Users\Keerthan Shetty\OneDrive - KNIME AG\Desktop\Python\ASP\cmapf\Code\scripts\encodings\encoding_base.lp C:\Users\Keerthan Shetty\OneDrive - KNIME AG\Desktop\Python\ASP\cmapf\Code\scripts\encodings\heuristics_a.lp C:\Users\Keerthan Shetty\OneDrive - KNIME AG\Desktop\Python\ASP\cmapf\Code\Instances/Processed/empty-32-32/empty-32-32-condensed-1/priority1-static.lp --heuristic=domain --horizon=11 --stats
 delta/horizon : 11, time_spent : 0.40
Running command: C:\Users\Keerthan Shetty\OneDrive - KNIME AG\Desktop\Python\ASP\cmapf\camp\Scripts\python.exe C:\Users\Keerthan Shetty\OneDrive - KNIME AG\Desktop\Python\ASP\cmapf\Code\scripts\MAPF_with_priority.py --heuristic-strategy=A --map-file=Instances/maps/empty-32-32.map --scen-file=Instances/scenarios/empty-32-32/empty-32-32-condensed-1.scen --agents=40 C:\Users\Keerthan Shetty\OneDrive - KNIME AG\Desktop\Python\ASP\cmapf\Code\scripts\encodings\encoding_base.lp C:\Users\Keerthan Shetty\OneDrive - KNIME AG\Desktop\Python\ASP\cmapf\Code\scripts\encodings\heuristics_a.lp C:\Users\Keerthan Shetty\OneDrive - KNIME AG\Desktop\Python\ASP\cmapf\Code\Instances/Processed/empty-32-32/empty-32-32-condensed-1/priority1-static.lp --heuristic=domain --horizon=12 --stats
delta/horizon : 12, time : 1.46 (solution found)
Running with 45 agents
Agents: 45, Heuristic: A
Running command: C:\Users\Keerthan Shetty\OneDrive - KNIME AG\Desktop\Python\ASP\cmapf\camp\Scripts\python.exe C:\Users\Keerthan Shetty\OneDrive - KNIME AG\Desktop\Python\ASP\cmapf\Code\scripts\MAPF_with_priority.py --heuristic-strategy=A --map-file=Instances/maps/empty-32-32.map --scen-file=Instances/scenarios/empty-32-32/empty-32-32-condensed-1.scen --agents=45 C:\Users\Keerthan Shetty\OneDrive - KNIME AG\Desktop\Python\ASP\cmapf\Code\scripts\encodings\encoding_base.lp C:\Users\Keerthan Shetty\OneDrive - KNIME AG\Desktop\Python\ASP\cmapf\Code\scripts\encodings\heuristics_a.lp C:\Users\Keerthan Shetty\OneDrive - KNIME AG\Desktop\Python\ASP\cmapf\Code\Instances/Processed/empty-32-32/empty-32-32-condensed-1/priority1-static.lp --heuristic=domain --horizon=10 --stats
 delta/horizon : 10, time_spent : 0.58
Running command: C:\Users\Keerthan Shetty\OneDrive - KNIME AG\Desktop\Python\ASP\cmapf\camp\Scripts\python.exe C:\Users\Keerthan Shetty\OneDrive - KNIME AG\Desktop\Python\ASP\cmapf\Code\scripts\MAPF_with_priority.py --heuristic-strategy=A --map-file=Instances/maps/empty-32-32.map --scen-file=Instances/scenarios/empty-32-32/empty-32-32-condensed-1.scen --agents=45 C:\Users\Keerthan Shetty\OneDrive - KNIME AG\Desktop\Python\ASP\cmapf\Code\scripts\encodings\encoding_base.lp C:\Users\Keerthan Shetty\OneDrive - KNIME AG\Desktop\Python\ASP\cmapf\Code\scripts\encodings\heuristics_a.lp C:\Users\Keerthan Shetty\OneDrive - KNIME AG\Desktop\Python\ASP\cmapf\Code\Instances/Processed/empty-32-32/empty-32-32-condensed-1/priority1-static.lp --heuristic=domain --horizon=11 --stats
 delta/horizon : 11, time_spent : 0.56
Running command: C:\Users\Keerthan Shetty\OneDrive - KNIME AG\Desktop\Python\ASP\cmapf\camp\Scripts\python.exe C:\Users\Keerthan Shetty\OneDrive - KNIME AG\Desktop\Python\ASP\cmapf\Code\scripts\MAPF_with_priority.py --heuristic-strategy=A --map-file=Instances/maps/empty-32-32.map --scen-file=Instances/scenarios/empty-32-32/empty-32-32-condensed-1.scen --agents=45 C:\Users\Keerthan Shetty\OneDrive - KNIME AG\Desktop\Python\ASP\cmapf\Code\scripts\encodings\encoding_base.lp C:\Users\Keerthan Shetty\OneDrive - KNIME AG\Desktop\Python\ASP\cmapf\Code\scripts\encodings\heuristics_a.lp C:\Users\Keerthan Shetty\OneDrive - KNIME AG\Desktop\Python\ASP\cmapf\Code\Instances/Processed/empty-32-32/empty-32-32-condensed-1/priority1-static.lp --heuristic=domain --horizon=12 --stats
delta/horizon : 12, time : 1.82 (solution found)
Running with 50 agents
Agents: 50, Heuristic: A
Running command: C:\Users\Keerthan Shetty\OneDrive - KNIME AG\Desktop\Python\ASP\cmapf\camp\Scripts\python.exe C:\Users\Keerthan Shetty\OneDrive - KNIME AG\Desktop\Python\ASP\cmapf\Code\scripts\MAPF_with_priority.py --heuristic-strategy=A --map-file=Instances/maps/empty-32-32.map --scen-file=Instances/scenarios/empty-32-32/empty-32-32-condensed-1.scen --agents=50 C:\Users\Keerthan Shetty\OneDrive - KNIME AG\Desktop\Python\ASP\cmapf\Code\scripts\encodings\encoding_base.lp C:\Users\Keerthan Shetty\OneDrive - KNIME AG\Desktop\Python\ASP\cmapf\Code\scripts\encodings\heuristics_a.lp C:\Users\Keerthan Shetty\OneDrive - KNIME AG\Desktop\Python\ASP\cmapf\Code\Instances/Processed/empty-32-32/empty-32-32-condensed-1/priority1-static.lp --heuristic=domain --horizon=10 --stats
 delta/horizon : 10, time_spent : 0.41
Running command: C:\Users\Keerthan Shetty\OneDrive - KNIME AG\Desktop\Python\ASP\cmapf\camp\Scripts\python.exe C:\Users\Keerthan Shetty\OneDrive - KNIME AG\Desktop\Python\ASP\cmapf\Code\scripts\MAPF_with_priority.py --heuristic-strategy=A --map-file=Instances/maps/empty-32-32.map --scen-file=Instances/scenarios/empty-32-32/empty-32-32-condensed-1.scen --agents=50 C:\Users\Keerthan Shetty\OneDrive - KNIME AG\Desktop\Python\ASP\cmapf\Code\scripts\encodings\encoding_base.lp C:\Users\Keerthan Shetty\OneDrive - KNIME AG\Desktop\Python\ASP\cmapf\Code\scripts\encodings\heuristics_a.lp C:\Users\Keerthan Shetty\OneDrive - KNIME AG\Desktop\Python\ASP\cmapf\Code\Instances/Processed/empty-32-32/empty-32-32-condensed-1/priority1-static.lp --heuristic=domain --horizon=11 --stats
 delta/horizon : 11, time_spent : 0.48
Running command: C:\Users\Keerthan Shetty\OneDrive - KNIME AG\Desktop\Python\ASP\cmapf\camp\Scripts\python.exe C:\Users\Keerthan Shetty\OneDrive - KNIME AG\Desktop\Python\ASP\cmapf\Code\scripts\MAPF_with_priority.py --heuristic-strategy=A --map-file=Instances/maps/empty-32-32.map --scen-file=Instances/scenarios/empty-32-32/empty-32-32-condensed-1.scen --agents=50 C:\Users\Keerthan Shetty\OneDrive - KNIME AG\Desktop\Python\ASP\cmapf\Code\scripts\encodings\encoding_base.lp C:\Users\Keerthan Shetty\OneDrive - KNIME AG\Desktop\Python\ASP\cmapf\Code\scripts\encodings\heuristics_a.lp C:\Users\Keerthan Shetty\OneDrive - KNIME AG\Desktop\Python\ASP\cmapf\Code\Instances/Processed/empty-32-32/empty-32-32-condensed-1/priority1-static.lp --heuristic=domain --horizon=12 --stats
delta/horizon : 12, time : 1.64 (solution found)
Running with 55 agents
Agents: 55, Heuristic: A
Running command: C:\Users\Keerthan Shetty\OneDrive - KNIME AG\Desktop\Python\ASP\cmapf\camp\Scripts\python.exe C:\Users\Keerthan Shetty\OneDrive - KNIME AG\Desktop\Python\ASP\cmapf\Code\scripts\MAPF_with_priority.py --heuristic-strategy=A --map-file=Instances/maps/empty-32-32.map --scen-file=Instances/scenarios/empty-32-32/empty-32-32-condensed-1.scen --agents=55 C:\Users\Keerthan Shetty\OneDrive - KNIME AG\Desktop\Python\ASP\cmapf\Code\scripts\encodings\encoding_base.lp C:\Users\Keerthan Shetty\OneDrive - KNIME AG\Desktop\Python\ASP\cmapf\Code\scripts\encodings\heuristics_a.lp C:\Users\Keerthan Shetty\OneDrive - KNIME AG\Desktop\Python\ASP\cmapf\Code\Instances/Processed/empty-32-32/empty-32-32-condensed-1/priority1-static.lp --heuristic=domain --horizon=10 --stats
 delta/horizon : 10, time_spent : 0.40
Running command: C:\Users\Keerthan Shetty\OneDrive - KNIME AG\Desktop\Python\ASP\cmapf\camp\Scripts\python.exe C:\Users\Keerthan Shetty\OneDrive - KNIME AG\Desktop\Python\ASP\cmapf\Code\scripts\MAPF_with_priority.py --heuristic-strategy=A --map-file=Instances/maps/empty-32-32.map --scen-file=Instances/scenarios/empty-32-32/empty-32-32-condensed-1.scen --agents=55 C:\Users\Keerthan Shetty\OneDrive - KNIME AG\Desktop\Python\ASP\cmapf\Code\scripts\encodings\encoding_base.lp C:\Users\Keerthan Shetty\OneDrive - KNIME AG\Desktop\Python\ASP\cmapf\Code\scripts\encodings\heuristics_a.lp C:\Users\Keerthan Shetty\OneDrive - KNIME AG\Desktop\Python\ASP\cmapf\Code\Instances/Processed/empty-32-32/empty-32-32-condensed-1/priority1-static.lp --heuristic=domain --horizon=11 --stats
 delta/horizon : 11, time_spent : 0.49
Running command: C:\Users\Keerthan Shetty\OneDrive - KNIME AG\Desktop\Python\ASP\cmapf\camp\Scripts\python.exe C:\Users\Keerthan Shetty\OneDrive - KNIME AG\Desktop\Python\ASP\cmapf\Code\scripts\MAPF_with_priority.py --heuristic-strategy=A --map-file=Instances/maps/empty-32-32.map --scen-file=Instances/scenarios/empty-32-32/empty-32-32-condensed-1.scen --agents=55 C:\Users\Keerthan Shetty\OneDrive - KNIME AG\Desktop\Python\ASP\cmapf\Code\scripts\encodings\encoding_base.lp C:\Users\Keerthan Shetty\OneDrive - KNIME AG\Desktop\Python\ASP\cmapf\Code\scripts\encodings\heuristics_a.lp C:\Users\Keerthan Shetty\OneDrive - KNIME AG\Desktop\Python\ASP\cmapf\Code\Instances/Processed/empty-32-32/empty-32-32-condensed-1/priority1-static.lp --heuristic=domain --horizon=12 --stats
delta/horizon : 12, time : 1.64 (solution found)
Running with 60 agents
Agents: 60, Heuristic: A
Running command: C:\Users\Keerthan Shetty\OneDrive - KNIME AG\Desktop\Python\ASP\cmapf\camp\Scripts\python.exe C:\Users\Keerthan Shetty\OneDrive - KNIME AG\Desktop\Python\ASP\cmapf\Code\scripts\MAPF_with_priority.py --heuristic-strategy=A --map-file=Instances/maps/empty-32-32.map --scen-file=Instances/scenarios/empty-32-32/empty-32-32-condensed-1.scen --agents=60 C:\Users\Keerthan Shetty\OneDrive - KNIME AG\Desktop\Python\ASP\cmapf\Code\scripts\encodings\encoding_base.lp C:\Users\Keerthan Shetty\OneDrive - KNIME AG\Desktop\Python\ASP\cmapf\Code\scripts\encodings\heuristics_a.lp C:\Users\Keerthan Shetty\OneDrive - KNIME AG\Desktop\Python\ASP\cmapf\Code\Instances/Processed/empty-32-32/empty-32-32-condensed-1/priority1-static.lp --heuristic=domain --horizon=10 --stats
 delta/horizon : 10, time_spent : 0.47
Running command: C:\Users\Keerthan Shetty\OneDrive - KNIME AG\Desktop\Python\ASP\cmapf\camp\Scripts\python.exe C:\Users\Keerthan Shetty\OneDrive - KNIME AG\Desktop\Python\ASP\cmapf\Code\scripts\MAPF_with_priority.py --heuristic-strategy=A --map-file=Instances/maps/empty-32-32.map --scen-file=Instances/scenarios/empty-32-32/empty-32-32-condensed-1.scen --agents=60 C:\Users\Keerthan Shetty\OneDrive - KNIME AG\Desktop\Python\ASP\cmapf\Code\scripts\encodings\encoding_base.lp C:\Users\Keerthan Shetty\OneDrive - KNIME AG\Desktop\Python\ASP\cmapf\Code\scripts\encodings\heuristics_a.lp C:\Users\Keerthan Shetty\OneDrive - KNIME AG\Desktop\Python\ASP\cmapf\Code\Instances/Processed/empty-32-32/empty-32-32-condensed-1/priority1-static.lp --heuristic=domain --horizon=11 --stats
 delta/horizon : 11, time_spent : 0.62
Running command: C:\Users\Keerthan Shetty\OneDrive - KNIME AG\Desktop\Python\ASP\cmapf\camp\Scripts\python.exe C:\Users\Keerthan Shetty\OneDrive - KNIME AG\Desktop\Python\ASP\cmapf\Code\scripts\MAPF_with_priority.py --heuristic-strategy=A --map-file=Instances/maps/empty-32-32.map --scen-file=Instances/scenarios/empty-32-32/empty-32-32-condensed-1.scen --agents=60 C:\Users\Keerthan Shetty\OneDrive - KNIME AG\Desktop\Python\ASP\cmapf\Code\scripts\encodings\encoding_base.lp C:\Users\Keerthan Shetty\OneDrive - KNIME AG\Desktop\Python\ASP\cmapf\Code\scripts\encodings\heuristics_a.lp C:\Users\Keerthan Shetty\OneDrive - KNIME AG\Desktop\Python\ASP\cmapf\Code\Instances/Processed/empty-32-32/empty-32-32-condensed-1/priority1-static.lp --heuristic=domain --horizon=12 --stats
delta/horizon : 12, time : 2.08 (solution found)
Running with 65 agents
Agents: 65, Heuristic: A
Running command: C:\Users\Keerthan Shetty\OneDrive - KNIME AG\Desktop\Python\ASP\cmapf\camp\Scripts\python.exe C:\Users\Keerthan Shetty\OneDrive - KNIME AG\Desktop\Python\ASP\cmapf\Code\scripts\MAPF_with_priority.py --heuristic-strategy=A --map-file=Instances/maps/empty-32-32.map --scen-file=Instances/scenarios/empty-32-32/empty-32-32-condensed-1.scen --agents=65 C:\Users\Keerthan Shetty\OneDrive - KNIME AG\Desktop\Python\ASP\cmapf\Code\scripts\encodings\encoding_base.lp C:\Users\Keerthan Shetty\OneDrive - KNIME AG\Desktop\Python\ASP\cmapf\Code\scripts\encodings\heuristics_a.lp C:\Users\Keerthan Shetty\OneDrive - KNIME AG\Desktop\Python\ASP\cmapf\Code\Instances/Processed/empty-32-32/empty-32-32-condensed-1/priority1-static.lp --heuristic=domain --horizon=10 --stats
 delta/horizon : 10, time_spent : 0.44
Running command: C:\Users\Keerthan Shetty\OneDrive - KNIME AG\Desktop\Python\ASP\cmapf\camp\Scripts\python.exe C:\Users\Keerthan Shetty\OneDrive - KNIME AG\Desktop\Python\ASP\cmapf\Code\scripts\MAPF_with_priority.py --heuristic-strategy=A --map-file=Instances/maps/empty-32-32.map --scen-file=Instances/scenarios/empty-32-32/empty-32-32-condensed-1.scen --agents=65 C:\Users\Keerthan Shetty\OneDrive - KNIME AG\Desktop\Python\ASP\cmapf\Code\scripts\encodings\encoding_base.lp C:\Users\Keerthan Shetty\OneDrive - KNIME AG\Desktop\Python\ASP\cmapf\Code\scripts\encodings\heuristics_a.lp C:\Users\Keerthan Shetty\OneDrive - KNIME AG\Desktop\Python\ASP\cmapf\Code\Instances/Processed/empty-32-32/empty-32-32-condensed-1/priority1-static.lp --heuristic=domain --horizon=11 --stats
 delta/horizon : 11, time_spent : 0.58
Running command: C:\Users\Keerthan Shetty\OneDrive - KNIME AG\Desktop\Python\ASP\cmapf\camp\Scripts\python.exe C:\Users\Keerthan Shetty\OneDrive - KNIME AG\Desktop\Python\ASP\cmapf\Code\scripts\MAPF_with_priority.py --heuristic-strategy=A --map-file=Instances/maps/empty-32-32.map --scen-file=Instances/scenarios/empty-32-32/empty-32-32-condensed-1.scen --agents=65 C:\Users\Keerthan Shetty\OneDrive - KNIME AG\Desktop\Python\ASP\cmapf\Code\scripts\encodings\encoding_base.lp C:\Users\Keerthan Shetty\OneDrive - KNIME AG\Desktop\Python\ASP\cmapf\Code\scripts\encodings\heuristics_a.lp C:\Users\Keerthan Shetty\OneDrive - KNIME AG\Desktop\Python\ASP\cmapf\Code\Instances/Processed/empty-32-32/empty-32-32-condensed-1/priority1-static.lp --heuristic=domain --horizon=12 --stats
delta/horizon : 12, time : 1.93 (solution found)
Running with 70 agents
Agents: 70, Heuristic: A
Running command: C:\Users\Keerthan Shetty\OneDrive - KNIME AG\Desktop\Python\ASP\cmapf\camp\Scripts\python.exe C:\Users\Keerthan Shetty\OneDrive - KNIME AG\Desktop\Python\ASP\cmapf\Code\scripts\MAPF_with_priority.py --heuristic-strategy=A --map-file=Instances/maps/empty-32-32.map --scen-file=Instances/scenarios/empty-32-32/empty-32-32-condensed-1.scen --agents=70 C:\Users\Keerthan Shetty\OneDrive - KNIME AG\Desktop\Python\ASP\cmapf\Code\scripts\encodings\encoding_base.lp C:\Users\Keerthan Shetty\OneDrive - KNIME AG\Desktop\Python\ASP\cmapf\Code\scripts\encodings\heuristics_a.lp C:\Users\Keerthan Shetty\OneDrive - KNIME AG\Desktop\Python\ASP\cmapf\Code\Instances/Processed/empty-32-32/empty-32-32-condensed-1/priority1-static.lp --heuristic=domain --horizon=10 --stats
 delta/horizon : 10, time_spent : 0.43
Running command: C:\Users\Keerthan Shetty\OneDrive - KNIME AG\Desktop\Python\ASP\cmapf\camp\Scripts\python.exe C:\Users\Keerthan Shetty\OneDrive - KNIME AG\Desktop\Python\ASP\cmapf\Code\scripts\MAPF_with_priority.py --heuristic-strategy=A --map-file=Instances/maps/empty-32-32.map --scen-file=Instances/scenarios/empty-32-32/empty-32-32-condensed-1.scen --agents=70 C:\Users\Keerthan Shetty\OneDrive - KNIME AG\Desktop\Python\ASP\cmapf\Code\scripts\encodings\encoding_base.lp C:\Users\Keerthan Shetty\OneDrive - KNIME AG\Desktop\Python\ASP\cmapf\Code\scripts\encodings\heuristics_a.lp C:\Users\Keerthan Shetty\OneDrive - KNIME AG\Desktop\Python\ASP\cmapf\Code\Instances/Processed/empty-32-32/empty-32-32-condensed-1/priority1-static.lp --heuristic=domain --horizon=11 --stats
 delta/horizon : 11, time_spent : 0.60
Running command: C:\Users\Keerthan Shetty\OneDrive - KNIME AG\Desktop\Python\ASP\cmapf\camp\Scripts\python.exe C:\Users\Keerthan Shetty\OneDrive - KNIME AG\Desktop\Python\ASP\cmapf\Code\scripts\MAPF_with_priority.py --heuristic-strategy=A --map-file=Instances/maps/empty-32-32.map --scen-file=Instances/scenarios/empty-32-32/empty-32-32-condensed-1.scen --agents=70 C:\Users\Keerthan Shetty\OneDrive - KNIME AG\Desktop\Python\ASP\cmapf\Code\scripts\encodings\encoding_base.lp C:\Users\Keerthan Shetty\OneDrive - KNIME AG\Desktop\Python\ASP\cmapf\Code\scripts\encodings\heuristics_a.lp C:\Users\Keerthan Shetty\OneDrive - KNIME AG\Desktop\Python\ASP\cmapf\Code\Instances/Processed/empty-32-32/empty-32-32-condensed-1/priority1-static.lp --heuristic=domain --horizon=12 --stats
delta/horizon : 12, time : 2.03 (solution found)
Running with 75 agents
Agents: 75, Heuristic: A
Running command: C:\Users\Keerthan Shetty\OneDrive - KNIME AG\Desktop\Python\ASP\cmapf\camp\Scripts\python.exe C:\Users\Keerthan Shetty\OneDrive - KNIME AG\Desktop\Python\ASP\cmapf\Code\scripts\MAPF_with_priority.py --heuristic-strategy=A --map-file=Instances/maps/empty-32-32.map --scen-file=Instances/scenarios/empty-32-32/empty-32-32-condensed-1.scen --agents=75 C:\Users\Keerthan Shetty\OneDrive - KNIME AG\Desktop\Python\ASP\cmapf\Code\scripts\encodings\encoding_base.lp C:\Users\Keerthan Shetty\OneDrive - KNIME AG\Desktop\Python\ASP\cmapf\Code\scripts\encodings\heuristics_a.lp C:\Users\Keerthan Shetty\OneDrive - KNIME AG\Desktop\Python\ASP\cmapf\Code\Instances/Processed/empty-32-32/empty-32-32-condensed-1/priority1-static.lp --heuristic=domain --horizon=10 --stats
 delta/horizon : 10, time_spent : 0.45
Running command: C:\Users\Keerthan Shetty\OneDrive - KNIME AG\Desktop\Python\ASP\cmapf\camp\Scripts\python.exe C:\Users\Keerthan Shetty\OneDrive - KNIME AG\Desktop\Python\ASP\cmapf\Code\scripts\MAPF_with_priority.py --heuristic-strategy=A --map-file=Instances/maps/empty-32-32.map --scen-file=Instances/scenarios/empty-32-32/empty-32-32-condensed-1.scen --agents=75 C:\Users\Keerthan Shetty\OneDrive - KNIME AG\Desktop\Python\ASP\cmapf\Code\scripts\encodings\encoding_base.lp C:\Users\Keerthan Shetty\OneDrive - KNIME AG\Desktop\Python\ASP\cmapf\Code\scripts\encodings\heuristics_a.lp C:\Users\Keerthan Shetty\OneDrive - KNIME AG\Desktop\Python\ASP\cmapf\Code\Instances/Processed/empty-32-32/empty-32-32-condensed-1/priority1-static.lp --heuristic=domain --horizon=11 --stats
 delta/horizon : 11, time_spent : 0.59
Running command: C:\Users\Keerthan Shetty\OneDrive - KNIME AG\Desktop\Python\ASP\cmapf\camp\Scripts\python.exe C:\Users\Keerthan Shetty\OneDrive - KNIME AG\Desktop\Python\ASP\cmapf\Code\scripts\MAPF_with_priority.py --heuristic-strategy=A --map-file=Instances/maps/empty-32-32.map --scen-file=Instances/scenarios/empty-32-32/empty-32-32-condensed-1.scen --agents=75 C:\Users\Keerthan Shetty\OneDrive - KNIME AG\Desktop\Python\ASP\cmapf\Code\scripts\encodings\encoding_base.lp C:\Users\Keerthan Shetty\OneDrive - KNIME AG\Desktop\Python\ASP\cmapf\Code\scripts\encodings\heuristics_a.lp C:\Users\Keerthan Shetty\OneDrive - KNIME AG\Desktop\Python\ASP\cmapf\Code\Instances/Processed/empty-32-32/empty-32-32-condensed-1/priority1-static.lp --heuristic=domain --horizon=12 --stats
delta/horizon : 12, time : 2.05 (solution found)
Running with 80 agents
Agents: 80, Heuristic: A
Running command: C:\Users\Keerthan Shetty\OneDrive - KNIME AG\Desktop\Python\ASP\cmapf\camp\Scripts\python.exe C:\Users\Keerthan Shetty\OneDrive - KNIME AG\Desktop\Python\ASP\cmapf\Code\scripts\MAPF_with_priority.py --heuristic-strategy=A --map-file=Instances/maps/empty-32-32.map --scen-file=Instances/scenarios/empty-32-32/empty-32-32-condensed-1.scen --agents=80 C:\Users\Keerthan Shetty\OneDrive - KNIME AG\Desktop\Python\ASP\cmapf\Code\scripts\encodings\encoding_base.lp C:\Users\Keerthan Shetty\OneDrive - KNIME AG\Desktop\Python\ASP\cmapf\Code\scripts\encodings\heuristics_a.lp C:\Users\Keerthan Shetty\OneDrive - KNIME AG\Desktop\Python\ASP\cmapf\Code\Instances/Processed/empty-32-32/empty-32-32-condensed-1/priority1-static.lp --heuristic=domain --horizon=10 --stats
 delta/horizon : 10, time_spent : 0.44
Running command: C:\Users\Keerthan Shetty\OneDrive - KNIME AG\Desktop\Python\ASP\cmapf\camp\Scripts\python.exe C:\Users\Keerthan Shetty\OneDrive - KNIME AG\Desktop\Python\ASP\cmapf\Code\scripts\MAPF_with_priority.py --heuristic-strategy=A --map-file=Instances/maps/empty-32-32.map --scen-file=Instances/scenarios/empty-32-32/empty-32-32-condensed-1.scen --agents=80 C:\Users\Keerthan Shetty\OneDrive - KNIME AG\Desktop\Python\ASP\cmapf\Code\scripts\encodings\encoding_base.lp C:\Users\Keerthan Shetty\OneDrive - KNIME AG\Desktop\Python\ASP\cmapf\Code\scripts\encodings\heuristics_a.lp C:\Users\Keerthan Shetty\OneDrive - KNIME AG\Desktop\Python\ASP\cmapf\Code\Instances/Processed/empty-32-32/empty-32-32-condensed-1/priority1-static.lp --heuristic=domain --horizon=11 --stats
 delta/horizon : 11, time_spent : 0.55
Running command: C:\Users\Keerthan Shetty\OneDrive - KNIME AG\Desktop\Python\ASP\cmapf\camp\Scripts\python.exe C:\Users\Keerthan Shetty\OneDrive - KNIME AG\Desktop\Python\ASP\cmapf\Code\scripts\MAPF_with_priority.py --heuristic-strategy=A --map-file=Instances/maps/empty-32-32.map --scen-file=Instances/scenarios/empty-32-32/empty-32-32-condensed-1.scen --agents=80 C:\Users\Keerthan Shetty\OneDrive - KNIME AG\Desktop\Python\ASP\cmapf\Code\scripts\encodings\encoding_base.lp C:\Users\Keerthan Shetty\OneDrive - KNIME AG\Desktop\Python\ASP\cmapf\Code\scripts\encodings\heuristics_a.lp C:\Users\Keerthan Shetty\OneDrive - KNIME AG\Desktop\Python\ASP\cmapf\Code\Instances/Processed/empty-32-32/empty-32-32-condensed-1/priority1-static.lp --heuristic=domain --horizon=12 --stats
delta/horizon : 12, time : 1.96 (solution found)
Running with 85 agents
Agents: 85, Heuristic: A
Running command: C:\Users\Keerthan Shetty\OneDrive - KNIME AG\Desktop\Python\ASP\cmapf\camp\Scripts\python.exe C:\Users\Keerthan Shetty\OneDrive - KNIME AG\Desktop\Python\ASP\cmapf\Code\scripts\MAPF_with_priority.py --heuristic-strategy=A --map-file=Instances/maps/empty-32-32.map --scen-file=Instances/scenarios/empty-32-32/empty-32-32-condensed-1.scen --agents=85 C:\Users\Keerthan Shetty\OneDrive - KNIME AG\Desktop\Python\ASP\cmapf\Code\scripts\encodings\encoding_base.lp C:\Users\Keerthan Shetty\OneDrive - KNIME AG\Desktop\Python\ASP\cmapf\Code\scripts\encodings\heuristics_a.lp C:\Users\Keerthan Shetty\OneDrive - KNIME AG\Desktop\Python\ASP\cmapf\Code\Instances/Processed/empty-32-32/empty-32-32-condensed-1/priority1-static.lp --heuristic=domain --horizon=10 --stats
 delta/horizon : 10, time_spent : 0.47
Running command: C:\Users\Keerthan Shetty\OneDrive - KNIME AG\Desktop\Python\ASP\cmapf\camp\Scripts\python.exe C:\Users\Keerthan Shetty\OneDrive - KNIME AG\Desktop\Python\ASP\cmapf\Code\scripts\MAPF_with_priority.py --heuristic-strategy=A --map-file=Instances/maps/empty-32-32.map --scen-file=Instances/scenarios/empty-32-32/empty-32-32-condensed-1.scen --agents=85 C:\Users\Keerthan Shetty\OneDrive - KNIME AG\Desktop\Python\ASP\cmapf\Code\scripts\encodings\encoding_base.lp C:\Users\Keerthan Shetty\OneDrive - KNIME AG\Desktop\Python\ASP\cmapf\Code\scripts\encodings\heuristics_a.lp C:\Users\Keerthan Shetty\OneDrive - KNIME AG\Desktop\Python\ASP\cmapf\Code\Instances/Processed/empty-32-32/empty-32-32-condensed-1/priority1-static.lp --heuristic=domain --horizon=11 --stats
 delta/horizon : 11, time_spent : 0.69
Running command: C:\Users\Keerthan Shetty\OneDrive - KNIME AG\Desktop\Python\ASP\cmapf\camp\Scripts\python.exe C:\Users\Keerthan Shetty\OneDrive - KNIME AG\Desktop\Python\ASP\cmapf\Code\scripts\MAPF_with_priority.py --heuristic-strategy=A --map-file=Instances/maps/empty-32-32.map --scen-file=Instances/scenarios/empty-32-32/empty-32-32-condensed-1.scen --agents=85 C:\Users\Keerthan Shetty\OneDrive - KNIME AG\Desktop\Python\ASP\cmapf\Code\scripts\encodings\encoding_base.lp C:\Users\Keerthan Shetty\OneDrive - KNIME AG\Desktop\Python\ASP\cmapf\Code\scripts\encodings\heuristics_a.lp C:\Users\Keerthan Shetty\OneDrive - KNIME AG\Desktop\Python\ASP\cmapf\Code\Instances/Processed/empty-32-32/empty-32-32-condensed-1/priority1-static.lp --heuristic=domain --horizon=12 --stats
delta/horizon : 12, time : 2.20 (solution found)
Running with 90 agents
Agents: 90, Heuristic: A
Running command: C:\Users\Keerthan Shetty\OneDrive - KNIME AG\Desktop\Python\ASP\cmapf\camp\Scripts\python.exe C:\Users\Keerthan Shetty\OneDrive - KNIME AG\Desktop\Python\ASP\cmapf\Code\scripts\MAPF_with_priority.py --heuristic-strategy=A --map-file=Instances/maps/empty-32-32.map --scen-file=Instances/scenarios/empty-32-32/empty-32-32-condensed-1.scen --agents=90 C:\Users\Keerthan Shetty\OneDrive - KNIME AG\Desktop\Python\ASP\cmapf\Code\scripts\encodings\encoding_base.lp C:\Users\Keerthan Shetty\OneDrive - KNIME AG\Desktop\Python\ASP\cmapf\Code\scripts\encodings\heuristics_a.lp C:\Users\Keerthan Shetty\OneDrive - KNIME AG\Desktop\Python\ASP\cmapf\Code\Instances/Processed/empty-32-32/empty-32-32-condensed-1/priority1-static.lp --heuristic=domain --horizon=10 --stats
 delta/horizon : 10, time_spent : 0.47
Running command: C:\Users\Keerthan Shetty\OneDrive - KNIME AG\Desktop\Python\ASP\cmapf\camp\Scripts\python.exe C:\Users\Keerthan Shetty\OneDrive - KNIME AG\Desktop\Python\ASP\cmapf\Code\scripts\MAPF_with_priority.py --heuristic-strategy=A --map-file=Instances/maps/empty-32-32.map --scen-file=Instances/scenarios/empty-32-32/empty-32-32-condensed-1.scen --agents=90 C:\Users\Keerthan Shetty\OneDrive - KNIME AG\Desktop\Python\ASP\cmapf\Code\scripts\encodings\encoding_base.lp C:\Users\Keerthan Shetty\OneDrive - KNIME AG\Desktop\Python\ASP\cmapf\Code\scripts\encodings\heuristics_a.lp C:\Users\Keerthan Shetty\OneDrive - KNIME AG\Desktop\Python\ASP\cmapf\Code\Instances/Processed/empty-32-32/empty-32-32-condensed-1/priority1-static.lp --heuristic=domain --horizon=11 --stats
 delta/horizon : 11, time_spent : 0.70
Running command: C:\Users\Keerthan Shetty\OneDrive - KNIME AG\Desktop\Python\ASP\cmapf\camp\Scripts\python.exe C:\Users\Keerthan Shetty\OneDrive - KNIME AG\Desktop\Python\ASP\cmapf\Code\scripts\MAPF_with_priority.py --heuristic-strategy=A --map-file=Instances/maps/empty-32-32.map --scen-file=Instances/scenarios/empty-32-32/empty-32-32-condensed-1.scen --agents=90 C:\Users\Keerthan Shetty\OneDrive - KNIME AG\Desktop\Python\ASP\cmapf\Code\scripts\encodings\encoding_base.lp C:\Users\Keerthan Shetty\OneDrive - KNIME AG\Desktop\Python\ASP\cmapf\Code\scripts\encodings\heuristics_a.lp C:\Users\Keerthan Shetty\OneDrive - KNIME AG\Desktop\Python\ASP\cmapf\Code\Instances/Processed/empty-32-32/empty-32-32-condensed-1/priority1-static.lp --heuristic=domain --horizon=12 --stats
delta/horizon : 12, time : 2.41 (solution found)
Running with 95 agents
Agents: 95, Heuristic: A
Running command: C:\Users\Keerthan Shetty\OneDrive - KNIME AG\Desktop\Python\ASP\cmapf\camp\Scripts\python.exe C:\Users\Keerthan Shetty\OneDrive - KNIME AG\Desktop\Python\ASP\cmapf\Code\scripts\MAPF_with_priority.py --heuristic-strategy=A --map-file=Instances/maps/empty-32-32.map --scen-file=Instances/scenarios/empty-32-32/empty-32-32-condensed-1.scen --agents=95 C:\Users\Keerthan Shetty\OneDrive - KNIME AG\Desktop\Python\ASP\cmapf\Code\scripts\encodings\encoding_base.lp C:\Users\Keerthan Shetty\OneDrive - KNIME AG\Desktop\Python\ASP\cmapf\Code\scripts\encodings\heuristics_a.lp C:\Users\Keerthan Shetty\OneDrive - KNIME AG\Desktop\Python\ASP\cmapf\Code\Instances/Processed/empty-32-32/empty-32-32-condensed-1/priority1-static.lp --heuristic=domain --horizon=10 --stats
 delta/horizon : 10, time_spent : 0.60
Running command: C:\Users\Keerthan Shetty\OneDrive - KNIME AG\Desktop\Python\ASP\cmapf\camp\Scripts\python.exe C:\Users\Keerthan Shetty\OneDrive - KNIME AG\Desktop\Python\ASP\cmapf\Code\scripts\MAPF_with_priority.py --heuristic-strategy=A --map-file=Instances/maps/empty-32-32.map --scen-file=Instances/scenarios/empty-32-32/empty-32-32-condensed-1.scen --agents=95 C:\Users\Keerthan Shetty\OneDrive - KNIME AG\Desktop\Python\ASP\cmapf\Code\scripts\encodings\encoding_base.lp C:\Users\Keerthan Shetty\OneDrive - KNIME AG\Desktop\Python\ASP\cmapf\Code\scripts\encodings\heuristics_a.lp C:\Users\Keerthan Shetty\OneDrive - KNIME AG\Desktop\Python\ASP\cmapf\Code\Instances/Processed/empty-32-32/empty-32-32-condensed-1/priority1-static.lp --heuristic=domain --horizon=11 --stats
 delta/horizon : 11, time_spent : 0.75
Running command: C:\Users\Keerthan Shetty\OneDrive - KNIME AG\Desktop\Python\ASP\cmapf\camp\Scripts\python.exe C:\Users\Keerthan Shetty\OneDrive - KNIME AG\Desktop\Python\ASP\cmapf\Code\scripts\MAPF_with_priority.py --heuristic-strategy=A --map-file=Instances/maps/empty-32-32.map --scen-file=Instances/scenarios/empty-32-32/empty-32-32-condensed-1.scen --agents=95 C:\Users\Keerthan Shetty\OneDrive - KNIME AG\Desktop\Python\ASP\cmapf\Code\scripts\encodings\encoding_base.lp C:\Users\Keerthan Shetty\OneDrive - KNIME AG\Desktop\Python\ASP\cmapf\Code\scripts\encodings\heuristics_a.lp C:\Users\Keerthan Shetty\OneDrive - KNIME AG\Desktop\Python\ASP\cmapf\Code\Instances/Processed/empty-32-32/empty-32-32-condensed-1/priority1-static.lp --heuristic=domain --horizon=12 --stats
delta/horizon : 12, time : 2.55 (solution found)
Running with 100 agents
Agents: 100, Heuristic: A
Running command: C:\Users\Keerthan Shetty\OneDrive - KNIME AG\Desktop\Python\ASP\cmapf\camp\Scripts\python.exe C:\Users\Keerthan Shetty\OneDrive - KNIME AG\Desktop\Python\ASP\cmapf\Code\scripts\MAPF_with_priority.py --heuristic-strategy=A --map-file=Instances/maps/empty-32-32.map --scen-file=Instances/scenarios/empty-32-32/empty-32-32-condensed-1.scen --agents=100 C:\Users\Keerthan Shetty\OneDrive - KNIME AG\Desktop\Python\ASP\cmapf\Code\scripts\encodings\encoding_base.lp C:\Users\Keerthan Shetty\OneDrive - KNIME AG\Desktop\Python\ASP\cmapf\Code\scripts\encodings\heuristics_a.lp C:\Users\Keerthan Shetty\OneDrive - KNIME AG\Desktop\Python\ASP\cmapf\Code\Instances/Processed/empty-32-32/empty-32-32-condensed-1/priority1-static.lp --heuristic=domain --horizon=10 --stats
 delta/horizon : 10, time_spent : 0.47
Running command: C:\Users\Keerthan Shetty\OneDrive - KNIME AG\Desktop\Python\ASP\cmapf\camp\Scripts\python.exe C:\Users\Keerthan Shetty\OneDrive - KNIME AG\Desktop\Python\ASP\cmapf\Code\scripts\MAPF_with_priority.py --heuristic-strategy=A --map-file=Instances/maps/empty-32-32.map --scen-file=Instances/scenarios/empty-32-32/empty-32-32-condensed-1.scen --agents=100 C:\Users\Keerthan Shetty\OneDrive - KNIME AG\Desktop\Python\ASP\cmapf\Code\scripts\encodings\encoding_base.lp C:\Users\Keerthan Shetty\OneDrive - KNIME AG\Desktop\Python\ASP\cmapf\Code\scripts\encodings\heuristics_a.lp C:\Users\Keerthan Shetty\OneDrive - KNIME AG\Desktop\Python\ASP\cmapf\Code\Instances/Processed/empty-32-32/empty-32-32-condensed-1/priority1-static.lp --heuristic=domain --horizon=11 --stats
 delta/horizon : 11, time_spent : 0.64
Running command: C:\Users\Keerthan Shetty\OneDrive - KNIME AG\Desktop\Python\ASP\cmapf\camp\Scripts\python.exe C:\Users\Keerthan Shetty\OneDrive - KNIME AG\Desktop\Python\ASP\cmapf\Code\scripts\MAPF_with_priority.py --heuristic-strategy=A --map-file=Instances/maps/empty-32-32.map --scen-file=Instances/scenarios/empty-32-32/empty-32-32-condensed-1.scen --agents=100 C:\Users\Keerthan Shetty\OneDrive - KNIME AG\Desktop\Python\ASP\cmapf\Code\scripts\encodings\encoding_base.lp C:\Users\Keerthan Shetty\OneDrive - KNIME AG\Desktop\Python\ASP\cmapf\Code\scripts\encodings\heuristics_a.lp C:\Users\Keerthan Shetty\OneDrive - KNIME AG\Desktop\Python\ASP\cmapf\Code\Instances/Processed/empty-32-32/empty-32-32-condensed-1/priority1-static.lp --heuristic=domain --horizon=12 --stats
delta/horizon : 12, time : 2.48 (solution found)
Finished processing. Results written to results\makespan\empty-32-32-condensed-1_A_priority1-static.xlsx
