Processing map: Instances/maps/empty-32-32.map, scenario: Instances/scenarios/empty-32-32/empty-32-32-condensed-0.scen with A Heuristics
Running with 5 agents
Agents: 5, Heuristic: A
Running command: C:\Users\Keerthan Shetty\OneDrive - KNIME AG\Desktop\Python\ASP\cmapf\camp\Scripts\python.exe C:\Users\Keerthan Shetty\OneDrive - KNIME AG\Desktop\Python\ASP\cmapf\Code\scripts\MAPF_with_priority.py --heuristic-strategy=A --map-file=Instances/maps/empty-32-32.map --scen-file=Instances/scenarios/empty-32-32/empty-32-32-condensed-0.scen --agents=5 C:\Users\Keerthan Shetty\OneDrive - KNIME AG\Desktop\Python\ASP\cmapf\Code\scripts\encodings\encoding_base.lp C:\Users\Keerthan Shetty\OneDrive - KNIME AG\Desktop\Python\ASP\cmapf\Code\scripts\encodings\heuristics_a.lp C:\Users\Keerthan Shetty\OneDrive - KNIME AG\Desktop\Python\ASP\cmapf\Code\Instances/Processed/empty-32-32/empty-32-32-condensed-0/priority1-static.lp --heuristic=domain --horizon=8 --stats
delta/horizon : 8, time : 0.43 (solution found)
Running with 10 agents
Agents: 10, Heuristic: A
Running command: C:\Users\Keerthan Shetty\OneDrive - KNIME AG\Desktop\Python\ASP\cmapf\camp\Scripts\python.exe C:\Users\Keerthan Shetty\OneDrive - KNIME AG\Desktop\Python\ASP\cmapf\Code\scripts\MAPF_with_priority.py --heuristic-strategy=A --map-file=Instances/maps/empty-32-32.map --scen-file=Instances/scenarios/empty-32-32/empty-32-32-condensed-0.scen --agents=10 C:\Users\Keerthan Shetty\OneDrive - KNIME AG\Desktop\Python\ASP\cmapf\Code\scripts\encodings\encoding_base.lp C:\Users\Keerthan Shetty\OneDrive - KNIME AG\Desktop\Python\ASP\cmapf\Code\scripts\encodings\heuristics_a.lp C:\Users\Keerthan Shetty\OneDrive - KNIME AG\Desktop\Python\ASP\cmapf\Code\Instances/Processed/empty-32-32/empty-32-32-condensed-0/priority1-static.lp --heuristic=domain --horizon=8 --stats
delta/horizon : 8, time : 0.34 (solution found)
Running with 15 agents
Agents: 15, Heuristic: A
Running command: C:\Users\Keerthan Shetty\OneDrive - KNIME AG\Desktop\Python\ASP\cmapf\camp\Scripts\python.exe C:\Users\Keerthan Shetty\OneDrive - KNIME AG\Desktop\Python\ASP\cmapf\Code\scripts\MAPF_with_priority.py --heuristic-strategy=A --map-file=Instances/maps/empty-32-32.map --scen-file=Instances/scenarios/empty-32-32/empty-32-32-condensed-0.scen --agents=15 C:\Users\Keerthan Shetty\OneDrive - KNIME AG\Desktop\Python\ASP\cmapf\Code\scripts\encodings\encoding_base.lp C:\Users\Keerthan Shetty\OneDrive - KNIME AG\Desktop\Python\ASP\cmapf\Code\scripts\encodings\heuristics_a.lp C:\Users\Keerthan Shetty\OneDrive - KNIME AG\Desktop\Python\ASP\cmapf\Code\Instances/Processed/empty-32-32/empty-32-32-condensed-0/priority1-static.lp --heuristic=domain --horizon=8 --stats
delta/horizon : 8, time : 0.35 (solution found)
Running with 20 agents
Agents: 20, Heuristic: A
Running command: C:\Users\Keerthan Shetty\OneDrive - KNIME AG\Desktop\Python\ASP\cmapf\camp\Scripts\python.exe C:\Users\Keerthan Shetty\OneDrive - KNIME AG\Desktop\Python\ASP\cmapf\Code\scripts\MAPF_with_priority.py --heuristic-strategy=A --map-file=Instances/maps/empty-32-32.map --scen-file=Instances/scenarios/empty-32-32/empty-32-32-condensed-0.scen --agents=20 C:\Users\Keerthan Shetty\OneDrive - KNIME AG\Desktop\Python\ASP\cmapf\Code\scripts\encodings\encoding_base.lp C:\Users\Keerthan Shetty\OneDrive - KNIME AG\Desktop\Python\ASP\cmapf\Code\scripts\encodings\heuristics_a.lp C:\Users\Keerthan Shetty\OneDrive - KNIME AG\Desktop\Python\ASP\cmapf\Code\Instances/Processed/empty-32-32/empty-32-32-condensed-0/priority1-static.lp --heuristic=domain --horizon=8 --stats
delta/horizon : 8, time : 0.34 (solution found)
Running with 25 agents
Agents: 25, Heuristic: A
Running command: C:\Users\Keerthan Shetty\OneDrive - KNIME AG\Desktop\Python\ASP\cmapf\camp\Scripts\python.exe C:\Users\Keerthan Shetty\OneDrive - KNIME AG\Desktop\Python\ASP\cmapf\Code\scripts\MAPF_with_priority.py --heuristic-strategy=A --map-file=Instances/maps/empty-32-32.map --scen-file=Instances/scenarios/empty-32-32/empty-32-32-condensed-0.scen --agents=25 C:\Users\Keerthan Shetty\OneDrive - KNIME AG\Desktop\Python\ASP\cmapf\Code\scripts\encodings\encoding_base.lp C:\Users\Keerthan Shetty\OneDrive - KNIME AG\Desktop\Python\ASP\cmapf\Code\scripts\encodings\heuristics_a.lp C:\Users\Keerthan Shetty\OneDrive - KNIME AG\Desktop\Python\ASP\cmapf\Code\Instances/Processed/empty-32-32/empty-32-32-condensed-0/priority1-static.lp --heuristic=domain --horizon=8 --stats
delta/horizon : 8, time : 0.39 (solution found)
Running with 30 agents
Agents: 30, Heuristic: A
Running command: C:\Users\Keerthan Shetty\OneDrive - KNIME AG\Desktop\Python\ASP\cmapf\camp\Scripts\python.exe C:\Users\Keerthan Shetty\OneDrive - KNIME AG\Desktop\Python\ASP\cmapf\Code\scripts\MAPF_with_priority.py --heuristic-strategy=A --map-file=Instances/maps/empty-32-32.map --scen-file=Instances/scenarios/empty-32-32/empty-32-32-condensed-0.scen --agents=30 C:\Users\Keerthan Shetty\OneDrive - KNIME AG\Desktop\Python\ASP\cmapf\Code\scripts\encodings\encoding_base.lp C:\Users\Keerthan Shetty\OneDrive - KNIME AG\Desktop\Python\ASP\cmapf\Code\scripts\encodings\heuristics_a.lp C:\Users\Keerthan Shetty\OneDrive - KNIME AG\Desktop\Python\ASP\cmapf\Code\Instances/Processed/empty-32-32/empty-32-32-condensed-0/priority1-static.lp --heuristic=domain --horizon=8 --stats
 delta/horizon : 8, time_spent : 0.40
Running command: C:\Users\Keerthan Shetty\OneDrive - KNIME AG\Desktop\Python\ASP\cmapf\camp\Scripts\python.exe C:\Users\Keerthan Shetty\OneDrive - KNIME AG\Desktop\Python\ASP\cmapf\Code\scripts\MAPF_with_priority.py --heuristic-strategy=A --map-file=Instances/maps/empty-32-32.map --scen-file=Instances/scenarios/empty-32-32/empty-32-32-condensed-0.scen --agents=30 C:\Users\Keerthan Shetty\OneDrive - KNIME AG\Desktop\Python\ASP\cmapf\Code\scripts\encodings\encoding_base.lp C:\Users\Keerthan Shetty\OneDrive - KNIME AG\Desktop\Python\ASP\cmapf\Code\scripts\encodings\heuristics_a.lp C:\Users\Keerthan Shetty\OneDrive - KNIME AG\Desktop\Python\ASP\cmapf\Code\Instances/Processed/empty-32-32/empty-32-32-condensed-0/priority1-static.lp --heuristic=domain --horizon=9 --stats
 delta/horizon : 9, time_spent : 0.42
Running command: C:\Users\Keerthan Shetty\OneDrive - KNIME AG\Desktop\Python\ASP\cmapf\camp\Scripts\python.exe C:\Users\Keerthan Shetty\OneDrive - KNIME AG\Desktop\Python\ASP\cmapf\Code\scripts\MAPF_with_priority.py --heuristic-strategy=A --map-file=Instances/maps/empty-32-32.map --scen-file=Instances/scenarios/empty-32-32/empty-32-32-condensed-0.scen --agents=30 C:\Users\Keerthan Shetty\OneDrive - KNIME AG\Desktop\Python\ASP\cmapf\Code\scripts\encodings\encoding_base.lp C:\Users\Keerthan Shetty\OneDrive - KNIME AG\Desktop\Python\ASP\cmapf\Code\scripts\encodings\heuristics_a.lp C:\Users\Keerthan Shetty\OneDrive - KNIME AG\Desktop\Python\ASP\cmapf\Code\Instances/Processed/empty-32-32/empty-32-32-condensed-0/priority1-static.lp --heuristic=domain --horizon=10 --stats
delta/horizon : 10, time : 1.47 (solution found)
Running with 35 agents
Agents: 35, Heuristic: A
Running command: C:\Users\Keerthan Shetty\OneDrive - KNIME AG\Desktop\Python\ASP\cmapf\camp\Scripts\python.exe C:\Users\Keerthan Shetty\OneDrive - KNIME AG\Desktop\Python\ASP\cmapf\Code\scripts\MAPF_with_priority.py --heuristic-strategy=A --map-file=Instances/maps/empty-32-32.map --scen-file=Instances/scenarios/empty-32-32/empty-32-32-condensed-0.scen --agents=35 C:\Users\Keerthan Shetty\OneDrive - KNIME AG\Desktop\Python\ASP\cmapf\Code\scripts\encodings\encoding_base.lp C:\Users\Keerthan Shetty\OneDrive - KNIME AG\Desktop\Python\ASP\cmapf\Code\scripts\encodings\heuristics_a.lp C:\Users\Keerthan Shetty\OneDrive - KNIME AG\Desktop\Python\ASP\cmapf\Code\Instances/Processed/empty-32-32/empty-32-32-condensed-0/priority1-static.lp --heuristic=domain --horizon=8 --stats
 delta/horizon : 8, time_spent : 0.38
Running command: C:\Users\Keerthan Shetty\OneDrive - KNIME AG\Desktop\Python\ASP\cmapf\camp\Scripts\python.exe C:\Users\Keerthan Shetty\OneDrive - KNIME AG\Desktop\Python\ASP\cmapf\Code\scripts\MAPF_with_priority.py --heuristic-strategy=A --map-file=Instances/maps/empty-32-32.map --scen-file=Instances/scenarios/empty-32-32/empty-32-32-condensed-0.scen --agents=35 C:\Users\Keerthan Shetty\OneDrive - KNIME AG\Desktop\Python\ASP\cmapf\Code\scripts\encodings\encoding_base.lp C:\Users\Keerthan Shetty\OneDrive - KNIME AG\Desktop\Python\ASP\cmapf\Code\scripts\encodings\heuristics_a.lp C:\Users\Keerthan Shetty\OneDrive - KNIME AG\Desktop\Python\ASP\cmapf\Code\Instances/Processed/empty-32-32/empty-32-32-condensed-0/priority1-static.lp --heuristic=domain --horizon=9 --stats
 delta/horizon : 9, time_spent : 0.40
Running command: C:\Users\Keerthan Shetty\OneDrive - KNIME AG\Desktop\Python\ASP\cmapf\camp\Scripts\python.exe C:\Users\Keerthan Shetty\OneDrive - KNIME AG\Desktop\Python\ASP\cmapf\Code\scripts\MAPF_with_priority.py --heuristic-strategy=A --map-file=Instances/maps/empty-32-32.map --scen-file=Instances/scenarios/empty-32-32/empty-32-32-condensed-0.scen --agents=35 C:\Users\Keerthan Shetty\OneDrive - KNIME AG\Desktop\Python\ASP\cmapf\Code\scripts\encodings\encoding_base.lp C:\Users\Keerthan Shetty\OneDrive - KNIME AG\Desktop\Python\ASP\cmapf\Code\scripts\encodings\heuristics_a.lp C:\Users\Keerthan Shetty\OneDrive - KNIME AG\Desktop\Python\ASP\cmapf\Code\Instances/Processed/empty-32-32/empty-32-32-condensed-0/priority1-static.lp --heuristic=domain --horizon=10 --stats
delta/horizon : 10, time : 1.36 (solution found)
Running with 40 agents
Agents: 40, Heuristic: A
Running command: C:\Users\Keerthan Shetty\OneDrive - KNIME AG\Desktop\Python\ASP\cmapf\camp\Scripts\python.exe C:\Users\Keerthan Shetty\OneDrive - KNIME AG\Desktop\Python\ASP\cmapf\Code\scripts\MAPF_with_priority.py --heuristic-strategy=A --map-file=Instances/maps/empty-32-32.map --scen-file=Instances/scenarios/empty-32-32/empty-32-32-condensed-0.scen --agents=40 C:\Users\Keerthan Shetty\OneDrive - KNIME AG\Desktop\Python\ASP\cmapf\Code\scripts\encodings\encoding_base.lp C:\Users\Keerthan Shetty\OneDrive - KNIME AG\Desktop\Python\ASP\cmapf\Code\scripts\encodings\heuristics_a.lp C:\Users\Keerthan Shetty\OneDrive - KNIME AG\Desktop\Python\ASP\cmapf\Code\Instances/Processed/empty-32-32/empty-32-32-condensed-0/priority1-static.lp --heuristic=domain --horizon=8 --stats
 delta/horizon : 8, time_spent : 0.45
Running command: C:\Users\Keerthan Shetty\OneDrive - KNIME AG\Desktop\Python\ASP\cmapf\camp\Scripts\python.exe C:\Users\Keerthan Shetty\OneDrive - KNIME AG\Desktop\Python\ASP\cmapf\Code\scripts\MAPF_with_priority.py --heuristic-strategy=A --map-file=Instances/maps/empty-32-32.map --scen-file=Instances/scenarios/empty-32-32/empty-32-32-condensed-0.scen --agents=40 C:\Users\Keerthan Shetty\OneDrive - KNIME AG\Desktop\Python\ASP\cmapf\Code\scripts\encodings\encoding_base.lp C:\Users\Keerthan Shetty\OneDrive - KNIME AG\Desktop\Python\ASP\cmapf\Code\scripts\encodings\heuristics_a.lp C:\Users\Keerthan Shetty\OneDrive - KNIME AG\Desktop\Python\ASP\cmapf\Code\Instances/Processed/empty-32-32/empty-32-32-condensed-0/priority1-static.lp --heuristic=domain --horizon=9 --stats
 delta/horizon : 9, time_spent : 0.47
Running command: C:\Users\Keerthan Shetty\OneDrive - KNIME AG\Desktop\Python\ASP\cmapf\camp\Scripts\python.exe C:\Users\Keerthan Shetty\OneDrive - KNIME AG\Desktop\Python\ASP\cmapf\Code\scripts\MAPF_with_priority.py --heuristic-strategy=A --map-file=Instances/maps/empty-32-32.map --scen-file=Instances/scenarios/empty-32-32/empty-32-32-condensed-0.scen --agents=40 C:\Users\Keerthan Shetty\OneDrive - KNIME AG\Desktop\Python\ASP\cmapf\Code\scripts\encodings\encoding_base.lp C:\Users\Keerthan Shetty\OneDrive - KNIME AG\Desktop\Python\ASP\cmapf\Code\scripts\encodings\heuristics_a.lp C:\Users\Keerthan Shetty\OneDrive - KNIME AG\Desktop\Python\ASP\cmapf\Code\Instances/Processed/empty-32-32/empty-32-32-condensed-0/priority1-static.lp --heuristic=domain --horizon=10 --stats
delta/horizon : 10, time : 1.57 (solution found)
Running with 45 agents
Agents: 45, Heuristic: A
Running command: C:\Users\Keerthan Shetty\OneDrive - KNIME AG\Desktop\Python\ASP\cmapf\camp\Scripts\python.exe C:\Users\Keerthan Shetty\OneDrive - KNIME AG\Desktop\Python\ASP\cmapf\Code\scripts\MAPF_with_priority.py --heuristic-strategy=A --map-file=Instances/maps/empty-32-32.map --scen-file=Instances/scenarios/empty-32-32/empty-32-32-condensed-0.scen --agents=45 C:\Users\Keerthan Shetty\OneDrive - KNIME AG\Desktop\Python\ASP\cmapf\Code\scripts\encodings\encoding_base.lp C:\Users\Keerthan Shetty\OneDrive - KNIME AG\Desktop\Python\ASP\cmapf\Code\scripts\encodings\heuristics_a.lp C:\Users\Keerthan Shetty\OneDrive - KNIME AG\Desktop\Python\ASP\cmapf\Code\Instances/Processed/empty-32-32/empty-32-32-condensed-0/priority1-static.lp --heuristic=domain --horizon=8 --stats
 delta/horizon : 8, time_spent : 0.42
Running command: C:\Users\Keerthan Shetty\OneDrive - KNIME AG\Desktop\Python\ASP\cmapf\camp\Scripts\python.exe C:\Users\Keerthan Shetty\OneDrive - KNIME AG\Desktop\Python\ASP\cmapf\Code\scripts\MAPF_with_priority.py --heuristic-strategy=A --map-file=Instances/maps/empty-32-32.map --scen-file=Instances/scenarios/empty-32-32/empty-32-32-condensed-0.scen --agents=45 C:\Users\Keerthan Shetty\OneDrive - KNIME AG\Desktop\Python\ASP\cmapf\Code\scripts\encodings\encoding_base.lp C:\Users\Keerthan Shetty\OneDrive - KNIME AG\Desktop\Python\ASP\cmapf\Code\scripts\encodings\heuristics_a.lp C:\Users\Keerthan Shetty\OneDrive - KNIME AG\Desktop\Python\ASP\cmapf\Code\Instances/Processed/empty-32-32/empty-32-32-condensed-0/priority1-static.lp --heuristic=domain --horizon=9 --stats
 delta/horizon : 9, time_spent : 0.46
Running command: C:\Users\Keerthan Shetty\OneDrive - KNIME AG\Desktop\Python\ASP\cmapf\camp\Scripts\python.exe C:\Users\Keerthan Shetty\OneDrive - KNIME AG\Desktop\Python\ASP\cmapf\Code\scripts\MAPF_with_priority.py --heuristic-strategy=A --map-file=Instances/maps/empty-32-32.map --scen-file=Instances/scenarios/empty-32-32/empty-32-32-condensed-0.scen --agents=45 C:\Users\Keerthan Shetty\OneDrive - KNIME AG\Desktop\Python\ASP\cmapf\Code\scripts\encodings\encoding_base.lp C:\Users\Keerthan Shetty\OneDrive - KNIME AG\Desktop\Python\ASP\cmapf\Code\scripts\encodings\heuristics_a.lp C:\Users\Keerthan Shetty\OneDrive - KNIME AG\Desktop\Python\ASP\cmapf\Code\Instances/Processed/empty-32-32/empty-32-32-condensed-0/priority1-static.lp --heuristic=domain --horizon=10 --stats
delta/horizon : 10, time : 1.56 (solution found)
Running with 50 agents
Agents: 50, Heuristic: A
Running command: C:\Users\Keerthan Shetty\OneDrive - KNIME AG\Desktop\Python\ASP\cmapf\camp\Scripts\python.exe C:\Users\Keerthan Shetty\OneDrive - KNIME AG\Desktop\Python\ASP\cmapf\Code\scripts\MAPF_with_priority.py --heuristic-strategy=A --map-file=Instances/maps/empty-32-32.map --scen-file=Instances/scenarios/empty-32-32/empty-32-32-condensed-0.scen --agents=50 C:\Users\Keerthan Shetty\OneDrive - KNIME AG\Desktop\Python\ASP\cmapf\Code\scripts\encodings\encoding_base.lp C:\Users\Keerthan Shetty\OneDrive - KNIME AG\Desktop\Python\ASP\cmapf\Code\scripts\encodings\heuristics_a.lp C:\Users\Keerthan Shetty\OneDrive - KNIME AG\Desktop\Python\ASP\cmapf\Code\Instances/Processed/empty-32-32/empty-32-32-condensed-0/priority1-static.lp --heuristic=domain --horizon=8 --stats
 delta/horizon : 8, time_spent : 0.41
Running command: C:\Users\Keerthan Shetty\OneDrive - KNIME AG\Desktop\Python\ASP\cmapf\camp\Scripts\python.exe C:\Users\Keerthan Shetty\OneDrive - KNIME AG\Desktop\Python\ASP\cmapf\Code\scripts\MAPF_with_priority.py --heuristic-strategy=A --map-file=Instances/maps/empty-32-32.map --scen-file=Instances/scenarios/empty-32-32/empty-32-32-condensed-0.scen --agents=50 C:\Users\Keerthan Shetty\OneDrive - KNIME AG\Desktop\Python\ASP\cmapf\Code\scripts\encodings\encoding_base.lp C:\Users\Keerthan Shetty\OneDrive - KNIME AG\Desktop\Python\ASP\cmapf\Code\scripts\encodings\heuristics_a.lp C:\Users\Keerthan Shetty\OneDrive - KNIME AG\Desktop\Python\ASP\cmapf\Code\Instances/Processed/empty-32-32/empty-32-32-condensed-0/priority1-static.lp --heuristic=domain --horizon=9 --stats
 delta/horizon : 9, time_spent : 0.56
Running command: C:\Users\Keerthan Shetty\OneDrive - KNIME AG\Desktop\Python\ASP\cmapf\camp\Scripts\python.exe C:\Users\Keerthan Shetty\OneDrive - KNIME AG\Desktop\Python\ASP\cmapf\Code\scripts\MAPF_with_priority.py --heuristic-strategy=A --map-file=Instances/maps/empty-32-32.map --scen-file=Instances/scenarios/empty-32-32/empty-32-32-condensed-0.scen --agents=50 C:\Users\Keerthan Shetty\OneDrive - KNIME AG\Desktop\Python\ASP\cmapf\Code\scripts\encodings\encoding_base.lp C:\Users\Keerthan Shetty\OneDrive - KNIME AG\Desktop\Python\ASP\cmapf\Code\scripts\encodings\heuristics_a.lp C:\Users\Keerthan Shetty\OneDrive - KNIME AG\Desktop\Python\ASP\cmapf\Code\Instances/Processed/empty-32-32/empty-32-32-condensed-0/priority1-static.lp --heuristic=domain --horizon=10 --stats
delta/horizon : 10, time : 1.69 (solution found)
Running with 55 agents
Agents: 55, Heuristic: A
Running command: C:\Users\Keerthan Shetty\OneDrive - KNIME AG\Desktop\Python\ASP\cmapf\camp\Scripts\python.exe C:\Users\Keerthan Shetty\OneDrive - KNIME AG\Desktop\Python\ASP\cmapf\Code\scripts\MAPF_with_priority.py --heuristic-strategy=A --map-file=Instances/maps/empty-32-32.map --scen-file=Instances/scenarios/empty-32-32/empty-32-32-condensed-0.scen --agents=55 C:\Users\Keerthan Shetty\OneDrive - KNIME AG\Desktop\Python\ASP\cmapf\Code\scripts\encodings\encoding_base.lp C:\Users\Keerthan Shetty\OneDrive - KNIME AG\Desktop\Python\ASP\cmapf\Code\scripts\encodings\heuristics_a.lp C:\Users\Keerthan Shetty\OneDrive - KNIME AG\Desktop\Python\ASP\cmapf\Code\Instances/Processed/empty-32-32/empty-32-32-condensed-0/priority1-static.lp --heuristic=domain --horizon=8 --stats
 delta/horizon : 8, time_spent : 0.46
Running command: C:\Users\Keerthan Shetty\OneDrive - KNIME AG\Desktop\Python\ASP\cmapf\camp\Scripts\python.exe C:\Users\Keerthan Shetty\OneDrive - KNIME AG\Desktop\Python\ASP\cmapf\Code\scripts\MAPF_with_priority.py --heuristic-strategy=A --map-file=Instances/maps/empty-32-32.map --scen-file=Instances/scenarios/empty-32-32/empty-32-32-condensed-0.scen --agents=55 C:\Users\Keerthan Shetty\OneDrive - KNIME AG\Desktop\Python\ASP\cmapf\Code\scripts\encodings\encoding_base.lp C:\Users\Keerthan Shetty\OneDrive - KNIME AG\Desktop\Python\ASP\cmapf\Code\scripts\encodings\heuristics_a.lp C:\Users\Keerthan Shetty\OneDrive - KNIME AG\Desktop\Python\ASP\cmapf\Code\Instances/Processed/empty-32-32/empty-32-32-condensed-0/priority1-static.lp --heuristic=domain --horizon=9 --stats
 delta/horizon : 9, time_spent : 0.58
Running command: C:\Users\Keerthan Shetty\OneDrive - KNIME AG\Desktop\Python\ASP\cmapf\camp\Scripts\python.exe C:\Users\Keerthan Shetty\OneDrive - KNIME AG\Desktop\Python\ASP\cmapf\Code\scripts\MAPF_with_priority.py --heuristic-strategy=A --map-file=Instances/maps/empty-32-32.map --scen-file=Instances/scenarios/empty-32-32/empty-32-32-condensed-0.scen --agents=55 C:\Users\Keerthan Shetty\OneDrive - KNIME AG\Desktop\Python\ASP\cmapf\Code\scripts\encodings\encoding_base.lp C:\Users\Keerthan Shetty\OneDrive - KNIME AG\Desktop\Python\ASP\cmapf\Code\scripts\encodings\heuristics_a.lp C:\Users\Keerthan Shetty\OneDrive - KNIME AG\Desktop\Python\ASP\cmapf\Code\Instances/Processed/empty-32-32/empty-32-32-condensed-0/priority1-static.lp --heuristic=domain --horizon=10 --stats
delta/horizon : 10, time : 1.79 (solution found)
Running with 60 agents
Agents: 60, Heuristic: A
Running command: C:\Users\Keerthan Shetty\OneDrive - KNIME AG\Desktop\Python\ASP\cmapf\camp\Scripts\python.exe C:\Users\Keerthan Shetty\OneDrive - KNIME AG\Desktop\Python\ASP\cmapf\Code\scripts\MAPF_with_priority.py --heuristic-strategy=A --map-file=Instances/maps/empty-32-32.map --scen-file=Instances/scenarios/empty-32-32/empty-32-32-condensed-0.scen --agents=60 C:\Users\Keerthan Shetty\OneDrive - KNIME AG\Desktop\Python\ASP\cmapf\Code\scripts\encodings\encoding_base.lp C:\Users\Keerthan Shetty\OneDrive - KNIME AG\Desktop\Python\ASP\cmapf\Code\scripts\encodings\heuristics_a.lp C:\Users\Keerthan Shetty\OneDrive - KNIME AG\Desktop\Python\ASP\cmapf\Code\Instances/Processed/empty-32-32/empty-32-32-condensed-0/priority1-static.lp --heuristic=domain --horizon=8 --stats
 delta/horizon : 8, time_spent : 0.44
Running command: C:\Users\Keerthan Shetty\OneDrive - KNIME AG\Desktop\Python\ASP\cmapf\camp\Scripts\python.exe C:\Users\Keerthan Shetty\OneDrive - KNIME AG\Desktop\Python\ASP\cmapf\Code\scripts\MAPF_with_priority.py --heuristic-strategy=A --map-file=Instances/maps/empty-32-32.map --scen-file=Instances/scenarios/empty-32-32/empty-32-32-condensed-0.scen --agents=60 C:\Users\Keerthan Shetty\OneDrive - KNIME AG\Desktop\Python\ASP\cmapf\Code\scripts\encodings\encoding_base.lp C:\Users\Keerthan Shetty\OneDrive - KNIME AG\Desktop\Python\ASP\cmapf\Code\scripts\encodings\heuristics_a.lp C:\Users\Keerthan Shetty\OneDrive - KNIME AG\Desktop\Python\ASP\cmapf\Code\Instances/Processed/empty-32-32/empty-32-32-condensed-0/priority1-static.lp --heuristic=domain --horizon=9 --stats
 delta/horizon : 9, time_spent : 0.53
Running command: C:\Users\Keerthan Shetty\OneDrive - KNIME AG\Desktop\Python\ASP\cmapf\camp\Scripts\python.exe C:\Users\Keerthan Shetty\OneDrive - KNIME AG\Desktop\Python\ASP\cmapf\Code\scripts\MAPF_with_priority.py --heuristic-strategy=A --map-file=Instances/maps/empty-32-32.map --scen-file=Instances/scenarios/empty-32-32/empty-32-32-condensed-0.scen --agents=60 C:\Users\Keerthan Shetty\OneDrive - KNIME AG\Desktop\Python\ASP\cmapf\Code\scripts\encodings\encoding_base.lp C:\Users\Keerthan Shetty\OneDrive - KNIME AG\Desktop\Python\ASP\cmapf\Code\scripts\encodings\heuristics_a.lp C:\Users\Keerthan Shetty\OneDrive - KNIME AG\Desktop\Python\ASP\cmapf\Code\Instances/Processed/empty-32-32/empty-32-32-condensed-0/priority1-static.lp --heuristic=domain --horizon=10 --stats
delta/horizon : 10, time : 1.70 (solution found)
Running with 65 agents
Agents: 65, Heuristic: A
Running command: C:\Users\Keerthan Shetty\OneDrive - KNIME AG\Desktop\Python\ASP\cmapf\camp\Scripts\python.exe C:\Users\Keerthan Shetty\OneDrive - KNIME AG\Desktop\Python\ASP\cmapf\Code\scripts\MAPF_with_priority.py --heuristic-strategy=A --map-file=Instances/maps/empty-32-32.map --scen-file=Instances/scenarios/empty-32-32/empty-32-32-condensed-0.scen --agents=65 C:\Users\Keerthan Shetty\OneDrive - KNIME AG\Desktop\Python\ASP\cmapf\Code\scripts\encodings\encoding_base.lp C:\Users\Keerthan Shetty\OneDrive - KNIME AG\Desktop\Python\ASP\cmapf\Code\scripts\encodings\heuristics_a.lp C:\Users\Keerthan Shetty\OneDrive - KNIME AG\Desktop\Python\ASP\cmapf\Code\Instances/Processed/empty-32-32/empty-32-32-condensed-0/priority1-static.lp --heuristic=domain --horizon=8 --stats
 delta/horizon : 8, time_spent : 0.39
Running command: C:\Users\Keerthan Shetty\OneDrive - KNIME AG\Desktop\Python\ASP\cmapf\camp\Scripts\python.exe C:\Users\Keerthan Shetty\OneDrive - KNIME AG\Desktop\Python\ASP\cmapf\Code\scripts\MAPF_with_priority.py --heuristic-strategy=A --map-file=Instances/maps/empty-32-32.map --scen-file=Instances/scenarios/empty-32-32/empty-32-32-condensed-0.scen --agents=65 C:\Users\Keerthan Shetty\OneDrive - KNIME AG\Desktop\Python\ASP\cmapf\Code\scripts\encodings\encoding_base.lp C:\Users\Keerthan Shetty\OneDrive - KNIME AG\Desktop\Python\ASP\cmapf\Code\scripts\encodings\heuristics_a.lp C:\Users\Keerthan Shetty\OneDrive - KNIME AG\Desktop\Python\ASP\cmapf\Code\Instances/Processed/empty-32-32/empty-32-32-condensed-0/priority1-static.lp --heuristic=domain --horizon=9 --stats
 delta/horizon : 9, time_spent : 0.49
Running command: C:\Users\Keerthan Shetty\OneDrive - KNIME AG\Desktop\Python\ASP\cmapf\camp\Scripts\python.exe C:\Users\Keerthan Shetty\OneDrive - KNIME AG\Desktop\Python\ASP\cmapf\Code\scripts\MAPF_with_priority.py --heuristic-strategy=A --map-file=Instances/maps/empty-32-32.map --scen-file=Instances/scenarios/empty-32-32/empty-32-32-condensed-0.scen --agents=65 C:\Users\Keerthan Shetty\OneDrive - KNIME AG\Desktop\Python\ASP\cmapf\Code\scripts\encodings\encoding_base.lp C:\Users\Keerthan Shetty\OneDrive - KNIME AG\Desktop\Python\ASP\cmapf\Code\scripts\encodings\heuristics_a.lp C:\Users\Keerthan Shetty\OneDrive - KNIME AG\Desktop\Python\ASP\cmapf\Code\Instances/Processed/empty-32-32/empty-32-32-condensed-0/priority1-static.lp --heuristic=domain --horizon=10 --stats
delta/horizon : 10, time : 1.62 (solution found)
Running with 70 agents
Agents: 70, Heuristic: A
Running command: C:\Users\Keerthan Shetty\OneDrive - KNIME AG\Desktop\Python\ASP\cmapf\camp\Scripts\python.exe C:\Users\Keerthan Shetty\OneDrive - KNIME AG\Desktop\Python\ASP\cmapf\Code\scripts\MAPF_with_priority.py --heuristic-strategy=A --map-file=Instances/maps/empty-32-32.map --scen-file=Instances/scenarios/empty-32-32/empty-32-32-condensed-0.scen --agents=70 C:\Users\Keerthan Shetty\OneDrive - KNIME AG\Desktop\Python\ASP\cmapf\Code\scripts\encodings\encoding_base.lp C:\Users\Keerthan Shetty\OneDrive - KNIME AG\Desktop\Python\ASP\cmapf\Code\scripts\encodings\heuristics_a.lp C:\Users\Keerthan Shetty\OneDrive - KNIME AG\Desktop\Python\ASP\cmapf\Code\Instances/Processed/empty-32-32/empty-32-32-condensed-0/priority1-static.lp --heuristic=domain --horizon=8 --stats
 delta/horizon : 8, time_spent : 0.44
Running command: C:\Users\Keerthan Shetty\OneDrive - KNIME AG\Desktop\Python\ASP\cmapf\camp\Scripts\python.exe C:\Users\Keerthan Shetty\OneDrive - KNIME AG\Desktop\Python\ASP\cmapf\Code\scripts\MAPF_with_priority.py --heuristic-strategy=A --map-file=Instances/maps/empty-32-32.map --scen-file=Instances/scenarios/empty-32-32/empty-32-32-condensed-0.scen --agents=70 C:\Users\Keerthan Shetty\OneDrive - KNIME AG\Desktop\Python\ASP\cmapf\Code\scripts\encodings\encoding_base.lp C:\Users\Keerthan Shetty\OneDrive - KNIME AG\Desktop\Python\ASP\cmapf\Code\scripts\encodings\heuristics_a.lp C:\Users\Keerthan Shetty\OneDrive - KNIME AG\Desktop\Python\ASP\cmapf\Code\Instances/Processed/empty-32-32/empty-32-32-condensed-0/priority1-static.lp --heuristic=domain --horizon=9 --stats
 delta/horizon : 9, time_spent : 0.51
Running command: C:\Users\Keerthan Shetty\OneDrive - KNIME AG\Desktop\Python\ASP\cmapf\camp\Scripts\python.exe C:\Users\Keerthan Shetty\OneDrive - KNIME AG\Desktop\Python\ASP\cmapf\Code\scripts\MAPF_with_priority.py --heuristic-strategy=A --map-file=Instances/maps/empty-32-32.map --scen-file=Instances/scenarios/empty-32-32/empty-32-32-condensed-0.scen --agents=70 C:\Users\Keerthan Shetty\OneDrive - KNIME AG\Desktop\Python\ASP\cmapf\Code\scripts\encodings\encoding_base.lp C:\Users\Keerthan Shetty\OneDrive - KNIME AG\Desktop\Python\ASP\cmapf\Code\scripts\encodings\heuristics_a.lp C:\Users\Keerthan Shetty\OneDrive - KNIME AG\Desktop\Python\ASP\cmapf\Code\Instances/Processed/empty-32-32/empty-32-32-condensed-0/priority1-static.lp --heuristic=domain --horizon=10 --stats
delta/horizon : 10, time : 1.82 (solution found)
Running with 75 agents
Agents: 75, Heuristic: A
Running command: C:\Users\Keerthan Shetty\OneDrive - KNIME AG\Desktop\Python\ASP\cmapf\camp\Scripts\python.exe C:\Users\Keerthan Shetty\OneDrive - KNIME AG\Desktop\Python\ASP\cmapf\Code\scripts\MAPF_with_priority.py --heuristic-strategy=A --map-file=Instances/maps/empty-32-32.map --scen-file=Instances/scenarios/empty-32-32/empty-32-32-condensed-0.scen --agents=75 C:\Users\Keerthan Shetty\OneDrive - KNIME AG\Desktop\Python\ASP\cmapf\Code\scripts\encodings\encoding_base.lp C:\Users\Keerthan Shetty\OneDrive - KNIME AG\Desktop\Python\ASP\cmapf\Code\scripts\encodings\heuristics_a.lp C:\Users\Keerthan Shetty\OneDrive - KNIME AG\Desktop\Python\ASP\cmapf\Code\Instances/Processed/empty-32-32/empty-32-32-condensed-0/priority1-static.lp --heuristic=domain --horizon=8 --stats
 delta/horizon : 8, time_spent : 0.45
Running command: C:\Users\Keerthan Shetty\OneDrive - KNIME AG\Desktop\Python\ASP\cmapf\camp\Scripts\python.exe C:\Users\Keerthan Shetty\OneDrive - KNIME AG\Desktop\Python\ASP\cmapf\Code\scripts\MAPF_with_priority.py --heuristic-strategy=A --map-file=Instances/maps/empty-32-32.map --scen-file=Instances/scenarios/empty-32-32/empty-32-32-condensed-0.scen --agents=75 C:\Users\Keerthan Shetty\OneDrive - KNIME AG\Desktop\Python\ASP\cmapf\Code\scripts\encodings\encoding_base.lp C:\Users\Keerthan Shetty\OneDrive - KNIME AG\Desktop\Python\ASP\cmapf\Code\scripts\encodings\heuristics_a.lp C:\Users\Keerthan Shetty\OneDrive - KNIME AG\Desktop\Python\ASP\cmapf\Code\Instances/Processed/empty-32-32/empty-32-32-condensed-0/priority1-static.lp --heuristic=domain --horizon=9 --stats
 delta/horizon : 9, time_spent : 0.66
Running command: C:\Users\Keerthan Shetty\OneDrive - KNIME AG\Desktop\Python\ASP\cmapf\camp\Scripts\python.exe C:\Users\Keerthan Shetty\OneDrive - KNIME AG\Desktop\Python\ASP\cmapf\Code\scripts\MAPF_with_priority.py --heuristic-strategy=A --map-file=Instances/maps/empty-32-32.map --scen-file=Instances/scenarios/empty-32-32/empty-32-32-condensed-0.scen --agents=75 C:\Users\Keerthan Shetty\OneDrive - KNIME AG\Desktop\Python\ASP\cmapf\Code\scripts\encodings\encoding_base.lp C:\Users\Keerthan Shetty\OneDrive - KNIME AG\Desktop\Python\ASP\cmapf\Code\scripts\encodings\heuristics_a.lp C:\Users\Keerthan Shetty\OneDrive - KNIME AG\Desktop\Python\ASP\cmapf\Code\Instances/Processed/empty-32-32/empty-32-32-condensed-0/priority1-static.lp --heuristic=domain --horizon=10 --stats
delta/horizon : 10, time : 2.16 (solution found)
Running with 80 agents
Agents: 80, Heuristic: A
Running command: C:\Users\Keerthan Shetty\OneDrive - KNIME AG\Desktop\Python\ASP\cmapf\camp\Scripts\python.exe C:\Users\Keerthan Shetty\OneDrive - KNIME AG\Desktop\Python\ASP\cmapf\Code\scripts\MAPF_with_priority.py --heuristic-strategy=A --map-file=Instances/maps/empty-32-32.map --scen-file=Instances/scenarios/empty-32-32/empty-32-32-condensed-0.scen --agents=80 C:\Users\Keerthan Shetty\OneDrive - KNIME AG\Desktop\Python\ASP\cmapf\Code\scripts\encodings\encoding_base.lp C:\Users\Keerthan Shetty\OneDrive - KNIME AG\Desktop\Python\ASP\cmapf\Code\scripts\encodings\heuristics_a.lp C:\Users\Keerthan Shetty\OneDrive - KNIME AG\Desktop\Python\ASP\cmapf\Code\Instances/Processed/empty-32-32/empty-32-32-condensed-0/priority1-static.lp --heuristic=domain --horizon=8 --stats
 delta/horizon : 8, time_spent : 0.54
Running command: C:\Users\Keerthan Shetty\OneDrive - KNIME AG\Desktop\Python\ASP\cmapf\camp\Scripts\python.exe C:\Users\Keerthan Shetty\OneDrive - KNIME AG\Desktop\Python\ASP\cmapf\Code\scripts\MAPF_with_priority.py --heuristic-strategy=A --map-file=Instances/maps/empty-32-32.map --scen-file=Instances/scenarios/empty-32-32/empty-32-32-condensed-0.scen --agents=80 C:\Users\Keerthan Shetty\OneDrive - KNIME AG\Desktop\Python\ASP\cmapf\Code\scripts\encodings\encoding_base.lp C:\Users\Keerthan Shetty\OneDrive - KNIME AG\Desktop\Python\ASP\cmapf\Code\scripts\encodings\heuristics_a.lp C:\Users\Keerthan Shetty\OneDrive - KNIME AG\Desktop\Python\ASP\cmapf\Code\Instances/Processed/empty-32-32/empty-32-32-condensed-0/priority1-static.lp --heuristic=domain --horizon=9 --stats
 delta/horizon : 9, time_spent : 0.91
Running command: C:\Users\Keerthan Shetty\OneDrive - KNIME AG\Desktop\Python\ASP\cmapf\camp\Scripts\python.exe C:\Users\Keerthan Shetty\OneDrive - KNIME AG\Desktop\Python\ASP\cmapf\Code\scripts\MAPF_with_priority.py --heuristic-strategy=A --map-file=Instances/maps/empty-32-32.map --scen-file=Instances/scenarios/empty-32-32/empty-32-32-condensed-0.scen --agents=80 C:\Users\Keerthan Shetty\OneDrive - KNIME AG\Desktop\Python\ASP\cmapf\Code\scripts\encodings\encoding_base.lp C:\Users\Keerthan Shetty\OneDrive - KNIME AG\Desktop\Python\ASP\cmapf\Code\scripts\encodings\heuristics_a.lp C:\Users\Keerthan Shetty\OneDrive - KNIME AG\Desktop\Python\ASP\cmapf\Code\Instances/Processed/empty-32-32/empty-32-32-condensed-0/priority1-static.lp --heuristic=domain --horizon=10 --stats
delta/horizon : 10, time : 2.88 (solution found)
Running with 85 agents
Agents: 85, Heuristic: A
Running command: C:\Users\Keerthan Shetty\OneDrive - KNIME AG\Desktop\Python\ASP\cmapf\camp\Scripts\python.exe C:\Users\Keerthan Shetty\OneDrive - KNIME AG\Desktop\Python\ASP\cmapf\Code\scripts\MAPF_with_priority.py --heuristic-strategy=A --map-file=Instances/maps/empty-32-32.map --scen-file=Instances/scenarios/empty-32-32/empty-32-32-condensed-0.scen --agents=85 C:\Users\Keerthan Shetty\OneDrive - KNIME AG\Desktop\Python\ASP\cmapf\Code\scripts\encodings\encoding_base.lp C:\Users\Keerthan Shetty\OneDrive - KNIME AG\Desktop\Python\ASP\cmapf\Code\scripts\encodings\heuristics_a.lp C:\Users\Keerthan Shetty\OneDrive - KNIME AG\Desktop\Python\ASP\cmapf\Code\Instances/Processed/empty-32-32/empty-32-32-condensed-0/priority1-static.lp --heuristic=domain --horizon=8 --stats
 delta/horizon : 8, time_spent : 0.57
Running command: C:\Users\Keerthan Shetty\OneDrive - KNIME AG\Desktop\Python\ASP\cmapf\camp\Scripts\python.exe C:\Users\Keerthan Shetty\OneDrive - KNIME AG\Desktop\Python\ASP\cmapf\Code\scripts\MAPF_with_priority.py --heuristic-strategy=A --map-file=Instances/maps/empty-32-32.map --scen-file=Instances/scenarios/empty-32-32/empty-32-32-condensed-0.scen --agents=85 C:\Users\Keerthan Shetty\OneDrive - KNIME AG\Desktop\Python\ASP\cmapf\Code\scripts\encodings\encoding_base.lp C:\Users\Keerthan Shetty\OneDrive - KNIME AG\Desktop\Python\ASP\cmapf\Code\scripts\encodings\heuristics_a.lp C:\Users\Keerthan Shetty\OneDrive - KNIME AG\Desktop\Python\ASP\cmapf\Code\Instances/Processed/empty-32-32/empty-32-32-condensed-0/priority1-static.lp --heuristic=domain --horizon=9 --stats
 delta/horizon : 9, time_spent : 0.71
Running command: C:\Users\Keerthan Shetty\OneDrive - KNIME AG\Desktop\Python\ASP\cmapf\camp\Scripts\python.exe C:\Users\Keerthan Shetty\OneDrive - KNIME AG\Desktop\Python\ASP\cmapf\Code\scripts\MAPF_with_priority.py --heuristic-strategy=A --map-file=Instances/maps/empty-32-32.map --scen-file=Instances/scenarios/empty-32-32/empty-32-32-condensed-0.scen --agents=85 C:\Users\Keerthan Shetty\OneDrive - KNIME AG\Desktop\Python\ASP\cmapf\Code\scripts\encodings\encoding_base.lp C:\Users\Keerthan Shetty\OneDrive - KNIME AG\Desktop\Python\ASP\cmapf\Code\scripts\encodings\heuristics_a.lp C:\Users\Keerthan Shetty\OneDrive - KNIME AG\Desktop\Python\ASP\cmapf\Code\Instances/Processed/empty-32-32/empty-32-32-condensed-0/priority1-static.lp --heuristic=domain --horizon=10 --stats
delta/horizon : 10, time : 2.44 (solution found)
Running with 90 agents
Agents: 90, Heuristic: A
Running command: C:\Users\Keerthan Shetty\OneDrive - KNIME AG\Desktop\Python\ASP\cmapf\camp\Scripts\python.exe C:\Users\Keerthan Shetty\OneDrive - KNIME AG\Desktop\Python\ASP\cmapf\Code\scripts\MAPF_with_priority.py --heuristic-strategy=A --map-file=Instances/maps/empty-32-32.map --scen-file=Instances/scenarios/empty-32-32/empty-32-32-condensed-0.scen --agents=90 C:\Users\Keerthan Shetty\OneDrive - KNIME AG\Desktop\Python\ASP\cmapf\Code\scripts\encodings\encoding_base.lp C:\Users\Keerthan Shetty\OneDrive - KNIME AG\Desktop\Python\ASP\cmapf\Code\scripts\encodings\heuristics_a.lp C:\Users\Keerthan Shetty\OneDrive - KNIME AG\Desktop\Python\ASP\cmapf\Code\Instances/Processed/empty-32-32/empty-32-32-condensed-0/priority1-static.lp --heuristic=domain --horizon=8 --stats
 delta/horizon : 8, time_spent : 0.53
Running command: C:\Users\Keerthan Shetty\OneDrive - KNIME AG\Desktop\Python\ASP\cmapf\camp\Scripts\python.exe C:\Users\Keerthan Shetty\OneDrive - KNIME AG\Desktop\Python\ASP\cmapf\Code\scripts\MAPF_with_priority.py --heuristic-strategy=A --map-file=Instances/maps/empty-32-32.map --scen-file=Instances/scenarios/empty-32-32/empty-32-32-condensed-0.scen --agents=90 C:\Users\Keerthan Shetty\OneDrive - KNIME AG\Desktop\Python\ASP\cmapf\Code\scripts\encodings\encoding_base.lp C:\Users\Keerthan Shetty\OneDrive - KNIME AG\Desktop\Python\ASP\cmapf\Code\scripts\encodings\heuristics_a.lp C:\Users\Keerthan Shetty\OneDrive - KNIME AG\Desktop\Python\ASP\cmapf\Code\Instances/Processed/empty-32-32/empty-32-32-condensed-0/priority1-static.lp --heuristic=domain --horizon=9 --stats
 delta/horizon : 9, time_spent : 0.58
Running command: C:\Users\Keerthan Shetty\OneDrive - KNIME AG\Desktop\Python\ASP\cmapf\camp\Scripts\python.exe C:\Users\Keerthan Shetty\OneDrive - KNIME AG\Desktop\Python\ASP\cmapf\Code\scripts\MAPF_with_priority.py --heuristic-strategy=A --map-file=Instances/maps/empty-32-32.map --scen-file=Instances/scenarios/empty-32-32/empty-32-32-condensed-0.scen --agents=90 C:\Users\Keerthan Shetty\OneDrive - KNIME AG\Desktop\Python\ASP\cmapf\Code\scripts\encodings\encoding_base.lp C:\Users\Keerthan Shetty\OneDrive - KNIME AG\Desktop\Python\ASP\cmapf\Code\scripts\encodings\heuristics_a.lp C:\Users\Keerthan Shetty\OneDrive - KNIME AG\Desktop\Python\ASP\cmapf\Code\Instances/Processed/empty-32-32/empty-32-32-condensed-0/priority1-static.lp --heuristic=domain --horizon=10 --stats
delta/horizon : 10, time : 2.26 (solution found)
Running with 95 agents
Agents: 95, Heuristic: A
Running command: C:\Users\Keerthan Shetty\OneDrive - KNIME AG\Desktop\Python\ASP\cmapf\camp\Scripts\python.exe C:\Users\Keerthan Shetty\OneDrive - KNIME AG\Desktop\Python\ASP\cmapf\Code\scripts\MAPF_with_priority.py --heuristic-strategy=A --map-file=Instances/maps/empty-32-32.map --scen-file=Instances/scenarios/empty-32-32/empty-32-32-condensed-0.scen --agents=95 C:\Users\Keerthan Shetty\OneDrive - KNIME AG\Desktop\Python\ASP\cmapf\Code\scripts\encodings\encoding_base.lp C:\Users\Keerthan Shetty\OneDrive - KNIME AG\Desktop\Python\ASP\cmapf\Code\scripts\encodings\heuristics_a.lp C:\Users\Keerthan Shetty\OneDrive - KNIME AG\Desktop\Python\ASP\cmapf\Code\Instances/Processed/empty-32-32/empty-32-32-condensed-0/priority1-static.lp --heuristic=domain --horizon=8 --stats
 delta/horizon : 8, time_spent : 0.71
Running command: C:\Users\Keerthan Shetty\OneDrive - KNIME AG\Desktop\Python\ASP\cmapf\camp\Scripts\python.exe C:\Users\Keerthan Shetty\OneDrive - KNIME AG\Desktop\Python\ASP\cmapf\Code\scripts\MAPF_with_priority.py --heuristic-strategy=A --map-file=Instances/maps/empty-32-32.map --scen-file=Instances/scenarios/empty-32-32/empty-32-32-condensed-0.scen --agents=95 C:\Users\Keerthan Shetty\OneDrive - KNIME AG\Desktop\Python\ASP\cmapf\Code\scripts\encodings\encoding_base.lp C:\Users\Keerthan Shetty\OneDrive - KNIME AG\Desktop\Python\ASP\cmapf\Code\scripts\encodings\heuristics_a.lp C:\Users\Keerthan Shetty\OneDrive - KNIME AG\Desktop\Python\ASP\cmapf\Code\Instances/Processed/empty-32-32/empty-32-32-condensed-0/priority1-static.lp --heuristic=domain --horizon=9 --stats
 delta/horizon : 9, time_spent : 0.69
Running command: C:\Users\Keerthan Shetty\OneDrive - KNIME AG\Desktop\Python\ASP\cmapf\camp\Scripts\python.exe C:\Users\Keerthan Shetty\OneDrive - KNIME AG\Desktop\Python\ASP\cmapf\Code\scripts\MAPF_with_priority.py --heuristic-strategy=A --map-file=Instances/maps/empty-32-32.map --scen-file=Instances/scenarios/empty-32-32/empty-32-32-condensed-0.scen --agents=95 C:\Users\Keerthan Shetty\OneDrive - KNIME AG\Desktop\Python\ASP\cmapf\Code\scripts\encodings\encoding_base.lp C:\Users\Keerthan Shetty\OneDrive - KNIME AG\Desktop\Python\ASP\cmapf\Code\scripts\encodings\heuristics_a.lp C:\Users\Keerthan Shetty\OneDrive - KNIME AG\Desktop\Python\ASP\cmapf\Code\Instances/Processed/empty-32-32/empty-32-32-condensed-0/priority1-static.lp --heuristic=domain --horizon=10 --stats
delta/horizon : 10, time : 2.68 (solution found)
Running with 100 agents
Agents: 100, Heuristic: A
Running command: C:\Users\Keerthan Shetty\OneDrive - KNIME AG\Desktop\Python\ASP\cmapf\camp\Scripts\python.exe C:\Users\Keerthan Shetty\OneDrive - KNIME AG\Desktop\Python\ASP\cmapf\Code\scripts\MAPF_with_priority.py --heuristic-strategy=A --map-file=Instances/maps/empty-32-32.map --scen-file=Instances/scenarios/empty-32-32/empty-32-32-condensed-0.scen --agents=100 C:\Users\Keerthan Shetty\OneDrive - KNIME AG\Desktop\Python\ASP\cmapf\Code\scripts\encodings\encoding_base.lp C:\Users\Keerthan Shetty\OneDrive - KNIME AG\Desktop\Python\ASP\cmapf\Code\scripts\encodings\heuristics_a.lp C:\Users\Keerthan Shetty\OneDrive - KNIME AG\Desktop\Python\ASP\cmapf\Code\Instances/Processed/empty-32-32/empty-32-32-condensed-0/priority1-static.lp --heuristic=domain --horizon=8 --stats
 delta/horizon : 8, time_spent : 0.61
Running command: C:\Users\Keerthan Shetty\OneDrive - KNIME AG\Desktop\Python\ASP\cmapf\camp\Scripts\python.exe C:\Users\Keerthan Shetty\OneDrive - KNIME AG\Desktop\Python\ASP\cmapf\Code\scripts\MAPF_with_priority.py --heuristic-strategy=A --map-file=Instances/maps/empty-32-32.map --scen-file=Instances/scenarios/empty-32-32/empty-32-32-condensed-0.scen --agents=100 C:\Users\Keerthan Shetty\OneDrive - KNIME AG\Desktop\Python\ASP\cmapf\Code\scripts\encodings\encoding_base.lp C:\Users\Keerthan Shetty\OneDrive - KNIME AG\Desktop\Python\ASP\cmapf\Code\scripts\encodings\heuristics_a.lp C:\Users\Keerthan Shetty\OneDrive - KNIME AG\Desktop\Python\ASP\cmapf\Code\Instances/Processed/empty-32-32/empty-32-32-condensed-0/priority1-static.lp --heuristic=domain --horizon=9 --stats
 delta/horizon : 9, time_spent : 0.72
Running command: C:\Users\Keerthan Shetty\OneDrive - KNIME AG\Desktop\Python\ASP\cmapf\camp\Scripts\python.exe C:\Users\Keerthan Shetty\OneDrive - KNIME AG\Desktop\Python\ASP\cmapf\Code\scripts\MAPF_with_priority.py --heuristic-strategy=A --map-file=Instances/maps/empty-32-32.map --scen-file=Instances/scenarios/empty-32-32/empty-32-32-condensed-0.scen --agents=100 C:\Users\Keerthan Shetty\OneDrive - KNIME AG\Desktop\Python\ASP\cmapf\Code\scripts\encodings\encoding_base.lp C:\Users\Keerthan Shetty\OneDrive - KNIME AG\Desktop\Python\ASP\cmapf\Code\scripts\encodings\heuristics_a.lp C:\Users\Keerthan Shetty\OneDrive - KNIME AG\Desktop\Python\ASP\cmapf\Code\Instances/Processed/empty-32-32/empty-32-32-condensed-0/priority1-static.lp --heuristic=domain --horizon=10 --stats
delta/horizon : 10, time : 2.60 (solution found)
Finished processing. Results written to results\makespan\empty-32-32-condensed-0_A_priority1-static.xlsx
