Processing map: Instances/maps/empty-32-32.map, scenario: Instances/scenarios/empty-32-32/empty-32-32-condensed-1.scen with A Heuristics
Running with 5 agents
Agents: 5, Heuristic: A
Running command: C:\Users\Keerthan Shetty\OneDrive - KNIME AG\Desktop\Python\ASP\cmapf\camp\Scripts\python.exe C:\Users\Keerthan Shetty\OneDrive - KNIME AG\Desktop\Python\ASP\cmapf\Code\scripts\MAPF_with_priority.py --heuristic-strategy=A --map-file=Instances/maps/empty-32-32.map --scen-file=Instances/scenarios/empty-32-32/empty-32-32-condensed-1.scen --agents=5 C:\Users\Keerthan Shetty\OneDrive - KNIME AG\Desktop\Python\ASP\cmapf\Code\scripts\encodings\encoding_base.lp C:\Users\Keerthan Shetty\OneDrive - KNIME AG\Desktop\Python\ASP\cmapf\Code\scripts\encodings\heuristics_a.lp C:\Users\Keerthan Shetty\OneDrive - KNIME AG\Desktop\Python\ASP\cmapf\Code\Instances/Processed/empty-32-32/empty-32-32-condensed-1\5\priority9-kpath.lp --heuristic=domain --horizon=10 --stats
delta/horizon : 10, time : 0.37 (solution found)
Running with 10 agents
Agents: 10, Heuristic: A
Running command: C:\Users\Keerthan Shetty\OneDrive - KNIME AG\Desktop\Python\ASP\cmapf\camp\Scripts\python.exe C:\Users\Keerthan Shetty\OneDrive - KNIME AG\Desktop\Python\ASP\cmapf\Code\scripts\MAPF_with_priority.py --heuristic-strategy=A --map-file=Instances/maps/empty-32-32.map --scen-file=Instances/scenarios/empty-32-32/empty-32-32-condensed-1.scen --agents=10 C:\Users\Keerthan Shetty\OneDrive - KNIME AG\Desktop\Python\ASP\cmapf\Code\scripts\encodings\encoding_base.lp C:\Users\Keerthan Shetty\OneDrive - KNIME AG\Desktop\Python\ASP\cmapf\Code\scripts\encodings\heuristics_a.lp C:\Users\Keerthan Shetty\OneDrive - KNIME AG\Desktop\Python\ASP\cmapf\Code\Instances/Processed/empty-32-32/empty-32-32-condensed-1\10\priority9-kpath.lp --heuristic=domain --horizon=10 --stats
delta/horizon : 10, time : 0.38 (solution found)
Running with 15 agents
Agents: 15, Heuristic: A
Running command: C:\Users\Keerthan Shetty\OneDrive - KNIME AG\Desktop\Python\ASP\cmapf\camp\Scripts\python.exe C:\Users\Keerthan Shetty\OneDrive - KNIME AG\Desktop\Python\ASP\cmapf\Code\scripts\MAPF_with_priority.py --heuristic-strategy=A --map-file=Instances/maps/empty-32-32.map --scen-file=Instances/scenarios/empty-32-32/empty-32-32-condensed-1.scen --agents=15 C:\Users\Keerthan Shetty\OneDrive - KNIME AG\Desktop\Python\ASP\cmapf\Code\scripts\encodings\encoding_base.lp C:\Users\Keerthan Shetty\OneDrive - KNIME AG\Desktop\Python\ASP\cmapf\Code\scripts\encodings\heuristics_a.lp C:\Users\Keerthan Shetty\OneDrive - KNIME AG\Desktop\Python\ASP\cmapf\Code\Instances/Processed/empty-32-32/empty-32-32-condensed-1\15\priority9-kpath.lp --heuristic=domain --horizon=10 --stats
delta/horizon : 10, time : 0.37 (solution found)
Running with 20 agents
Agents: 20, Heuristic: A
Running command: C:\Users\Keerthan Shetty\OneDrive - KNIME AG\Desktop\Python\ASP\cmapf\camp\Scripts\python.exe C:\Users\Keerthan Shetty\OneDrive - KNIME AG\Desktop\Python\ASP\cmapf\Code\scripts\MAPF_with_priority.py --heuristic-strategy=A --map-file=Instances/maps/empty-32-32.map --scen-file=Instances/scenarios/empty-32-32/empty-32-32-condensed-1.scen --agents=20 C:\Users\Keerthan Shetty\OneDrive - KNIME AG\Desktop\Python\ASP\cmapf\Code\scripts\encodings\encoding_base.lp C:\Users\Keerthan Shetty\OneDrive - KNIME AG\Desktop\Python\ASP\cmapf\Code\scripts\encodings\heuristics_a.lp C:\Users\Keerthan Shetty\OneDrive - KNIME AG\Desktop\Python\ASP\cmapf\Code\Instances/Processed/empty-32-32/empty-32-32-condensed-1\20\priority9-kpath.lp --heuristic=domain --horizon=10 --stats
delta/horizon : 10, time : 0.37 (solution found)
Running with 25 agents
Agents: 25, Heuristic: A
Running command: C:\Users\Keerthan Shetty\OneDrive - KNIME AG\Desktop\Python\ASP\cmapf\camp\Scripts\python.exe C:\Users\Keerthan Shetty\OneDrive - KNIME AG\Desktop\Python\ASP\cmapf\Code\scripts\MAPF_with_priority.py --heuristic-strategy=A --map-file=Instances/maps/empty-32-32.map --scen-file=Instances/scenarios/empty-32-32/empty-32-32-condensed-1.scen --agents=25 C:\Users\Keerthan Shetty\OneDrive - KNIME AG\Desktop\Python\ASP\cmapf\Code\scripts\encodings\encoding_base.lp C:\Users\Keerthan Shetty\OneDrive - KNIME AG\Desktop\Python\ASP\cmapf\Code\scripts\encodings\heuristics_a.lp C:\Users\Keerthan Shetty\OneDrive - KNIME AG\Desktop\Python\ASP\cmapf\Code\Instances/Processed/empty-32-32/empty-32-32-condensed-1\25\priority9-kpath.lp --heuristic=domain --horizon=10 --stats
 delta/horizon : 10, time_spent : 0.44
Running command: C:\Users\Keerthan Shetty\OneDrive - KNIME AG\Desktop\Python\ASP\cmapf\camp\Scripts\python.exe C:\Users\Keerthan Shetty\OneDrive - KNIME AG\Desktop\Python\ASP\cmapf\Code\scripts\MAPF_with_priority.py --heuristic-strategy=A --map-file=Instances/maps/empty-32-32.map --scen-file=Instances/scenarios/empty-32-32/empty-32-32-condensed-1.scen --agents=25 C:\Users\Keerthan Shetty\OneDrive - KNIME AG\Desktop\Python\ASP\cmapf\Code\scripts\encodings\encoding_base.lp C:\Users\Keerthan Shetty\OneDrive - KNIME AG\Desktop\Python\ASP\cmapf\Code\scripts\encodings\heuristics_a.lp C:\Users\Keerthan Shetty\OneDrive - KNIME AG\Desktop\Python\ASP\cmapf\Code\Instances/Processed/empty-32-32/empty-32-32-condensed-1\25\priority9-kpath.lp --heuristic=domain --horizon=11 --stats
delta/horizon : 11, time : 0.98 (solution found)
Running with 30 agents
Agents: 30, Heuristic: A
Running command: C:\Users\Keerthan Shetty\OneDrive - KNIME AG\Desktop\Python\ASP\cmapf\camp\Scripts\python.exe C:\Users\Keerthan Shetty\OneDrive - KNIME AG\Desktop\Python\ASP\cmapf\Code\scripts\MAPF_with_priority.py --heuristic-strategy=A --map-file=Instances/maps/empty-32-32.map --scen-file=Instances/scenarios/empty-32-32/empty-32-32-condensed-1.scen --agents=30 C:\Users\Keerthan Shetty\OneDrive - KNIME AG\Desktop\Python\ASP\cmapf\Code\scripts\encodings\encoding_base.lp C:\Users\Keerthan Shetty\OneDrive - KNIME AG\Desktop\Python\ASP\cmapf\Code\scripts\encodings\heuristics_a.lp C:\Users\Keerthan Shetty\OneDrive - KNIME AG\Desktop\Python\ASP\cmapf\Code\Instances/Processed/empty-32-32/empty-32-32-condensed-1\30\priority9-kpath.lp --heuristic=domain --horizon=10 --stats
 delta/horizon : 10, time_spent : 0.38
Running command: C:\Users\Keerthan Shetty\OneDrive - KNIME AG\Desktop\Python\ASP\cmapf\camp\Scripts\python.exe C:\Users\Keerthan Shetty\OneDrive - KNIME AG\Desktop\Python\ASP\cmapf\Code\scripts\MAPF_with_priority.py --heuristic-strategy=A --map-file=Instances/maps/empty-32-32.map --scen-file=Instances/scenarios/empty-32-32/empty-32-32-condensed-1.scen --agents=30 C:\Users\Keerthan Shetty\OneDrive - KNIME AG\Desktop\Python\ASP\cmapf\Code\scripts\encodings\encoding_base.lp C:\Users\Keerthan Shetty\OneDrive - KNIME AG\Desktop\Python\ASP\cmapf\Code\scripts\encodings\heuristics_a.lp C:\Users\Keerthan Shetty\OneDrive - KNIME AG\Desktop\Python\ASP\cmapf\Code\Instances/Processed/empty-32-32/empty-32-32-condensed-1\30\priority9-kpath.lp --heuristic=domain --horizon=11 --stats
delta/horizon : 11, time : 0.79 (solution found)
Running with 35 agents
Agents: 35, Heuristic: A
Running command: C:\Users\Keerthan Shetty\OneDrive - KNIME AG\Desktop\Python\ASP\cmapf\camp\Scripts\python.exe C:\Users\Keerthan Shetty\OneDrive - KNIME AG\Desktop\Python\ASP\cmapf\Code\scripts\MAPF_with_priority.py --heuristic-strategy=A --map-file=Instances/maps/empty-32-32.map --scen-file=Instances/scenarios/empty-32-32/empty-32-32-condensed-1.scen --agents=35 C:\Users\Keerthan Shetty\OneDrive - KNIME AG\Desktop\Python\ASP\cmapf\Code\scripts\encodings\encoding_base.lp C:\Users\Keerthan Shetty\OneDrive - KNIME AG\Desktop\Python\ASP\cmapf\Code\scripts\encodings\heuristics_a.lp C:\Users\Keerthan Shetty\OneDrive - KNIME AG\Desktop\Python\ASP\cmapf\Code\Instances/Processed/empty-32-32/empty-32-32-condensed-1\35\priority9-kpath.lp --heuristic=domain --horizon=10 --stats
 delta/horizon : 10, time_spent : 0.34
Running command: C:\Users\Keerthan Shetty\OneDrive - KNIME AG\Desktop\Python\ASP\cmapf\camp\Scripts\python.exe C:\Users\Keerthan Shetty\OneDrive - KNIME AG\Desktop\Python\ASP\cmapf\Code\scripts\MAPF_with_priority.py --heuristic-strategy=A --map-file=Instances/maps/empty-32-32.map --scen-file=Instances/scenarios/empty-32-32/empty-32-32-condensed-1.scen --agents=35 C:\Users\Keerthan Shetty\OneDrive - KNIME AG\Desktop\Python\ASP\cmapf\Code\scripts\encodings\encoding_base.lp C:\Users\Keerthan Shetty\OneDrive - KNIME AG\Desktop\Python\ASP\cmapf\Code\scripts\encodings\heuristics_a.lp C:\Users\Keerthan Shetty\OneDrive - KNIME AG\Desktop\Python\ASP\cmapf\Code\Instances/Processed/empty-32-32/empty-32-32-condensed-1\35\priority9-kpath.lp --heuristic=domain --horizon=11 --stats
 delta/horizon : 11, time_spent : 0.39
Running command: C:\Users\Keerthan Shetty\OneDrive - KNIME AG\Desktop\Python\ASP\cmapf\camp\Scripts\python.exe C:\Users\Keerthan Shetty\OneDrive - KNIME AG\Desktop\Python\ASP\cmapf\Code\scripts\MAPF_with_priority.py --heuristic-strategy=A --map-file=Instances/maps/empty-32-32.map --scen-file=Instances/scenarios/empty-32-32/empty-32-32-condensed-1.scen --agents=35 C:\Users\Keerthan Shetty\OneDrive - KNIME AG\Desktop\Python\ASP\cmapf\Code\scripts\encodings\encoding_base.lp C:\Users\Keerthan Shetty\OneDrive - KNIME AG\Desktop\Python\ASP\cmapf\Code\scripts\encodings\heuristics_a.lp C:\Users\Keerthan Shetty\OneDrive - KNIME AG\Desktop\Python\ASP\cmapf\Code\Instances/Processed/empty-32-32/empty-32-32-condensed-1\35\priority9-kpath.lp --heuristic=domain --horizon=12 --stats
delta/horizon : 12, time : 1.32 (solution found)
Running with 40 agents
Agents: 40, Heuristic: A
Running command: C:\Users\Keerthan Shetty\OneDrive - KNIME AG\Desktop\Python\ASP\cmapf\camp\Scripts\python.exe C:\Users\Keerthan Shetty\OneDrive - KNIME AG\Desktop\Python\ASP\cmapf\Code\scripts\MAPF_with_priority.py --heuristic-strategy=A --map-file=Instances/maps/empty-32-32.map --scen-file=Instances/scenarios/empty-32-32/empty-32-32-condensed-1.scen --agents=40 C:\Users\Keerthan Shetty\OneDrive - KNIME AG\Desktop\Python\ASP\cmapf\Code\scripts\encodings\encoding_base.lp C:\Users\Keerthan Shetty\OneDrive - KNIME AG\Desktop\Python\ASP\cmapf\Code\scripts\encodings\heuristics_a.lp C:\Users\Keerthan Shetty\OneDrive - KNIME AG\Desktop\Python\ASP\cmapf\Code\Instances/Processed/empty-32-32/empty-32-32-condensed-1\40\priority9-kpath.lp --heuristic=domain --horizon=10 --stats
 delta/horizon : 10, time_spent : 0.38
Running command: C:\Users\Keerthan Shetty\OneDrive - KNIME AG\Desktop\Python\ASP\cmapf\camp\Scripts\python.exe C:\Users\Keerthan Shetty\OneDrive - KNIME AG\Desktop\Python\ASP\cmapf\Code\scripts\MAPF_with_priority.py --heuristic-strategy=A --map-file=Instances/maps/empty-32-32.map --scen-file=Instances/scenarios/empty-32-32/empty-32-32-condensed-1.scen --agents=40 C:\Users\Keerthan Shetty\OneDrive - KNIME AG\Desktop\Python\ASP\cmapf\Code\scripts\encodings\encoding_base.lp C:\Users\Keerthan Shetty\OneDrive - KNIME AG\Desktop\Python\ASP\cmapf\Code\scripts\encodings\heuristics_a.lp C:\Users\Keerthan Shetty\OneDrive - KNIME AG\Desktop\Python\ASP\cmapf\Code\Instances/Processed/empty-32-32/empty-32-32-condensed-1\40\priority9-kpath.lp --heuristic=domain --horizon=11 --stats
 delta/horizon : 11, time_spent : 0.39
Running command: C:\Users\Keerthan Shetty\OneDrive - KNIME AG\Desktop\Python\ASP\cmapf\camp\Scripts\python.exe C:\Users\Keerthan Shetty\OneDrive - KNIME AG\Desktop\Python\ASP\cmapf\Code\scripts\MAPF_with_priority.py --heuristic-strategy=A --map-file=Instances/maps/empty-32-32.map --scen-file=Instances/scenarios/empty-32-32/empty-32-32-condensed-1.scen --agents=40 C:\Users\Keerthan Shetty\OneDrive - KNIME AG\Desktop\Python\ASP\cmapf\Code\scripts\encodings\encoding_base.lp C:\Users\Keerthan Shetty\OneDrive - KNIME AG\Desktop\Python\ASP\cmapf\Code\scripts\encodings\heuristics_a.lp C:\Users\Keerthan Shetty\OneDrive - KNIME AG\Desktop\Python\ASP\cmapf\Code\Instances/Processed/empty-32-32/empty-32-32-condensed-1\40\priority9-kpath.lp --heuristic=domain --horizon=12 --stats
delta/horizon : 12, time : 1.42 (solution found)
Running with 45 agents
Agents: 45, Heuristic: A
Running command: C:\Users\Keerthan Shetty\OneDrive - KNIME AG\Desktop\Python\ASP\cmapf\camp\Scripts\python.exe C:\Users\Keerthan Shetty\OneDrive - KNIME AG\Desktop\Python\ASP\cmapf\Code\scripts\MAPF_with_priority.py --heuristic-strategy=A --map-file=Instances/maps/empty-32-32.map --scen-file=Instances/scenarios/empty-32-32/empty-32-32-condensed-1.scen --agents=45 C:\Users\Keerthan Shetty\OneDrive - KNIME AG\Desktop\Python\ASP\cmapf\Code\scripts\encodings\encoding_base.lp C:\Users\Keerthan Shetty\OneDrive - KNIME AG\Desktop\Python\ASP\cmapf\Code\scripts\encodings\heuristics_a.lp C:\Users\Keerthan Shetty\OneDrive - KNIME AG\Desktop\Python\ASP\cmapf\Code\Instances/Processed/empty-32-32/empty-32-32-condensed-1\45\priority9-kpath.lp --heuristic=domain --horizon=10 --stats
 delta/horizon : 10, time_spent : 0.37
Running command: C:\Users\Keerthan Shetty\OneDrive - KNIME AG\Desktop\Python\ASP\cmapf\camp\Scripts\python.exe C:\Users\Keerthan Shetty\OneDrive - KNIME AG\Desktop\Python\ASP\cmapf\Code\scripts\MAPF_with_priority.py --heuristic-strategy=A --map-file=Instances/maps/empty-32-32.map --scen-file=Instances/scenarios/empty-32-32/empty-32-32-condensed-1.scen --agents=45 C:\Users\Keerthan Shetty\OneDrive - KNIME AG\Desktop\Python\ASP\cmapf\Code\scripts\encodings\encoding_base.lp C:\Users\Keerthan Shetty\OneDrive - KNIME AG\Desktop\Python\ASP\cmapf\Code\scripts\encodings\heuristics_a.lp C:\Users\Keerthan Shetty\OneDrive - KNIME AG\Desktop\Python\ASP\cmapf\Code\Instances/Processed/empty-32-32/empty-32-32-condensed-1\45\priority9-kpath.lp --heuristic=domain --horizon=11 --stats
 delta/horizon : 11, time_spent : 0.48
Running command: C:\Users\Keerthan Shetty\OneDrive - KNIME AG\Desktop\Python\ASP\cmapf\camp\Scripts\python.exe C:\Users\Keerthan Shetty\OneDrive - KNIME AG\Desktop\Python\ASP\cmapf\Code\scripts\MAPF_with_priority.py --heuristic-strategy=A --map-file=Instances/maps/empty-32-32.map --scen-file=Instances/scenarios/empty-32-32/empty-32-32-condensed-1.scen --agents=45 C:\Users\Keerthan Shetty\OneDrive - KNIME AG\Desktop\Python\ASP\cmapf\Code\scripts\encodings\encoding_base.lp C:\Users\Keerthan Shetty\OneDrive - KNIME AG\Desktop\Python\ASP\cmapf\Code\scripts\encodings\heuristics_a.lp C:\Users\Keerthan Shetty\OneDrive - KNIME AG\Desktop\Python\ASP\cmapf\Code\Instances/Processed/empty-32-32/empty-32-32-condensed-1\45\priority9-kpath.lp --heuristic=domain --horizon=12 --stats
delta/horizon : 12, time : 1.59 (solution found)
Running with 50 agents
Agents: 50, Heuristic: A
Running command: C:\Users\Keerthan Shetty\OneDrive - KNIME AG\Desktop\Python\ASP\cmapf\camp\Scripts\python.exe C:\Users\Keerthan Shetty\OneDrive - KNIME AG\Desktop\Python\ASP\cmapf\Code\scripts\MAPF_with_priority.py --heuristic-strategy=A --map-file=Instances/maps/empty-32-32.map --scen-file=Instances/scenarios/empty-32-32/empty-32-32-condensed-1.scen --agents=50 C:\Users\Keerthan Shetty\OneDrive - KNIME AG\Desktop\Python\ASP\cmapf\Code\scripts\encodings\encoding_base.lp C:\Users\Keerthan Shetty\OneDrive - KNIME AG\Desktop\Python\ASP\cmapf\Code\scripts\encodings\heuristics_a.lp C:\Users\Keerthan Shetty\OneDrive - KNIME AG\Desktop\Python\ASP\cmapf\Code\Instances/Processed/empty-32-32/empty-32-32-condensed-1\50\priority9-kpath.lp --heuristic=domain --horizon=10 --stats
 delta/horizon : 10, time_spent : 0.35
Running command: C:\Users\Keerthan Shetty\OneDrive - KNIME AG\Desktop\Python\ASP\cmapf\camp\Scripts\python.exe C:\Users\Keerthan Shetty\OneDrive - KNIME AG\Desktop\Python\ASP\cmapf\Code\scripts\MAPF_with_priority.py --heuristic-strategy=A --map-file=Instances/maps/empty-32-32.map --scen-file=Instances/scenarios/empty-32-32/empty-32-32-condensed-1.scen --agents=50 C:\Users\Keerthan Shetty\OneDrive - KNIME AG\Desktop\Python\ASP\cmapf\Code\scripts\encodings\encoding_base.lp C:\Users\Keerthan Shetty\OneDrive - KNIME AG\Desktop\Python\ASP\cmapf\Code\scripts\encodings\heuristics_a.lp C:\Users\Keerthan Shetty\OneDrive - KNIME AG\Desktop\Python\ASP\cmapf\Code\Instances/Processed/empty-32-32/empty-32-32-condensed-1\50\priority9-kpath.lp --heuristic=domain --horizon=11 --stats
 delta/horizon : 11, time_spent : 0.50
Running command: C:\Users\Keerthan Shetty\OneDrive - KNIME AG\Desktop\Python\ASP\cmapf\camp\Scripts\python.exe C:\Users\Keerthan Shetty\OneDrive - KNIME AG\Desktop\Python\ASP\cmapf\Code\scripts\MAPF_with_priority.py --heuristic-strategy=A --map-file=Instances/maps/empty-32-32.map --scen-file=Instances/scenarios/empty-32-32/empty-32-32-condensed-1.scen --agents=50 C:\Users\Keerthan Shetty\OneDrive - KNIME AG\Desktop\Python\ASP\cmapf\Code\scripts\encodings\encoding_base.lp C:\Users\Keerthan Shetty\OneDrive - KNIME AG\Desktop\Python\ASP\cmapf\Code\scripts\encodings\heuristics_a.lp C:\Users\Keerthan Shetty\OneDrive - KNIME AG\Desktop\Python\ASP\cmapf\Code\Instances/Processed/empty-32-32/empty-32-32-condensed-1\50\priority9-kpath.lp --heuristic=domain --horizon=12 --stats
delta/horizon : 12, time : 1.60 (solution found)
Running with 55 agents
Agents: 55, Heuristic: A
Running command: C:\Users\Keerthan Shetty\OneDrive - KNIME AG\Desktop\Python\ASP\cmapf\camp\Scripts\python.exe C:\Users\Keerthan Shetty\OneDrive - KNIME AG\Desktop\Python\ASP\cmapf\Code\scripts\MAPF_with_priority.py --heuristic-strategy=A --map-file=Instances/maps/empty-32-32.map --scen-file=Instances/scenarios/empty-32-32/empty-32-32-condensed-1.scen --agents=55 C:\Users\Keerthan Shetty\OneDrive - KNIME AG\Desktop\Python\ASP\cmapf\Code\scripts\encodings\encoding_base.lp C:\Users\Keerthan Shetty\OneDrive - KNIME AG\Desktop\Python\ASP\cmapf\Code\scripts\encodings\heuristics_a.lp C:\Users\Keerthan Shetty\OneDrive - KNIME AG\Desktop\Python\ASP\cmapf\Code\Instances/Processed/empty-32-32/empty-32-32-condensed-1\55\priority9-kpath.lp --heuristic=domain --horizon=10 --stats
 delta/horizon : 10, time_spent : 0.42
Running command: C:\Users\Keerthan Shetty\OneDrive - KNIME AG\Desktop\Python\ASP\cmapf\camp\Scripts\python.exe C:\Users\Keerthan Shetty\OneDrive - KNIME AG\Desktop\Python\ASP\cmapf\Code\scripts\MAPF_with_priority.py --heuristic-strategy=A --map-file=Instances/maps/empty-32-32.map --scen-file=Instances/scenarios/empty-32-32/empty-32-32-condensed-1.scen --agents=55 C:\Users\Keerthan Shetty\OneDrive - KNIME AG\Desktop\Python\ASP\cmapf\Code\scripts\encodings\encoding_base.lp C:\Users\Keerthan Shetty\OneDrive - KNIME AG\Desktop\Python\ASP\cmapf\Code\scripts\encodings\heuristics_a.lp C:\Users\Keerthan Shetty\OneDrive - KNIME AG\Desktop\Python\ASP\cmapf\Code\Instances/Processed/empty-32-32/empty-32-32-condensed-1\55\priority9-kpath.lp --heuristic=domain --horizon=11 --stats
 delta/horizon : 11, time_spent : 0.55
Running command: C:\Users\Keerthan Shetty\OneDrive - KNIME AG\Desktop\Python\ASP\cmapf\camp\Scripts\python.exe C:\Users\Keerthan Shetty\OneDrive - KNIME AG\Desktop\Python\ASP\cmapf\Code\scripts\MAPF_with_priority.py --heuristic-strategy=A --map-file=Instances/maps/empty-32-32.map --scen-file=Instances/scenarios/empty-32-32/empty-32-32-condensed-1.scen --agents=55 C:\Users\Keerthan Shetty\OneDrive - KNIME AG\Desktop\Python\ASP\cmapf\Code\scripts\encodings\encoding_base.lp C:\Users\Keerthan Shetty\OneDrive - KNIME AG\Desktop\Python\ASP\cmapf\Code\scripts\encodings\heuristics_a.lp C:\Users\Keerthan Shetty\OneDrive - KNIME AG\Desktop\Python\ASP\cmapf\Code\Instances/Processed/empty-32-32/empty-32-32-condensed-1\55\priority9-kpath.lp --heuristic=domain --horizon=12 --stats
delta/horizon : 12, time : 1.89 (solution found)
Running with 60 agents
Agents: 60, Heuristic: A
Running command: C:\Users\Keerthan Shetty\OneDrive - KNIME AG\Desktop\Python\ASP\cmapf\camp\Scripts\python.exe C:\Users\Keerthan Shetty\OneDrive - KNIME AG\Desktop\Python\ASP\cmapf\Code\scripts\MAPF_with_priority.py --heuristic-strategy=A --map-file=Instances/maps/empty-32-32.map --scen-file=Instances/scenarios/empty-32-32/empty-32-32-condensed-1.scen --agents=60 C:\Users\Keerthan Shetty\OneDrive - KNIME AG\Desktop\Python\ASP\cmapf\Code\scripts\encodings\encoding_base.lp C:\Users\Keerthan Shetty\OneDrive - KNIME AG\Desktop\Python\ASP\cmapf\Code\scripts\encodings\heuristics_a.lp C:\Users\Keerthan Shetty\OneDrive - KNIME AG\Desktop\Python\ASP\cmapf\Code\Instances/Processed/empty-32-32/empty-32-32-condensed-1\60\priority9-kpath.lp --heuristic=domain --horizon=10 --stats
 delta/horizon : 10, time_spent : 0.43
Running command: C:\Users\Keerthan Shetty\OneDrive - KNIME AG\Desktop\Python\ASP\cmapf\camp\Scripts\python.exe C:\Users\Keerthan Shetty\OneDrive - KNIME AG\Desktop\Python\ASP\cmapf\Code\scripts\MAPF_with_priority.py --heuristic-strategy=A --map-file=Instances/maps/empty-32-32.map --scen-file=Instances/scenarios/empty-32-32/empty-32-32-condensed-1.scen --agents=60 C:\Users\Keerthan Shetty\OneDrive - KNIME AG\Desktop\Python\ASP\cmapf\Code\scripts\encodings\encoding_base.lp C:\Users\Keerthan Shetty\OneDrive - KNIME AG\Desktop\Python\ASP\cmapf\Code\scripts\encodings\heuristics_a.lp C:\Users\Keerthan Shetty\OneDrive - KNIME AG\Desktop\Python\ASP\cmapf\Code\Instances/Processed/empty-32-32/empty-32-32-condensed-1\60\priority9-kpath.lp --heuristic=domain --horizon=11 --stats
 delta/horizon : 11, time_spent : 0.58
Running command: C:\Users\Keerthan Shetty\OneDrive - KNIME AG\Desktop\Python\ASP\cmapf\camp\Scripts\python.exe C:\Users\Keerthan Shetty\OneDrive - KNIME AG\Desktop\Python\ASP\cmapf\Code\scripts\MAPF_with_priority.py --heuristic-strategy=A --map-file=Instances/maps/empty-32-32.map --scen-file=Instances/scenarios/empty-32-32/empty-32-32-condensed-1.scen --agents=60 C:\Users\Keerthan Shetty\OneDrive - KNIME AG\Desktop\Python\ASP\cmapf\Code\scripts\encodings\encoding_base.lp C:\Users\Keerthan Shetty\OneDrive - KNIME AG\Desktop\Python\ASP\cmapf\Code\scripts\encodings\heuristics_a.lp C:\Users\Keerthan Shetty\OneDrive - KNIME AG\Desktop\Python\ASP\cmapf\Code\Instances/Processed/empty-32-32/empty-32-32-condensed-1\60\priority9-kpath.lp --heuristic=domain --horizon=12 --stats
delta/horizon : 12, time : 1.88 (solution found)
Running with 65 agents
Agents: 65, Heuristic: A
Running command: C:\Users\Keerthan Shetty\OneDrive - KNIME AG\Desktop\Python\ASP\cmapf\camp\Scripts\python.exe C:\Users\Keerthan Shetty\OneDrive - KNIME AG\Desktop\Python\ASP\cmapf\Code\scripts\MAPF_with_priority.py --heuristic-strategy=A --map-file=Instances/maps/empty-32-32.map --scen-file=Instances/scenarios/empty-32-32/empty-32-32-condensed-1.scen --agents=65 C:\Users\Keerthan Shetty\OneDrive - KNIME AG\Desktop\Python\ASP\cmapf\Code\scripts\encodings\encoding_base.lp C:\Users\Keerthan Shetty\OneDrive - KNIME AG\Desktop\Python\ASP\cmapf\Code\scripts\encodings\heuristics_a.lp C:\Users\Keerthan Shetty\OneDrive - KNIME AG\Desktop\Python\ASP\cmapf\Code\Instances/Processed/empty-32-32/empty-32-32-condensed-1\65\priority9-kpath.lp --heuristic=domain --horizon=10 --stats
 delta/horizon : 10, time_spent : 0.39
Running command: C:\Users\Keerthan Shetty\OneDrive - KNIME AG\Desktop\Python\ASP\cmapf\camp\Scripts\python.exe C:\Users\Keerthan Shetty\OneDrive - KNIME AG\Desktop\Python\ASP\cmapf\Code\scripts\MAPF_with_priority.py --heuristic-strategy=A --map-file=Instances/maps/empty-32-32.map --scen-file=Instances/scenarios/empty-32-32/empty-32-32-condensed-1.scen --agents=65 C:\Users\Keerthan Shetty\OneDrive - KNIME AG\Desktop\Python\ASP\cmapf\Code\scripts\encodings\encoding_base.lp C:\Users\Keerthan Shetty\OneDrive - KNIME AG\Desktop\Python\ASP\cmapf\Code\scripts\encodings\heuristics_a.lp C:\Users\Keerthan Shetty\OneDrive - KNIME AG\Desktop\Python\ASP\cmapf\Code\Instances/Processed/empty-32-32/empty-32-32-condensed-1\65\priority9-kpath.lp --heuristic=domain --horizon=11 --stats
 delta/horizon : 11, time_spent : 0.55
Running command: C:\Users\Keerthan Shetty\OneDrive - KNIME AG\Desktop\Python\ASP\cmapf\camp\Scripts\python.exe C:\Users\Keerthan Shetty\OneDrive - KNIME AG\Desktop\Python\ASP\cmapf\Code\scripts\MAPF_with_priority.py --heuristic-strategy=A --map-file=Instances/maps/empty-32-32.map --scen-file=Instances/scenarios/empty-32-32/empty-32-32-condensed-1.scen --agents=65 C:\Users\Keerthan Shetty\OneDrive - KNIME AG\Desktop\Python\ASP\cmapf\Code\scripts\encodings\encoding_base.lp C:\Users\Keerthan Shetty\OneDrive - KNIME AG\Desktop\Python\ASP\cmapf\Code\scripts\encodings\heuristics_a.lp C:\Users\Keerthan Shetty\OneDrive - KNIME AG\Desktop\Python\ASP\cmapf\Code\Instances/Processed/empty-32-32/empty-32-32-condensed-1\65\priority9-kpath.lp --heuristic=domain --horizon=12 --stats
delta/horizon : 12, time : 1.96 (solution found)
Running with 70 agents
Agents: 70, Heuristic: A
Running command: C:\Users\Keerthan Shetty\OneDrive - KNIME AG\Desktop\Python\ASP\cmapf\camp\Scripts\python.exe C:\Users\Keerthan Shetty\OneDrive - KNIME AG\Desktop\Python\ASP\cmapf\Code\scripts\MAPF_with_priority.py --heuristic-strategy=A --map-file=Instances/maps/empty-32-32.map --scen-file=Instances/scenarios/empty-32-32/empty-32-32-condensed-1.scen --agents=70 C:\Users\Keerthan Shetty\OneDrive - KNIME AG\Desktop\Python\ASP\cmapf\Code\scripts\encodings\encoding_base.lp C:\Users\Keerthan Shetty\OneDrive - KNIME AG\Desktop\Python\ASP\cmapf\Code\scripts\encodings\heuristics_a.lp C:\Users\Keerthan Shetty\OneDrive - KNIME AG\Desktop\Python\ASP\cmapf\Code\Instances/Processed/empty-32-32/empty-32-32-condensed-1\70\priority9-kpath.lp --heuristic=domain --horizon=10 --stats
 delta/horizon : 10, time_spent : 0.53
Running command: C:\Users\Keerthan Shetty\OneDrive - KNIME AG\Desktop\Python\ASP\cmapf\camp\Scripts\python.exe C:\Users\Keerthan Shetty\OneDrive - KNIME AG\Desktop\Python\ASP\cmapf\Code\scripts\MAPF_with_priority.py --heuristic-strategy=A --map-file=Instances/maps/empty-32-32.map --scen-file=Instances/scenarios/empty-32-32/empty-32-32-condensed-1.scen --agents=70 C:\Users\Keerthan Shetty\OneDrive - KNIME AG\Desktop\Python\ASP\cmapf\Code\scripts\encodings\encoding_base.lp C:\Users\Keerthan Shetty\OneDrive - KNIME AG\Desktop\Python\ASP\cmapf\Code\scripts\encodings\heuristics_a.lp C:\Users\Keerthan Shetty\OneDrive - KNIME AG\Desktop\Python\ASP\cmapf\Code\Instances/Processed/empty-32-32/empty-32-32-condensed-1\70\priority9-kpath.lp --heuristic=domain --horizon=11 --stats
 delta/horizon : 11, time_spent : 0.63
Running command: C:\Users\Keerthan Shetty\OneDrive - KNIME AG\Desktop\Python\ASP\cmapf\camp\Scripts\python.exe C:\Users\Keerthan Shetty\OneDrive - KNIME AG\Desktop\Python\ASP\cmapf\Code\scripts\MAPF_with_priority.py --heuristic-strategy=A --map-file=Instances/maps/empty-32-32.map --scen-file=Instances/scenarios/empty-32-32/empty-32-32-condensed-1.scen --agents=70 C:\Users\Keerthan Shetty\OneDrive - KNIME AG\Desktop\Python\ASP\cmapf\Code\scripts\encodings\encoding_base.lp C:\Users\Keerthan Shetty\OneDrive - KNIME AG\Desktop\Python\ASP\cmapf\Code\scripts\encodings\heuristics_a.lp C:\Users\Keerthan Shetty\OneDrive - KNIME AG\Desktop\Python\ASP\cmapf\Code\Instances/Processed/empty-32-32/empty-32-32-condensed-1\70\priority9-kpath.lp --heuristic=domain --horizon=12 --stats
delta/horizon : 12, time : 2.25 (solution found)
Running with 75 agents
Agents: 75, Heuristic: A
Running command: C:\Users\Keerthan Shetty\OneDrive - KNIME AG\Desktop\Python\ASP\cmapf\camp\Scripts\python.exe C:\Users\Keerthan Shetty\OneDrive - KNIME AG\Desktop\Python\ASP\cmapf\Code\scripts\MAPF_with_priority.py --heuristic-strategy=A --map-file=Instances/maps/empty-32-32.map --scen-file=Instances/scenarios/empty-32-32/empty-32-32-condensed-1.scen --agents=75 C:\Users\Keerthan Shetty\OneDrive - KNIME AG\Desktop\Python\ASP\cmapf\Code\scripts\encodings\encoding_base.lp C:\Users\Keerthan Shetty\OneDrive - KNIME AG\Desktop\Python\ASP\cmapf\Code\scripts\encodings\heuristics_a.lp C:\Users\Keerthan Shetty\OneDrive - KNIME AG\Desktop\Python\ASP\cmapf\Code\Instances/Processed/empty-32-32/empty-32-32-condensed-1\75\priority9-kpath.lp --heuristic=domain --horizon=10 --stats
 delta/horizon : 10, time_spent : 0.48
Running command: C:\Users\Keerthan Shetty\OneDrive - KNIME AG\Desktop\Python\ASP\cmapf\camp\Scripts\python.exe C:\Users\Keerthan Shetty\OneDrive - KNIME AG\Desktop\Python\ASP\cmapf\Code\scripts\MAPF_with_priority.py --heuristic-strategy=A --map-file=Instances/maps/empty-32-32.map --scen-file=Instances/scenarios/empty-32-32/empty-32-32-condensed-1.scen --agents=75 C:\Users\Keerthan Shetty\OneDrive - KNIME AG\Desktop\Python\ASP\cmapf\Code\scripts\encodings\encoding_base.lp C:\Users\Keerthan Shetty\OneDrive - KNIME AG\Desktop\Python\ASP\cmapf\Code\scripts\encodings\heuristics_a.lp C:\Users\Keerthan Shetty\OneDrive - KNIME AG\Desktop\Python\ASP\cmapf\Code\Instances/Processed/empty-32-32/empty-32-32-condensed-1\75\priority9-kpath.lp --heuristic=domain --horizon=11 --stats
 delta/horizon : 11, time_spent : 0.64
Running command: C:\Users\Keerthan Shetty\OneDrive - KNIME AG\Desktop\Python\ASP\cmapf\camp\Scripts\python.exe C:\Users\Keerthan Shetty\OneDrive - KNIME AG\Desktop\Python\ASP\cmapf\Code\scripts\MAPF_with_priority.py --heuristic-strategy=A --map-file=Instances/maps/empty-32-32.map --scen-file=Instances/scenarios/empty-32-32/empty-32-32-condensed-1.scen --agents=75 C:\Users\Keerthan Shetty\OneDrive - KNIME AG\Desktop\Python\ASP\cmapf\Code\scripts\encodings\encoding_base.lp C:\Users\Keerthan Shetty\OneDrive - KNIME AG\Desktop\Python\ASP\cmapf\Code\scripts\encodings\heuristics_a.lp C:\Users\Keerthan Shetty\OneDrive - KNIME AG\Desktop\Python\ASP\cmapf\Code\Instances/Processed/empty-32-32/empty-32-32-condensed-1\75\priority9-kpath.lp --heuristic=domain --horizon=12 --stats
delta/horizon : 12, time : 2.18 (solution found)
Running with 80 agents
Agents: 80, Heuristic: A
Running command: C:\Users\Keerthan Shetty\OneDrive - KNIME AG\Desktop\Python\ASP\cmapf\camp\Scripts\python.exe C:\Users\Keerthan Shetty\OneDrive - KNIME AG\Desktop\Python\ASP\cmapf\Code\scripts\MAPF_with_priority.py --heuristic-strategy=A --map-file=Instances/maps/empty-32-32.map --scen-file=Instances/scenarios/empty-32-32/empty-32-32-condensed-1.scen --agents=80 C:\Users\Keerthan Shetty\OneDrive - KNIME AG\Desktop\Python\ASP\cmapf\Code\scripts\encodings\encoding_base.lp C:\Users\Keerthan Shetty\OneDrive - KNIME AG\Desktop\Python\ASP\cmapf\Code\scripts\encodings\heuristics_a.lp C:\Users\Keerthan Shetty\OneDrive - KNIME AG\Desktop\Python\ASP\cmapf\Code\Instances/Processed/empty-32-32/empty-32-32-condensed-1\80\priority9-kpath.lp --heuristic=domain --horizon=10 --stats
 delta/horizon : 10, time_spent : 0.41
Running command: C:\Users\Keerthan Shetty\OneDrive - KNIME AG\Desktop\Python\ASP\cmapf\camp\Scripts\python.exe C:\Users\Keerthan Shetty\OneDrive - KNIME AG\Desktop\Python\ASP\cmapf\Code\scripts\MAPF_with_priority.py --heuristic-strategy=A --map-file=Instances/maps/empty-32-32.map --scen-file=Instances/scenarios/empty-32-32/empty-32-32-condensed-1.scen --agents=80 C:\Users\Keerthan Shetty\OneDrive - KNIME AG\Desktop\Python\ASP\cmapf\Code\scripts\encodings\encoding_base.lp C:\Users\Keerthan Shetty\OneDrive - KNIME AG\Desktop\Python\ASP\cmapf\Code\scripts\encodings\heuristics_a.lp C:\Users\Keerthan Shetty\OneDrive - KNIME AG\Desktop\Python\ASP\cmapf\Code\Instances/Processed/empty-32-32/empty-32-32-condensed-1\80\priority9-kpath.lp --heuristic=domain --horizon=11 --stats
 delta/horizon : 11, time_spent : 0.60
Running command: C:\Users\Keerthan Shetty\OneDrive - KNIME AG\Desktop\Python\ASP\cmapf\camp\Scripts\python.exe C:\Users\Keerthan Shetty\OneDrive - KNIME AG\Desktop\Python\ASP\cmapf\Code\scripts\MAPF_with_priority.py --heuristic-strategy=A --map-file=Instances/maps/empty-32-32.map --scen-file=Instances/scenarios/empty-32-32/empty-32-32-condensed-1.scen --agents=80 C:\Users\Keerthan Shetty\OneDrive - KNIME AG\Desktop\Python\ASP\cmapf\Code\scripts\encodings\encoding_base.lp C:\Users\Keerthan Shetty\OneDrive - KNIME AG\Desktop\Python\ASP\cmapf\Code\scripts\encodings\heuristics_a.lp C:\Users\Keerthan Shetty\OneDrive - KNIME AG\Desktop\Python\ASP\cmapf\Code\Instances/Processed/empty-32-32/empty-32-32-condensed-1\80\priority9-kpath.lp --heuristic=domain --horizon=12 --stats
delta/horizon : 12, time : 2.19 (solution found)
Running with 85 agents
Agents: 85, Heuristic: A
Running command: C:\Users\Keerthan Shetty\OneDrive - KNIME AG\Desktop\Python\ASP\cmapf\camp\Scripts\python.exe C:\Users\Keerthan Shetty\OneDrive - KNIME AG\Desktop\Python\ASP\cmapf\Code\scripts\MAPF_with_priority.py --heuristic-strategy=A --map-file=Instances/maps/empty-32-32.map --scen-file=Instances/scenarios/empty-32-32/empty-32-32-condensed-1.scen --agents=85 C:\Users\Keerthan Shetty\OneDrive - KNIME AG\Desktop\Python\ASP\cmapf\Code\scripts\encodings\encoding_base.lp C:\Users\Keerthan Shetty\OneDrive - KNIME AG\Desktop\Python\ASP\cmapf\Code\scripts\encodings\heuristics_a.lp C:\Users\Keerthan Shetty\OneDrive - KNIME AG\Desktop\Python\ASP\cmapf\Code\Instances/Processed/empty-32-32/empty-32-32-condensed-1\85\priority9-kpath.lp --heuristic=domain --horizon=10 --stats
 delta/horizon : 10, time_spent : 0.54
Running command: C:\Users\Keerthan Shetty\OneDrive - KNIME AG\Desktop\Python\ASP\cmapf\camp\Scripts\python.exe C:\Users\Keerthan Shetty\OneDrive - KNIME AG\Desktop\Python\ASP\cmapf\Code\scripts\MAPF_with_priority.py --heuristic-strategy=A --map-file=Instances/maps/empty-32-32.map --scen-file=Instances/scenarios/empty-32-32/empty-32-32-condensed-1.scen --agents=85 C:\Users\Keerthan Shetty\OneDrive - KNIME AG\Desktop\Python\ASP\cmapf\Code\scripts\encodings\encoding_base.lp C:\Users\Keerthan Shetty\OneDrive - KNIME AG\Desktop\Python\ASP\cmapf\Code\scripts\encodings\heuristics_a.lp C:\Users\Keerthan Shetty\OneDrive - KNIME AG\Desktop\Python\ASP\cmapf\Code\Instances/Processed/empty-32-32/empty-32-32-condensed-1\85\priority9-kpath.lp --heuristic=domain --horizon=11 --stats
 delta/horizon : 11, time_spent : 0.63
Running command: C:\Users\Keerthan Shetty\OneDrive - KNIME AG\Desktop\Python\ASP\cmapf\camp\Scripts\python.exe C:\Users\Keerthan Shetty\OneDrive - KNIME AG\Desktop\Python\ASP\cmapf\Code\scripts\MAPF_with_priority.py --heuristic-strategy=A --map-file=Instances/maps/empty-32-32.map --scen-file=Instances/scenarios/empty-32-32/empty-32-32-condensed-1.scen --agents=85 C:\Users\Keerthan Shetty\OneDrive - KNIME AG\Desktop\Python\ASP\cmapf\Code\scripts\encodings\encoding_base.lp C:\Users\Keerthan Shetty\OneDrive - KNIME AG\Desktop\Python\ASP\cmapf\Code\scripts\encodings\heuristics_a.lp C:\Users\Keerthan Shetty\OneDrive - KNIME AG\Desktop\Python\ASP\cmapf\Code\Instances/Processed/empty-32-32/empty-32-32-condensed-1\85\priority9-kpath.lp --heuristic=domain --horizon=12 --stats
delta/horizon : 12, time : 2.34 (solution found)
Running with 90 agents
Agents: 90, Heuristic: A
Running command: C:\Users\Keerthan Shetty\OneDrive - KNIME AG\Desktop\Python\ASP\cmapf\camp\Scripts\python.exe C:\Users\Keerthan Shetty\OneDrive - KNIME AG\Desktop\Python\ASP\cmapf\Code\scripts\MAPF_with_priority.py --heuristic-strategy=A --map-file=Instances/maps/empty-32-32.map --scen-file=Instances/scenarios/empty-32-32/empty-32-32-condensed-1.scen --agents=90 C:\Users\Keerthan Shetty\OneDrive - KNIME AG\Desktop\Python\ASP\cmapf\Code\scripts\encodings\encoding_base.lp C:\Users\Keerthan Shetty\OneDrive - KNIME AG\Desktop\Python\ASP\cmapf\Code\scripts\encodings\heuristics_a.lp C:\Users\Keerthan Shetty\OneDrive - KNIME AG\Desktop\Python\ASP\cmapf\Code\Instances/Processed/empty-32-32/empty-32-32-condensed-1\90\priority9-kpath.lp --heuristic=domain --horizon=10 --stats
 delta/horizon : 10, time_spent : 0.48
Running command: C:\Users\Keerthan Shetty\OneDrive - KNIME AG\Desktop\Python\ASP\cmapf\camp\Scripts\python.exe C:\Users\Keerthan Shetty\OneDrive - KNIME AG\Desktop\Python\ASP\cmapf\Code\scripts\MAPF_with_priority.py --heuristic-strategy=A --map-file=Instances/maps/empty-32-32.map --scen-file=Instances/scenarios/empty-32-32/empty-32-32-condensed-1.scen --agents=90 C:\Users\Keerthan Shetty\OneDrive - KNIME AG\Desktop\Python\ASP\cmapf\Code\scripts\encodings\encoding_base.lp C:\Users\Keerthan Shetty\OneDrive - KNIME AG\Desktop\Python\ASP\cmapf\Code\scripts\encodings\heuristics_a.lp C:\Users\Keerthan Shetty\OneDrive - KNIME AG\Desktop\Python\ASP\cmapf\Code\Instances/Processed/empty-32-32/empty-32-32-condensed-1\90\priority9-kpath.lp --heuristic=domain --horizon=11 --stats
 delta/horizon : 11, time_spent : 0.73
Running command: C:\Users\Keerthan Shetty\OneDrive - KNIME AG\Desktop\Python\ASP\cmapf\camp\Scripts\python.exe C:\Users\Keerthan Shetty\OneDrive - KNIME AG\Desktop\Python\ASP\cmapf\Code\scripts\MAPF_with_priority.py --heuristic-strategy=A --map-file=Instances/maps/empty-32-32.map --scen-file=Instances/scenarios/empty-32-32/empty-32-32-condensed-1.scen --agents=90 C:\Users\Keerthan Shetty\OneDrive - KNIME AG\Desktop\Python\ASP\cmapf\Code\scripts\encodings\encoding_base.lp C:\Users\Keerthan Shetty\OneDrive - KNIME AG\Desktop\Python\ASP\cmapf\Code\scripts\encodings\heuristics_a.lp C:\Users\Keerthan Shetty\OneDrive - KNIME AG\Desktop\Python\ASP\cmapf\Code\Instances/Processed/empty-32-32/empty-32-32-condensed-1\90\priority9-kpath.lp --heuristic=domain --horizon=12 --stats
delta/horizon : 12, time : 2.48 (solution found)
Running with 95 agents
Agents: 95, Heuristic: A
Running command: C:\Users\Keerthan Shetty\OneDrive - KNIME AG\Desktop\Python\ASP\cmapf\camp\Scripts\python.exe C:\Users\Keerthan Shetty\OneDrive - KNIME AG\Desktop\Python\ASP\cmapf\Code\scripts\MAPF_with_priority.py --heuristic-strategy=A --map-file=Instances/maps/empty-32-32.map --scen-file=Instances/scenarios/empty-32-32/empty-32-32-condensed-1.scen --agents=95 C:\Users\Keerthan Shetty\OneDrive - KNIME AG\Desktop\Python\ASP\cmapf\Code\scripts\encodings\encoding_base.lp C:\Users\Keerthan Shetty\OneDrive - KNIME AG\Desktop\Python\ASP\cmapf\Code\scripts\encodings\heuristics_a.lp C:\Users\Keerthan Shetty\OneDrive - KNIME AG\Desktop\Python\ASP\cmapf\Code\Instances/Processed/empty-32-32/empty-32-32-condensed-1\95\priority9-kpath.lp --heuristic=domain --horizon=10 --stats
 delta/horizon : 10, time_spent : 0.53
Running command: C:\Users\Keerthan Shetty\OneDrive - KNIME AG\Desktop\Python\ASP\cmapf\camp\Scripts\python.exe C:\Users\Keerthan Shetty\OneDrive - KNIME AG\Desktop\Python\ASP\cmapf\Code\scripts\MAPF_with_priority.py --heuristic-strategy=A --map-file=Instances/maps/empty-32-32.map --scen-file=Instances/scenarios/empty-32-32/empty-32-32-condensed-1.scen --agents=95 C:\Users\Keerthan Shetty\OneDrive - KNIME AG\Desktop\Python\ASP\cmapf\Code\scripts\encodings\encoding_base.lp C:\Users\Keerthan Shetty\OneDrive - KNIME AG\Desktop\Python\ASP\cmapf\Code\scripts\encodings\heuristics_a.lp C:\Users\Keerthan Shetty\OneDrive - KNIME AG\Desktop\Python\ASP\cmapf\Code\Instances/Processed/empty-32-32/empty-32-32-condensed-1\95\priority9-kpath.lp --heuristic=domain --horizon=11 --stats
 delta/horizon : 11, time_spent : 0.75
Running command: C:\Users\Keerthan Shetty\OneDrive - KNIME AG\Desktop\Python\ASP\cmapf\camp\Scripts\python.exe C:\Users\Keerthan Shetty\OneDrive - KNIME AG\Desktop\Python\ASP\cmapf\Code\scripts\MAPF_with_priority.py --heuristic-strategy=A --map-file=Instances/maps/empty-32-32.map --scen-file=Instances/scenarios/empty-32-32/empty-32-32-condensed-1.scen --agents=95 C:\Users\Keerthan Shetty\OneDrive - KNIME AG\Desktop\Python\ASP\cmapf\Code\scripts\encodings\encoding_base.lp C:\Users\Keerthan Shetty\OneDrive - KNIME AG\Desktop\Python\ASP\cmapf\Code\scripts\encodings\heuristics_a.lp C:\Users\Keerthan Shetty\OneDrive - KNIME AG\Desktop\Python\ASP\cmapf\Code\Instances/Processed/empty-32-32/empty-32-32-condensed-1\95\priority9-kpath.lp --heuristic=domain --horizon=12 --stats
delta/horizon : 12, time : 2.73 (solution found)
Running with 100 agents
Agents: 100, Heuristic: A
Running command: C:\Users\Keerthan Shetty\OneDrive - KNIME AG\Desktop\Python\ASP\cmapf\camp\Scripts\python.exe C:\Users\Keerthan Shetty\OneDrive - KNIME AG\Desktop\Python\ASP\cmapf\Code\scripts\MAPF_with_priority.py --heuristic-strategy=A --map-file=Instances/maps/empty-32-32.map --scen-file=Instances/scenarios/empty-32-32/empty-32-32-condensed-1.scen --agents=100 C:\Users\Keerthan Shetty\OneDrive - KNIME AG\Desktop\Python\ASP\cmapf\Code\scripts\encodings\encoding_base.lp C:\Users\Keerthan Shetty\OneDrive - KNIME AG\Desktop\Python\ASP\cmapf\Code\scripts\encodings\heuristics_a.lp C:\Users\Keerthan Shetty\OneDrive - KNIME AG\Desktop\Python\ASP\cmapf\Code\Instances/Processed/empty-32-32/empty-32-32-condensed-1\100\priority9-kpath.lp --heuristic=domain --horizon=10 --stats
 delta/horizon : 10, time_spent : 0.54
Running command: C:\Users\Keerthan Shetty\OneDrive - KNIME AG\Desktop\Python\ASP\cmapf\camp\Scripts\python.exe C:\Users\Keerthan Shetty\OneDrive - KNIME AG\Desktop\Python\ASP\cmapf\Code\scripts\MAPF_with_priority.py --heuristic-strategy=A --map-file=Instances/maps/empty-32-32.map --scen-file=Instances/scenarios/empty-32-32/empty-32-32-condensed-1.scen --agents=100 C:\Users\Keerthan Shetty\OneDrive - KNIME AG\Desktop\Python\ASP\cmapf\Code\scripts\encodings\encoding_base.lp C:\Users\Keerthan Shetty\OneDrive - KNIME AG\Desktop\Python\ASP\cmapf\Code\scripts\encodings\heuristics_a.lp C:\Users\Keerthan Shetty\OneDrive - KNIME AG\Desktop\Python\ASP\cmapf\Code\Instances/Processed/empty-32-32/empty-32-32-condensed-1\100\priority9-kpath.lp --heuristic=domain --horizon=11 --stats
 delta/horizon : 11, time_spent : 0.84
Running command: C:\Users\Keerthan Shetty\OneDrive - KNIME AG\Desktop\Python\ASP\cmapf\camp\Scripts\python.exe C:\Users\Keerthan Shetty\OneDrive - KNIME AG\Desktop\Python\ASP\cmapf\Code\scripts\MAPF_with_priority.py --heuristic-strategy=A --map-file=Instances/maps/empty-32-32.map --scen-file=Instances/scenarios/empty-32-32/empty-32-32-condensed-1.scen --agents=100 C:\Users\Keerthan Shetty\OneDrive - KNIME AG\Desktop\Python\ASP\cmapf\Code\scripts\encodings\encoding_base.lp C:\Users\Keerthan Shetty\OneDrive - KNIME AG\Desktop\Python\ASP\cmapf\Code\scripts\encodings\heuristics_a.lp C:\Users\Keerthan Shetty\OneDrive - KNIME AG\Desktop\Python\ASP\cmapf\Code\Instances/Processed/empty-32-32/empty-32-32-condensed-1\100\priority9-kpath.lp --heuristic=domain --horizon=12 --stats
delta/horizon : 12, time : 2.69 (solution found)
Finished processing. Results written to results\makespan\empty-32-32-condensed-1_A_priority9-kpath.xlsx
