Processing map: Instances/maps/empty-32-32.map, scenario: Instances/scenarios/empty-32-32/empty-32-32-condensed-1.scen with No Heuristics
Running with 5 agents
Agents: 5, Heuristic: No
Running command: C:\Users\Keerthan Shetty\OneDrive - KNIME AG\Desktop\Python\ASP\cmapf\camp\Scripts\python.exe C:\Users\Keerthan Shetty\OneDrive - KNIME AG\Desktop\Python\ASP\cmapf\Code\scripts\MAPF_with_priority.py --heuristic-strategy=No --map-file=Instances/maps/empty-32-32.map --scen-file=Instances/scenarios/empty-32-32/empty-32-32-condensed-1.scen --agents=5 C:\Users\Keerthan Shetty\OneDrive - KNIME AG\Desktop\Python\ASP\cmapf\Code\scripts\encodings\encoding_base.lp --horizon=10 --stats
delta/horizon : 10, time : 0.33 (solution found)
Running with 10 agents
Agents: 10, Heuristic: No
Running command: C:\Users\Keerthan Shetty\OneDrive - KNIME AG\Desktop\Python\ASP\cmapf\camp\Scripts\python.exe C:\Users\Keerthan Shetty\OneDrive - KNIME AG\Desktop\Python\ASP\cmapf\Code\scripts\MAPF_with_priority.py --heuristic-strategy=No --map-file=Instances/maps/empty-32-32.map --scen-file=Instances/scenarios/empty-32-32/empty-32-32-condensed-1.scen --agents=10 C:\Users\Keerthan Shetty\OneDrive - KNIME AG\Desktop\Python\ASP\cmapf\Code\scripts\encodings\encoding_base.lp --horizon=10 --stats
delta/horizon : 10, time : 0.31 (solution found)
Running with 15 agents
Agents: 15, Heuristic: No
Running command: C:\Users\Keerthan Shetty\OneDrive - KNIME AG\Desktop\Python\ASP\cmapf\camp\Scripts\python.exe C:\Users\Keerthan Shetty\OneDrive - KNIME AG\Desktop\Python\ASP\cmapf\Code\scripts\MAPF_with_priority.py --heuristic-strategy=No --map-file=Instances/maps/empty-32-32.map --scen-file=Instances/scenarios/empty-32-32/empty-32-32-condensed-1.scen --agents=15 C:\Users\Keerthan Shetty\OneDrive - KNIME AG\Desktop\Python\ASP\cmapf\Code\scripts\encodings\encoding_base.lp --horizon=10 --stats
delta/horizon : 10, time : 0.31 (solution found)
Running with 20 agents
Agents: 20, Heuristic: No
Running command: C:\Users\Keerthan Shetty\OneDrive - KNIME AG\Desktop\Python\ASP\cmapf\camp\Scripts\python.exe C:\Users\Keerthan Shetty\OneDrive - KNIME AG\Desktop\Python\ASP\cmapf\Code\scripts\MAPF_with_priority.py --heuristic-strategy=No --map-file=Instances/maps/empty-32-32.map --scen-file=Instances/scenarios/empty-32-32/empty-32-32-condensed-1.scen --agents=20 C:\Users\Keerthan Shetty\OneDrive - KNIME AG\Desktop\Python\ASP\cmapf\Code\scripts\encodings\encoding_base.lp --horizon=10 --stats
delta/horizon : 10, time : 0.34 (solution found)
Running with 25 agents
Agents: 25, Heuristic: No
Running command: C:\Users\Keerthan Shetty\OneDrive - KNIME AG\Desktop\Python\ASP\cmapf\camp\Scripts\python.exe C:\Users\Keerthan Shetty\OneDrive - KNIME AG\Desktop\Python\ASP\cmapf\Code\scripts\MAPF_with_priority.py --heuristic-strategy=No --map-file=Instances/maps/empty-32-32.map --scen-file=Instances/scenarios/empty-32-32/empty-32-32-condensed-1.scen --agents=25 C:\Users\Keerthan Shetty\OneDrive - KNIME AG\Desktop\Python\ASP\cmapf\Code\scripts\encodings\encoding_base.lp --horizon=10 --stats
 delta/horizon : 10, time_spent : 0.34
Running command: C:\Users\Keerthan Shetty\OneDrive - KNIME AG\Desktop\Python\ASP\cmapf\camp\Scripts\python.exe C:\Users\Keerthan Shetty\OneDrive - KNIME AG\Desktop\Python\ASP\cmapf\Code\scripts\MAPF_with_priority.py --heuristic-strategy=No --map-file=Instances/maps/empty-32-32.map --scen-file=Instances/scenarios/empty-32-32/empty-32-32-condensed-1.scen --agents=25 C:\Users\Keerthan Shetty\OneDrive - KNIME AG\Desktop\Python\ASP\cmapf\Code\scripts\encodings\encoding_base.lp --horizon=11 --stats
delta/horizon : 11, time : 0.73 (solution found)
Running with 30 agents
Agents: 30, Heuristic: No
Running command: C:\Users\Keerthan Shetty\OneDrive - KNIME AG\Desktop\Python\ASP\cmapf\camp\Scripts\python.exe C:\Users\Keerthan Shetty\OneDrive - KNIME AG\Desktop\Python\ASP\cmapf\Code\scripts\MAPF_with_priority.py --heuristic-strategy=No --map-file=Instances/maps/empty-32-32.map --scen-file=Instances/scenarios/empty-32-32/empty-32-32-condensed-1.scen --agents=30 C:\Users\Keerthan Shetty\OneDrive - KNIME AG\Desktop\Python\ASP\cmapf\Code\scripts\encodings\encoding_base.lp --horizon=10 --stats
 delta/horizon : 10, time_spent : 0.34
Running command: C:\Users\Keerthan Shetty\OneDrive - KNIME AG\Desktop\Python\ASP\cmapf\camp\Scripts\python.exe C:\Users\Keerthan Shetty\OneDrive - KNIME AG\Desktop\Python\ASP\cmapf\Code\scripts\MAPF_with_priority.py --heuristic-strategy=No --map-file=Instances/maps/empty-32-32.map --scen-file=Instances/scenarios/empty-32-32/empty-32-32-condensed-1.scen --agents=30 C:\Users\Keerthan Shetty\OneDrive - KNIME AG\Desktop\Python\ASP\cmapf\Code\scripts\encodings\encoding_base.lp --horizon=11 --stats
delta/horizon : 11, time : 0.76 (solution found)
Running with 35 agents
Agents: 35, Heuristic: No
Running command: C:\Users\Keerthan Shetty\OneDrive - KNIME AG\Desktop\Python\ASP\cmapf\camp\Scripts\python.exe C:\Users\Keerthan Shetty\OneDrive - KNIME AG\Desktop\Python\ASP\cmapf\Code\scripts\MAPF_with_priority.py --heuristic-strategy=No --map-file=Instances/maps/empty-32-32.map --scen-file=Instances/scenarios/empty-32-32/empty-32-32-condensed-1.scen --agents=35 C:\Users\Keerthan Shetty\OneDrive - KNIME AG\Desktop\Python\ASP\cmapf\Code\scripts\encodings\encoding_base.lp --horizon=10 --stats
 delta/horizon : 10, time_spent : 0.34
Running command: C:\Users\Keerthan Shetty\OneDrive - KNIME AG\Desktop\Python\ASP\cmapf\camp\Scripts\python.exe C:\Users\Keerthan Shetty\OneDrive - KNIME AG\Desktop\Python\ASP\cmapf\Code\scripts\MAPF_with_priority.py --heuristic-strategy=No --map-file=Instances/maps/empty-32-32.map --scen-file=Instances/scenarios/empty-32-32/empty-32-32-condensed-1.scen --agents=35 C:\Users\Keerthan Shetty\OneDrive - KNIME AG\Desktop\Python\ASP\cmapf\Code\scripts\encodings\encoding_base.lp --horizon=11 --stats
 delta/horizon : 11, time_spent : 0.43
Running command: C:\Users\Keerthan Shetty\OneDrive - KNIME AG\Desktop\Python\ASP\cmapf\camp\Scripts\python.exe C:\Users\Keerthan Shetty\OneDrive - KNIME AG\Desktop\Python\ASP\cmapf\Code\scripts\MAPF_with_priority.py --heuristic-strategy=No --map-file=Instances/maps/empty-32-32.map --scen-file=Instances/scenarios/empty-32-32/empty-32-32-condensed-1.scen --agents=35 C:\Users\Keerthan Shetty\OneDrive - KNIME AG\Desktop\Python\ASP\cmapf\Code\scripts\encodings\encoding_base.lp --horizon=12 --stats
delta/horizon : 12, time : 1.37 (solution found)
Running with 40 agents
Agents: 40, Heuristic: No
Running command: C:\Users\Keerthan Shetty\OneDrive - KNIME AG\Desktop\Python\ASP\cmapf\camp\Scripts\python.exe C:\Users\Keerthan Shetty\OneDrive - KNIME AG\Desktop\Python\ASP\cmapf\Code\scripts\MAPF_with_priority.py --heuristic-strategy=No --map-file=Instances/maps/empty-32-32.map --scen-file=Instances/scenarios/empty-32-32/empty-32-32-condensed-1.scen --agents=40 C:\Users\Keerthan Shetty\OneDrive - KNIME AG\Desktop\Python\ASP\cmapf\Code\scripts\encodings\encoding_base.lp --horizon=10 --stats
 delta/horizon : 10, time_spent : 0.33
Running command: C:\Users\Keerthan Shetty\OneDrive - KNIME AG\Desktop\Python\ASP\cmapf\camp\Scripts\python.exe C:\Users\Keerthan Shetty\OneDrive - KNIME AG\Desktop\Python\ASP\cmapf\Code\scripts\MAPF_with_priority.py --heuristic-strategy=No --map-file=Instances/maps/empty-32-32.map --scen-file=Instances/scenarios/empty-32-32/empty-32-32-condensed-1.scen --agents=40 C:\Users\Keerthan Shetty\OneDrive - KNIME AG\Desktop\Python\ASP\cmapf\Code\scripts\encodings\encoding_base.lp --horizon=11 --stats
 delta/horizon : 11, time_spent : 0.44
Running command: C:\Users\Keerthan Shetty\OneDrive - KNIME AG\Desktop\Python\ASP\cmapf\camp\Scripts\python.exe C:\Users\Keerthan Shetty\OneDrive - KNIME AG\Desktop\Python\ASP\cmapf\Code\scripts\MAPF_with_priority.py --heuristic-strategy=No --map-file=Instances/maps/empty-32-32.map --scen-file=Instances/scenarios/empty-32-32/empty-32-32-condensed-1.scen --agents=40 C:\Users\Keerthan Shetty\OneDrive - KNIME AG\Desktop\Python\ASP\cmapf\Code\scripts\encodings\encoding_base.lp --horizon=12 --stats
delta/horizon : 12, time : 1.47 (solution found)
Running with 45 agents
Agents: 45, Heuristic: No
Running command: C:\Users\Keerthan Shetty\OneDrive - KNIME AG\Desktop\Python\ASP\cmapf\camp\Scripts\python.exe C:\Users\Keerthan Shetty\OneDrive - KNIME AG\Desktop\Python\ASP\cmapf\Code\scripts\MAPF_with_priority.py --heuristic-strategy=No --map-file=Instances/maps/empty-32-32.map --scen-file=Instances/scenarios/empty-32-32/empty-32-32-condensed-1.scen --agents=45 C:\Users\Keerthan Shetty\OneDrive - KNIME AG\Desktop\Python\ASP\cmapf\Code\scripts\encodings\encoding_base.lp --horizon=10 --stats
 delta/horizon : 10, time_spent : 0.49
Running command: C:\Users\Keerthan Shetty\OneDrive - KNIME AG\Desktop\Python\ASP\cmapf\camp\Scripts\python.exe C:\Users\Keerthan Shetty\OneDrive - KNIME AG\Desktop\Python\ASP\cmapf\Code\scripts\MAPF_with_priority.py --heuristic-strategy=No --map-file=Instances/maps/empty-32-32.map --scen-file=Instances/scenarios/empty-32-32/empty-32-32-condensed-1.scen --agents=45 C:\Users\Keerthan Shetty\OneDrive - KNIME AG\Desktop\Python\ASP\cmapf\Code\scripts\encodings\encoding_base.lp --horizon=11 --stats
 delta/horizon : 11, time_spent : 0.59
Running command: C:\Users\Keerthan Shetty\OneDrive - KNIME AG\Desktop\Python\ASP\cmapf\camp\Scripts\python.exe C:\Users\Keerthan Shetty\OneDrive - KNIME AG\Desktop\Python\ASP\cmapf\Code\scripts\MAPF_with_priority.py --heuristic-strategy=No --map-file=Instances/maps/empty-32-32.map --scen-file=Instances/scenarios/empty-32-32/empty-32-32-condensed-1.scen --agents=45 C:\Users\Keerthan Shetty\OneDrive - KNIME AG\Desktop\Python\ASP\cmapf\Code\scripts\encodings\encoding_base.lp --horizon=12 --stats
delta/horizon : 12, time : 1.91 (solution found)
Running with 50 agents
Agents: 50, Heuristic: No
Running command: C:\Users\Keerthan Shetty\OneDrive - KNIME AG\Desktop\Python\ASP\cmapf\camp\Scripts\python.exe C:\Users\Keerthan Shetty\OneDrive - KNIME AG\Desktop\Python\ASP\cmapf\Code\scripts\MAPF_with_priority.py --heuristic-strategy=No --map-file=Instances/maps/empty-32-32.map --scen-file=Instances/scenarios/empty-32-32/empty-32-32-condensed-1.scen --agents=50 C:\Users\Keerthan Shetty\OneDrive - KNIME AG\Desktop\Python\ASP\cmapf\Code\scripts\encodings\encoding_base.lp --horizon=10 --stats
 delta/horizon : 10, time_spent : 0.34
Running command: C:\Users\Keerthan Shetty\OneDrive - KNIME AG\Desktop\Python\ASP\cmapf\camp\Scripts\python.exe C:\Users\Keerthan Shetty\OneDrive - KNIME AG\Desktop\Python\ASP\cmapf\Code\scripts\MAPF_with_priority.py --heuristic-strategy=No --map-file=Instances/maps/empty-32-32.map --scen-file=Instances/scenarios/empty-32-32/empty-32-32-condensed-1.scen --agents=50 C:\Users\Keerthan Shetty\OneDrive - KNIME AG\Desktop\Python\ASP\cmapf\Code\scripts\encodings\encoding_base.lp --horizon=11 --stats
 delta/horizon : 11, time_spent : 0.59
Running command: C:\Users\Keerthan Shetty\OneDrive - KNIME AG\Desktop\Python\ASP\cmapf\camp\Scripts\python.exe C:\Users\Keerthan Shetty\OneDrive - KNIME AG\Desktop\Python\ASP\cmapf\Code\scripts\MAPF_with_priority.py --heuristic-strategy=No --map-file=Instances/maps/empty-32-32.map --scen-file=Instances/scenarios/empty-32-32/empty-32-32-condensed-1.scen --agents=50 C:\Users\Keerthan Shetty\OneDrive - KNIME AG\Desktop\Python\ASP\cmapf\Code\scripts\encodings\encoding_base.lp --horizon=12 --stats
delta/horizon : 12, time : 1.84 (solution found)
Running with 55 agents
Agents: 55, Heuristic: No
Running command: C:\Users\Keerthan Shetty\OneDrive - KNIME AG\Desktop\Python\ASP\cmapf\camp\Scripts\python.exe C:\Users\Keerthan Shetty\OneDrive - KNIME AG\Desktop\Python\ASP\cmapf\Code\scripts\MAPF_with_priority.py --heuristic-strategy=No --map-file=Instances/maps/empty-32-32.map --scen-file=Instances/scenarios/empty-32-32/empty-32-32-condensed-1.scen --agents=55 C:\Users\Keerthan Shetty\OneDrive - KNIME AG\Desktop\Python\ASP\cmapf\Code\scripts\encodings\encoding_base.lp --horizon=10 --stats
 delta/horizon : 10, time_spent : 0.48
Running command: C:\Users\Keerthan Shetty\OneDrive - KNIME AG\Desktop\Python\ASP\cmapf\camp\Scripts\python.exe C:\Users\Keerthan Shetty\OneDrive - KNIME AG\Desktop\Python\ASP\cmapf\Code\scripts\MAPF_with_priority.py --heuristic-strategy=No --map-file=Instances/maps/empty-32-32.map --scen-file=Instances/scenarios/empty-32-32/empty-32-32-condensed-1.scen --agents=55 C:\Users\Keerthan Shetty\OneDrive - KNIME AG\Desktop\Python\ASP\cmapf\Code\scripts\encodings\encoding_base.lp --horizon=11 --stats
 delta/horizon : 11, time_spent : 0.64
Running command: C:\Users\Keerthan Shetty\OneDrive - KNIME AG\Desktop\Python\ASP\cmapf\camp\Scripts\python.exe C:\Users\Keerthan Shetty\OneDrive - KNIME AG\Desktop\Python\ASP\cmapf\Code\scripts\MAPF_with_priority.py --heuristic-strategy=No --map-file=Instances/maps/empty-32-32.map --scen-file=Instances/scenarios/empty-32-32/empty-32-32-condensed-1.scen --agents=55 C:\Users\Keerthan Shetty\OneDrive - KNIME AG\Desktop\Python\ASP\cmapf\Code\scripts\encodings\encoding_base.lp --horizon=12 --stats
delta/horizon : 12, time : 2.07 (solution found)
Running with 60 agents
Agents: 60, Heuristic: No
Running command: C:\Users\Keerthan Shetty\OneDrive - KNIME AG\Desktop\Python\ASP\cmapf\camp\Scripts\python.exe C:\Users\Keerthan Shetty\OneDrive - KNIME AG\Desktop\Python\ASP\cmapf\Code\scripts\MAPF_with_priority.py --heuristic-strategy=No --map-file=Instances/maps/empty-32-32.map --scen-file=Instances/scenarios/empty-32-32/empty-32-32-condensed-1.scen --agents=60 C:\Users\Keerthan Shetty\OneDrive - KNIME AG\Desktop\Python\ASP\cmapf\Code\scripts\encodings\encoding_base.lp --horizon=10 --stats
 delta/horizon : 10, time_spent : 0.43
Running command: C:\Users\Keerthan Shetty\OneDrive - KNIME AG\Desktop\Python\ASP\cmapf\camp\Scripts\python.exe C:\Users\Keerthan Shetty\OneDrive - KNIME AG\Desktop\Python\ASP\cmapf\Code\scripts\MAPF_with_priority.py --heuristic-strategy=No --map-file=Instances/maps/empty-32-32.map --scen-file=Instances/scenarios/empty-32-32/empty-32-32-condensed-1.scen --agents=60 C:\Users\Keerthan Shetty\OneDrive - KNIME AG\Desktop\Python\ASP\cmapf\Code\scripts\encodings\encoding_base.lp --horizon=11 --stats
 delta/horizon : 11, time_spent : 0.64
Running command: C:\Users\Keerthan Shetty\OneDrive - KNIME AG\Desktop\Python\ASP\cmapf\camp\Scripts\python.exe C:\Users\Keerthan Shetty\OneDrive - KNIME AG\Desktop\Python\ASP\cmapf\Code\scripts\MAPF_with_priority.py --heuristic-strategy=No --map-file=Instances/maps/empty-32-32.map --scen-file=Instances/scenarios/empty-32-32/empty-32-32-condensed-1.scen --agents=60 C:\Users\Keerthan Shetty\OneDrive - KNIME AG\Desktop\Python\ASP\cmapf\Code\scripts\encodings\encoding_base.lp --horizon=12 --stats
delta/horizon : 12, time : 2.20 (solution found)
Running with 65 agents
Agents: 65, Heuristic: No
Running command: C:\Users\Keerthan Shetty\OneDrive - KNIME AG\Desktop\Python\ASP\cmapf\camp\Scripts\python.exe C:\Users\Keerthan Shetty\OneDrive - KNIME AG\Desktop\Python\ASP\cmapf\Code\scripts\MAPF_with_priority.py --heuristic-strategy=No --map-file=Instances/maps/empty-32-32.map --scen-file=Instances/scenarios/empty-32-32/empty-32-32-condensed-1.scen --agents=65 C:\Users\Keerthan Shetty\OneDrive - KNIME AG\Desktop\Python\ASP\cmapf\Code\scripts\encodings\encoding_base.lp --horizon=10 --stats
 delta/horizon : 10, time_spent : 0.51
Running command: C:\Users\Keerthan Shetty\OneDrive - KNIME AG\Desktop\Python\ASP\cmapf\camp\Scripts\python.exe C:\Users\Keerthan Shetty\OneDrive - KNIME AG\Desktop\Python\ASP\cmapf\Code\scripts\MAPF_with_priority.py --heuristic-strategy=No --map-file=Instances/maps/empty-32-32.map --scen-file=Instances/scenarios/empty-32-32/empty-32-32-condensed-1.scen --agents=65 C:\Users\Keerthan Shetty\OneDrive - KNIME AG\Desktop\Python\ASP\cmapf\Code\scripts\encodings\encoding_base.lp --horizon=11 --stats
 delta/horizon : 11, time_spent : 0.62
Running command: C:\Users\Keerthan Shetty\OneDrive - KNIME AG\Desktop\Python\ASP\cmapf\camp\Scripts\python.exe C:\Users\Keerthan Shetty\OneDrive - KNIME AG\Desktop\Python\ASP\cmapf\Code\scripts\MAPF_with_priority.py --heuristic-strategy=No --map-file=Instances/maps/empty-32-32.map --scen-file=Instances/scenarios/empty-32-32/empty-32-32-condensed-1.scen --agents=65 C:\Users\Keerthan Shetty\OneDrive - KNIME AG\Desktop\Python\ASP\cmapf\Code\scripts\encodings\encoding_base.lp --horizon=12 --stats
delta/horizon : 12, time : 2.40 (solution found)
Running with 70 agents
Agents: 70, Heuristic: No
Running command: C:\Users\Keerthan Shetty\OneDrive - KNIME AG\Desktop\Python\ASP\cmapf\camp\Scripts\python.exe C:\Users\Keerthan Shetty\OneDrive - KNIME AG\Desktop\Python\ASP\cmapf\Code\scripts\MAPF_with_priority.py --heuristic-strategy=No --map-file=Instances/maps/empty-32-32.map --scen-file=Instances/scenarios/empty-32-32/empty-32-32-condensed-1.scen --agents=70 C:\Users\Keerthan Shetty\OneDrive - KNIME AG\Desktop\Python\ASP\cmapf\Code\scripts\encodings\encoding_base.lp --horizon=10 --stats
 delta/horizon : 10, time_spent : 0.62
Running command: C:\Users\Keerthan Shetty\OneDrive - KNIME AG\Desktop\Python\ASP\cmapf\camp\Scripts\python.exe C:\Users\Keerthan Shetty\OneDrive - KNIME AG\Desktop\Python\ASP\cmapf\Code\scripts\MAPF_with_priority.py --heuristic-strategy=No --map-file=Instances/maps/empty-32-32.map --scen-file=Instances/scenarios/empty-32-32/empty-32-32-condensed-1.scen --agents=70 C:\Users\Keerthan Shetty\OneDrive - KNIME AG\Desktop\Python\ASP\cmapf\Code\scripts\encodings\encoding_base.lp --horizon=11 --stats
 delta/horizon : 11, time_spent : 0.78
Running command: C:\Users\Keerthan Shetty\OneDrive - KNIME AG\Desktop\Python\ASP\cmapf\camp\Scripts\python.exe C:\Users\Keerthan Shetty\OneDrive - KNIME AG\Desktop\Python\ASP\cmapf\Code\scripts\MAPF_with_priority.py --heuristic-strategy=No --map-file=Instances/maps/empty-32-32.map --scen-file=Instances/scenarios/empty-32-32/empty-32-32-condensed-1.scen --agents=70 C:\Users\Keerthan Shetty\OneDrive - KNIME AG\Desktop\Python\ASP\cmapf\Code\scripts\encodings\encoding_base.lp --horizon=12 --stats
delta/horizon : 12, time : 2.77 (solution found)
Running with 75 agents
Agents: 75, Heuristic: No
Running command: C:\Users\Keerthan Shetty\OneDrive - KNIME AG\Desktop\Python\ASP\cmapf\camp\Scripts\python.exe C:\Users\Keerthan Shetty\OneDrive - KNIME AG\Desktop\Python\ASP\cmapf\Code\scripts\MAPF_with_priority.py --heuristic-strategy=No --map-file=Instances/maps/empty-32-32.map --scen-file=Instances/scenarios/empty-32-32/empty-32-32-condensed-1.scen --agents=75 C:\Users\Keerthan Shetty\OneDrive - KNIME AG\Desktop\Python\ASP\cmapf\Code\scripts\encodings\encoding_base.lp --horizon=10 --stats
 delta/horizon : 10, time_spent : 0.63
Running command: C:\Users\Keerthan Shetty\OneDrive - KNIME AG\Desktop\Python\ASP\cmapf\camp\Scripts\python.exe C:\Users\Keerthan Shetty\OneDrive - KNIME AG\Desktop\Python\ASP\cmapf\Code\scripts\MAPF_with_priority.py --heuristic-strategy=No --map-file=Instances/maps/empty-32-32.map --scen-file=Instances/scenarios/empty-32-32/empty-32-32-condensed-1.scen --agents=75 C:\Users\Keerthan Shetty\OneDrive - KNIME AG\Desktop\Python\ASP\cmapf\Code\scripts\encodings\encoding_base.lp --horizon=11 --stats
 delta/horizon : 11, time_spent : 0.99
Running command: C:\Users\Keerthan Shetty\OneDrive - KNIME AG\Desktop\Python\ASP\cmapf\camp\Scripts\python.exe C:\Users\Keerthan Shetty\OneDrive - KNIME AG\Desktop\Python\ASP\cmapf\Code\scripts\MAPF_with_priority.py --heuristic-strategy=No --map-file=Instances/maps/empty-32-32.map --scen-file=Instances/scenarios/empty-32-32/empty-32-32-condensed-1.scen --agents=75 C:\Users\Keerthan Shetty\OneDrive - KNIME AG\Desktop\Python\ASP\cmapf\Code\scripts\encodings\encoding_base.lp --horizon=12 --stats
delta/horizon : 12, time : 3.22 (solution found)
Running with 80 agents
Agents: 80, Heuristic: No
Running command: C:\Users\Keerthan Shetty\OneDrive - KNIME AG\Desktop\Python\ASP\cmapf\camp\Scripts\python.exe C:\Users\Keerthan Shetty\OneDrive - KNIME AG\Desktop\Python\ASP\cmapf\Code\scripts\MAPF_with_priority.py --heuristic-strategy=No --map-file=Instances/maps/empty-32-32.map --scen-file=Instances/scenarios/empty-32-32/empty-32-32-condensed-1.scen --agents=80 C:\Users\Keerthan Shetty\OneDrive - KNIME AG\Desktop\Python\ASP\cmapf\Code\scripts\encodings\encoding_base.lp --horizon=10 --stats
 delta/horizon : 10, time_spent : 0.42
Running command: C:\Users\Keerthan Shetty\OneDrive - KNIME AG\Desktop\Python\ASP\cmapf\camp\Scripts\python.exe C:\Users\Keerthan Shetty\OneDrive - KNIME AG\Desktop\Python\ASP\cmapf\Code\scripts\MAPF_with_priority.py --heuristic-strategy=No --map-file=Instances/maps/empty-32-32.map --scen-file=Instances/scenarios/empty-32-32/empty-32-32-condensed-1.scen --agents=80 C:\Users\Keerthan Shetty\OneDrive - KNIME AG\Desktop\Python\ASP\cmapf\Code\scripts\encodings\encoding_base.lp --horizon=11 --stats
 delta/horizon : 11, time_spent : 0.64
Running command: C:\Users\Keerthan Shetty\OneDrive - KNIME AG\Desktop\Python\ASP\cmapf\camp\Scripts\python.exe C:\Users\Keerthan Shetty\OneDrive - KNIME AG\Desktop\Python\ASP\cmapf\Code\scripts\MAPF_with_priority.py --heuristic-strategy=No --map-file=Instances/maps/empty-32-32.map --scen-file=Instances/scenarios/empty-32-32/empty-32-32-condensed-1.scen --agents=80 C:\Users\Keerthan Shetty\OneDrive - KNIME AG\Desktop\Python\ASP\cmapf\Code\scripts\encodings\encoding_base.lp --horizon=12 --stats
delta/horizon : 12, time : 2.23 (solution found)
Running with 85 agents
Agents: 85, Heuristic: No
Running command: C:\Users\Keerthan Shetty\OneDrive - KNIME AG\Desktop\Python\ASP\cmapf\camp\Scripts\python.exe C:\Users\Keerthan Shetty\OneDrive - KNIME AG\Desktop\Python\ASP\cmapf\Code\scripts\MAPF_with_priority.py --heuristic-strategy=No --map-file=Instances/maps/empty-32-32.map --scen-file=Instances/scenarios/empty-32-32/empty-32-32-condensed-1.scen --agents=85 C:\Users\Keerthan Shetty\OneDrive - KNIME AG\Desktop\Python\ASP\cmapf\Code\scripts\encodings\encoding_base.lp --horizon=10 --stats
 delta/horizon : 10, time_spent : 0.47
Running command: C:\Users\Keerthan Shetty\OneDrive - KNIME AG\Desktop\Python\ASP\cmapf\camp\Scripts\python.exe C:\Users\Keerthan Shetty\OneDrive - KNIME AG\Desktop\Python\ASP\cmapf\Code\scripts\MAPF_with_priority.py --heuristic-strategy=No --map-file=Instances/maps/empty-32-32.map --scen-file=Instances/scenarios/empty-32-32/empty-32-32-condensed-1.scen --agents=85 C:\Users\Keerthan Shetty\OneDrive - KNIME AG\Desktop\Python\ASP\cmapf\Code\scripts\encodings\encoding_base.lp --horizon=11 --stats
 delta/horizon : 11, time_spent : 0.65
Running command: C:\Users\Keerthan Shetty\OneDrive - KNIME AG\Desktop\Python\ASP\cmapf\camp\Scripts\python.exe C:\Users\Keerthan Shetty\OneDrive - KNIME AG\Desktop\Python\ASP\cmapf\Code\scripts\MAPF_with_priority.py --heuristic-strategy=No --map-file=Instances/maps/empty-32-32.map --scen-file=Instances/scenarios/empty-32-32/empty-32-32-condensed-1.scen --agents=85 C:\Users\Keerthan Shetty\OneDrive - KNIME AG\Desktop\Python\ASP\cmapf\Code\scripts\encodings\encoding_base.lp --horizon=12 --stats
delta/horizon : 12, time : 2.44 (solution found)
Running with 90 agents
Agents: 90, Heuristic: No
Running command: C:\Users\Keerthan Shetty\OneDrive - KNIME AG\Desktop\Python\ASP\cmapf\camp\Scripts\python.exe C:\Users\Keerthan Shetty\OneDrive - KNIME AG\Desktop\Python\ASP\cmapf\Code\scripts\MAPF_with_priority.py --heuristic-strategy=No --map-file=Instances/maps/empty-32-32.map --scen-file=Instances/scenarios/empty-32-32/empty-32-32-condensed-1.scen --agents=90 C:\Users\Keerthan Shetty\OneDrive - KNIME AG\Desktop\Python\ASP\cmapf\Code\scripts\encodings\encoding_base.lp --horizon=10 --stats
 delta/horizon : 10, time_spent : 0.43
Running command: C:\Users\Keerthan Shetty\OneDrive - KNIME AG\Desktop\Python\ASP\cmapf\camp\Scripts\python.exe C:\Users\Keerthan Shetty\OneDrive - KNIME AG\Desktop\Python\ASP\cmapf\Code\scripts\MAPF_with_priority.py --heuristic-strategy=No --map-file=Instances/maps/empty-32-32.map --scen-file=Instances/scenarios/empty-32-32/empty-32-32-condensed-1.scen --agents=90 C:\Users\Keerthan Shetty\OneDrive - KNIME AG\Desktop\Python\ASP\cmapf\Code\scripts\encodings\encoding_base.lp --horizon=11 --stats
 delta/horizon : 11, time_spent : 0.71
Running command: C:\Users\Keerthan Shetty\OneDrive - KNIME AG\Desktop\Python\ASP\cmapf\camp\Scripts\python.exe C:\Users\Keerthan Shetty\OneDrive - KNIME AG\Desktop\Python\ASP\cmapf\Code\scripts\MAPF_with_priority.py --heuristic-strategy=No --map-file=Instances/maps/empty-32-32.map --scen-file=Instances/scenarios/empty-32-32/empty-32-32-condensed-1.scen --agents=90 C:\Users\Keerthan Shetty\OneDrive - KNIME AG\Desktop\Python\ASP\cmapf\Code\scripts\encodings\encoding_base.lp --horizon=12 --stats
delta/horizon : 12, time : 2.46 (solution found)
Running with 95 agents
Agents: 95, Heuristic: No
Running command: C:\Users\Keerthan Shetty\OneDrive - KNIME AG\Desktop\Python\ASP\cmapf\camp\Scripts\python.exe C:\Users\Keerthan Shetty\OneDrive - KNIME AG\Desktop\Python\ASP\cmapf\Code\scripts\MAPF_with_priority.py --heuristic-strategy=No --map-file=Instances/maps/empty-32-32.map --scen-file=Instances/scenarios/empty-32-32/empty-32-32-condensed-1.scen --agents=95 C:\Users\Keerthan Shetty\OneDrive - KNIME AG\Desktop\Python\ASP\cmapf\Code\scripts\encodings\encoding_base.lp --horizon=10 --stats
 delta/horizon : 10, time_spent : 0.53
Running command: C:\Users\Keerthan Shetty\OneDrive - KNIME AG\Desktop\Python\ASP\cmapf\camp\Scripts\python.exe C:\Users\Keerthan Shetty\OneDrive - KNIME AG\Desktop\Python\ASP\cmapf\Code\scripts\MAPF_with_priority.py --heuristic-strategy=No --map-file=Instances/maps/empty-32-32.map --scen-file=Instances/scenarios/empty-32-32/empty-32-32-condensed-1.scen --agents=95 C:\Users\Keerthan Shetty\OneDrive - KNIME AG\Desktop\Python\ASP\cmapf\Code\scripts\encodings\encoding_base.lp --horizon=11 --stats
 delta/horizon : 11, time_spent : 0.74
Running command: C:\Users\Keerthan Shetty\OneDrive - KNIME AG\Desktop\Python\ASP\cmapf\camp\Scripts\python.exe C:\Users\Keerthan Shetty\OneDrive - KNIME AG\Desktop\Python\ASP\cmapf\Code\scripts\MAPF_with_priority.py --heuristic-strategy=No --map-file=Instances/maps/empty-32-32.map --scen-file=Instances/scenarios/empty-32-32/empty-32-32-condensed-1.scen --agents=95 C:\Users\Keerthan Shetty\OneDrive - KNIME AG\Desktop\Python\ASP\cmapf\Code\scripts\encodings\encoding_base.lp --horizon=12 --stats
delta/horizon : 12, time : 2.77 (solution found)
Running with 100 agents
Agents: 100, Heuristic: No
Running command: C:\Users\Keerthan Shetty\OneDrive - KNIME AG\Desktop\Python\ASP\cmapf\camp\Scripts\python.exe C:\Users\Keerthan Shetty\OneDrive - KNIME AG\Desktop\Python\ASP\cmapf\Code\scripts\MAPF_with_priority.py --heuristic-strategy=No --map-file=Instances/maps/empty-32-32.map --scen-file=Instances/scenarios/empty-32-32/empty-32-32-condensed-1.scen --agents=100 C:\Users\Keerthan Shetty\OneDrive - KNIME AG\Desktop\Python\ASP\cmapf\Code\scripts\encodings\encoding_base.lp --horizon=10 --stats
 delta/horizon : 10, time_spent : 0.49
Running command: C:\Users\Keerthan Shetty\OneDrive - KNIME AG\Desktop\Python\ASP\cmapf\camp\Scripts\python.exe C:\Users\Keerthan Shetty\OneDrive - KNIME AG\Desktop\Python\ASP\cmapf\Code\scripts\MAPF_with_priority.py --heuristic-strategy=No --map-file=Instances/maps/empty-32-32.map --scen-file=Instances/scenarios/empty-32-32/empty-32-32-condensed-1.scen --agents=100 C:\Users\Keerthan Shetty\OneDrive - KNIME AG\Desktop\Python\ASP\cmapf\Code\scripts\encodings\encoding_base.lp --horizon=11 --stats
 delta/horizon : 11, time_spent : 0.74
Running command: C:\Users\Keerthan Shetty\OneDrive - KNIME AG\Desktop\Python\ASP\cmapf\camp\Scripts\python.exe C:\Users\Keerthan Shetty\OneDrive - KNIME AG\Desktop\Python\ASP\cmapf\Code\scripts\MAPF_with_priority.py --heuristic-strategy=No --map-file=Instances/maps/empty-32-32.map --scen-file=Instances/scenarios/empty-32-32/empty-32-32-condensed-1.scen --agents=100 C:\Users\Keerthan Shetty\OneDrive - KNIME AG\Desktop\Python\ASP\cmapf\Code\scripts\encodings\encoding_base.lp --horizon=12 --stats
delta/horizon : 12, time : 2.66 (solution found)
Finished processing. Results written to results\makespan\empty-32-32-condensed-1_No.xlsx
