Processing map: Instances/maps/empty-128-128.map, scenario: Instances/scenarios/empty-128-128/empty-128-128-condensed-0.scen with A Heuristics
Running with 5 agents
Agents: 5, Heuristic: A
Running command: C:\Users\Keerthan Shetty\OneDrive - KNIME AG\Desktop\Python\ASP\cmapf\camp\Scripts\python.exe C:\Users\Keerthan Shetty\OneDrive - KNIME AG\Desktop\Python\ASP\cmapf\Code\scripts\MAPF_with_priority.py --delta=0 --heuristic-strategy=A --map-file=Instances/maps/empty-128-128.map --scen-file=Instances/scenarios/empty-128-128/empty-128-128-condensed-0.scen --agents=5 C:\Users\Keerthan Shetty\OneDrive - KNIME AG\Desktop\Python\ASP\cmapf\Code\scripts\encodings\encoding_base.lp C:\Users\Keerthan Shetty\OneDrive - KNIME AG\Desktop\Python\ASP\cmapf\Code\scripts\encodings\heuristics_a.lp C:\Users\Keerthan Shetty\OneDrive - KNIME AG\Desktop\Python\ASP\cmapf\Code\Instances/Processed/empty-128-128/empty-128-128-condensed-0/priority1-static.lp --heuristic=domain --stats
delta : 0, time : 3.13 (solution found)
Running with 10 agents
Agents: 10, Heuristic: A
Running command: C:\Users\Keerthan Shetty\OneDrive - KNIME AG\Desktop\Python\ASP\cmapf\camp\Scripts\python.exe C:\Users\Keerthan Shetty\OneDrive - KNIME AG\Desktop\Python\ASP\cmapf\Code\scripts\MAPF_with_priority.py --delta=0 --heuristic-strategy=A --map-file=Instances/maps/empty-128-128.map --scen-file=Instances/scenarios/empty-128-128/empty-128-128-condensed-0.scen --agents=10 C:\Users\Keerthan Shetty\OneDrive - KNIME AG\Desktop\Python\ASP\cmapf\Code\scripts\encodings\encoding_base.lp C:\Users\Keerthan Shetty\OneDrive - KNIME AG\Desktop\Python\ASP\cmapf\Code\scripts\encodings\heuristics_a.lp C:\Users\Keerthan Shetty\OneDrive - KNIME AG\Desktop\Python\ASP\cmapf\Code\Instances/Processed/empty-128-128/empty-128-128-condensed-0/priority1-static.lp --heuristic=domain --stats
delta : 0, time : 3.82 (solution found)
Running with 15 agents
Agents: 15, Heuristic: A
Running command: C:\Users\Keerthan Shetty\OneDrive - KNIME AG\Desktop\Python\ASP\cmapf\camp\Scripts\python.exe C:\Users\Keerthan Shetty\OneDrive - KNIME AG\Desktop\Python\ASP\cmapf\Code\scripts\MAPF_with_priority.py --delta=0 --heuristic-strategy=A --map-file=Instances/maps/empty-128-128.map --scen-file=Instances/scenarios/empty-128-128/empty-128-128-condensed-0.scen --agents=15 C:\Users\Keerthan Shetty\OneDrive - KNIME AG\Desktop\Python\ASP\cmapf\Code\scripts\encodings\encoding_base.lp C:\Users\Keerthan Shetty\OneDrive - KNIME AG\Desktop\Python\ASP\cmapf\Code\scripts\encodings\heuristics_a.lp C:\Users\Keerthan Shetty\OneDrive - KNIME AG\Desktop\Python\ASP\cmapf\Code\Instances/Processed/empty-128-128/empty-128-128-condensed-0/priority1-static.lp --heuristic=domain --stats
 delta : 0, time_spent : 4.61
Running command: C:\Users\Keerthan Shetty\OneDrive - KNIME AG\Desktop\Python\ASP\cmapf\camp\Scripts\python.exe C:\Users\Keerthan Shetty\OneDrive - KNIME AG\Desktop\Python\ASP\cmapf\Code\scripts\MAPF_with_priority.py --delta=1 --heuristic-strategy=A --map-file=Instances/maps/empty-128-128.map --scen-file=Instances/scenarios/empty-128-128/empty-128-128-condensed-0.scen --agents=15 C:\Users\Keerthan Shetty\OneDrive - KNIME AG\Desktop\Python\ASP\cmapf\Code\scripts\encodings\encoding_base.lp C:\Users\Keerthan Shetty\OneDrive - KNIME AG\Desktop\Python\ASP\cmapf\Code\scripts\encodings\heuristics_a.lp C:\Users\Keerthan Shetty\OneDrive - KNIME AG\Desktop\Python\ASP\cmapf\Code\Instances/Processed/empty-128-128/empty-128-128-condensed-0/priority1-static.lp --heuristic=domain --stats
delta : 1, time : 10.87 (solution found)
Running with 20 agents
Agents: 20, Heuristic: A
Running command: C:\Users\Keerthan Shetty\OneDrive - KNIME AG\Desktop\Python\ASP\cmapf\camp\Scripts\python.exe C:\Users\Keerthan Shetty\OneDrive - KNIME AG\Desktop\Python\ASP\cmapf\Code\scripts\MAPF_with_priority.py --delta=0 --heuristic-strategy=A --map-file=Instances/maps/empty-128-128.map --scen-file=Instances/scenarios/empty-128-128/empty-128-128-condensed-0.scen --agents=20 C:\Users\Keerthan Shetty\OneDrive - KNIME AG\Desktop\Python\ASP\cmapf\Code\scripts\encodings\encoding_base.lp C:\Users\Keerthan Shetty\OneDrive - KNIME AG\Desktop\Python\ASP\cmapf\Code\scripts\encodings\heuristics_a.lp C:\Users\Keerthan Shetty\OneDrive - KNIME AG\Desktop\Python\ASP\cmapf\Code\Instances/Processed/empty-128-128/empty-128-128-condensed-0/priority1-static.lp --heuristic=domain --stats
 delta : 0, time_spent : 4.36
Running command: C:\Users\Keerthan Shetty\OneDrive - KNIME AG\Desktop\Python\ASP\cmapf\camp\Scripts\python.exe C:\Users\Keerthan Shetty\OneDrive - KNIME AG\Desktop\Python\ASP\cmapf\Code\scripts\MAPF_with_priority.py --delta=1 --heuristic-strategy=A --map-file=Instances/maps/empty-128-128.map --scen-file=Instances/scenarios/empty-128-128/empty-128-128-condensed-0.scen --agents=20 C:\Users\Keerthan Shetty\OneDrive - KNIME AG\Desktop\Python\ASP\cmapf\Code\scripts\encodings\encoding_base.lp C:\Users\Keerthan Shetty\OneDrive - KNIME AG\Desktop\Python\ASP\cmapf\Code\scripts\encodings\heuristics_a.lp C:\Users\Keerthan Shetty\OneDrive - KNIME AG\Desktop\Python\ASP\cmapf\Code\Instances/Processed/empty-128-128/empty-128-128-condensed-0/priority1-static.lp --heuristic=domain --stats
delta : 1, time : 11.17 (solution found)
Running with 25 agents
Agents: 25, Heuristic: A
Running command: C:\Users\Keerthan Shetty\OneDrive - KNIME AG\Desktop\Python\ASP\cmapf\camp\Scripts\python.exe C:\Users\Keerthan Shetty\OneDrive - KNIME AG\Desktop\Python\ASP\cmapf\Code\scripts\MAPF_with_priority.py --delta=0 --heuristic-strategy=A --map-file=Instances/maps/empty-128-128.map --scen-file=Instances/scenarios/empty-128-128/empty-128-128-condensed-0.scen --agents=25 C:\Users\Keerthan Shetty\OneDrive - KNIME AG\Desktop\Python\ASP\cmapf\Code\scripts\encodings\encoding_base.lp C:\Users\Keerthan Shetty\OneDrive - KNIME AG\Desktop\Python\ASP\cmapf\Code\scripts\encodings\heuristics_a.lp C:\Users\Keerthan Shetty\OneDrive - KNIME AG\Desktop\Python\ASP\cmapf\Code\Instances/Processed/empty-128-128/empty-128-128-condensed-0/priority1-static.lp --heuristic=domain --stats
 delta : 0, time_spent : 4.58
Running command: C:\Users\Keerthan Shetty\OneDrive - KNIME AG\Desktop\Python\ASP\cmapf\camp\Scripts\python.exe C:\Users\Keerthan Shetty\OneDrive - KNIME AG\Desktop\Python\ASP\cmapf\Code\scripts\MAPF_with_priority.py --delta=1 --heuristic-strategy=A --map-file=Instances/maps/empty-128-128.map --scen-file=Instances/scenarios/empty-128-128/empty-128-128-condensed-0.scen --agents=25 C:\Users\Keerthan Shetty\OneDrive - KNIME AG\Desktop\Python\ASP\cmapf\Code\scripts\encodings\encoding_base.lp C:\Users\Keerthan Shetty\OneDrive - KNIME AG\Desktop\Python\ASP\cmapf\Code\scripts\encodings\heuristics_a.lp C:\Users\Keerthan Shetty\OneDrive - KNIME AG\Desktop\Python\ASP\cmapf\Code\Instances/Processed/empty-128-128/empty-128-128-condensed-0/priority1-static.lp --heuristic=domain --stats
delta : 1, time : 12.24 (solution found)
Running with 30 agents
Agents: 30, Heuristic: A
Running command: C:\Users\Keerthan Shetty\OneDrive - KNIME AG\Desktop\Python\ASP\cmapf\camp\Scripts\python.exe C:\Users\Keerthan Shetty\OneDrive - KNIME AG\Desktop\Python\ASP\cmapf\Code\scripts\MAPF_with_priority.py --delta=0 --heuristic-strategy=A --map-file=Instances/maps/empty-128-128.map --scen-file=Instances/scenarios/empty-128-128/empty-128-128-condensed-0.scen --agents=30 C:\Users\Keerthan Shetty\OneDrive - KNIME AG\Desktop\Python\ASP\cmapf\Code\scripts\encodings\encoding_base.lp C:\Users\Keerthan Shetty\OneDrive - KNIME AG\Desktop\Python\ASP\cmapf\Code\scripts\encodings\heuristics_a.lp C:\Users\Keerthan Shetty\OneDrive - KNIME AG\Desktop\Python\ASP\cmapf\Code\Instances/Processed/empty-128-128/empty-128-128-condensed-0/priority1-static.lp --heuristic=domain --stats
 delta : 0, time_spent : 1.97
Running command: C:\Users\Keerthan Shetty\OneDrive - KNIME AG\Desktop\Python\ASP\cmapf\camp\Scripts\python.exe C:\Users\Keerthan Shetty\OneDrive - KNIME AG\Desktop\Python\ASP\cmapf\Code\scripts\MAPF_with_priority.py --delta=1 --heuristic-strategy=A --map-file=Instances/maps/empty-128-128.map --scen-file=Instances/scenarios/empty-128-128/empty-128-128-condensed-0.scen --agents=30 C:\Users\Keerthan Shetty\OneDrive - KNIME AG\Desktop\Python\ASP\cmapf\Code\scripts\encodings\encoding_base.lp C:\Users\Keerthan Shetty\OneDrive - KNIME AG\Desktop\Python\ASP\cmapf\Code\scripts\encodings\heuristics_a.lp C:\Users\Keerthan Shetty\OneDrive - KNIME AG\Desktop\Python\ASP\cmapf\Code\Instances/Processed/empty-128-128/empty-128-128-condensed-0/priority1-static.lp --heuristic=domain --stats
 delta : 1, time_spent : 2.05
Running command: C:\Users\Keerthan Shetty\OneDrive - KNIME AG\Desktop\Python\ASP\cmapf\camp\Scripts\python.exe C:\Users\Keerthan Shetty\OneDrive - KNIME AG\Desktop\Python\ASP\cmapf\Code\scripts\MAPF_with_priority.py --delta=2 --heuristic-strategy=A --map-file=Instances/maps/empty-128-128.map --scen-file=Instances/scenarios/empty-128-128/empty-128-128-condensed-0.scen --agents=30 C:\Users\Keerthan Shetty\OneDrive - KNIME AG\Desktop\Python\ASP\cmapf\Code\scripts\encodings\encoding_base.lp C:\Users\Keerthan Shetty\OneDrive - KNIME AG\Desktop\Python\ASP\cmapf\Code\scripts\encodings\heuristics_a.lp C:\Users\Keerthan Shetty\OneDrive - KNIME AG\Desktop\Python\ASP\cmapf\Code\Instances/Processed/empty-128-128/empty-128-128-condensed-0/priority1-static.lp --heuristic=domain --stats
 delta : 2, time_spent : 16.18
Running command: C:\Users\Keerthan Shetty\OneDrive - KNIME AG\Desktop\Python\ASP\cmapf\camp\Scripts\python.exe C:\Users\Keerthan Shetty\OneDrive - KNIME AG\Desktop\Python\ASP\cmapf\Code\scripts\MAPF_with_priority.py --delta=3 --heuristic-strategy=A --map-file=Instances/maps/empty-128-128.map --scen-file=Instances/scenarios/empty-128-128/empty-128-128-condensed-0.scen --agents=30 C:\Users\Keerthan Shetty\OneDrive - KNIME AG\Desktop\Python\ASP\cmapf\Code\scripts\encodings\encoding_base.lp C:\Users\Keerthan Shetty\OneDrive - KNIME AG\Desktop\Python\ASP\cmapf\Code\scripts\encodings\heuristics_a.lp C:\Users\Keerthan Shetty\OneDrive - KNIME AG\Desktop\Python\ASP\cmapf\Code\Instances/Processed/empty-128-128/empty-128-128-condensed-0/priority1-static.lp --heuristic=domain --stats
 delta : 3, time_spent : 38.13
Running command: C:\Users\Keerthan Shetty\OneDrive - KNIME AG\Desktop\Python\ASP\cmapf\camp\Scripts\python.exe C:\Users\Keerthan Shetty\OneDrive - KNIME AG\Desktop\Python\ASP\cmapf\Code\scripts\MAPF_with_priority.py --delta=4 --heuristic-strategy=A --map-file=Instances/maps/empty-128-128.map --scen-file=Instances/scenarios/empty-128-128/empty-128-128-condensed-0.scen --agents=30 C:\Users\Keerthan Shetty\OneDrive - KNIME AG\Desktop\Python\ASP\cmapf\Code\scripts\encodings\encoding_base.lp C:\Users\Keerthan Shetty\OneDrive - KNIME AG\Desktop\Python\ASP\cmapf\Code\scripts\encodings\heuristics_a.lp C:\Users\Keerthan Shetty\OneDrive - KNIME AG\Desktop\Python\ASP\cmapf\Code\Instances/Processed/empty-128-128/empty-128-128-condensed-0/priority1-static.lp --heuristic=domain --stats
delta : 4, time : 125.04 (solution found)
Running with 35 agents
Agents: 35, Heuristic: A
Running command: C:\Users\Keerthan Shetty\OneDrive - KNIME AG\Desktop\Python\ASP\cmapf\camp\Scripts\python.exe C:\Users\Keerthan Shetty\OneDrive - KNIME AG\Desktop\Python\ASP\cmapf\Code\scripts\MAPF_with_priority.py --delta=0 --heuristic-strategy=A --map-file=Instances/maps/empty-128-128.map --scen-file=Instances/scenarios/empty-128-128/empty-128-128-condensed-0.scen --agents=35 C:\Users\Keerthan Shetty\OneDrive - KNIME AG\Desktop\Python\ASP\cmapf\Code\scripts\encodings\encoding_base.lp C:\Users\Keerthan Shetty\OneDrive - KNIME AG\Desktop\Python\ASP\cmapf\Code\scripts\encodings\heuristics_a.lp C:\Users\Keerthan Shetty\OneDrive - KNIME AG\Desktop\Python\ASP\cmapf\Code\Instances/Processed/empty-128-128/empty-128-128-condensed-0/priority1-static.lp --heuristic=domain --stats
 delta : 0, time_spent : 2.42
Running command: C:\Users\Keerthan Shetty\OneDrive - KNIME AG\Desktop\Python\ASP\cmapf\camp\Scripts\python.exe C:\Users\Keerthan Shetty\OneDrive - KNIME AG\Desktop\Python\ASP\cmapf\Code\scripts\MAPF_with_priority.py --delta=1 --heuristic-strategy=A --map-file=Instances/maps/empty-128-128.map --scen-file=Instances/scenarios/empty-128-128/empty-128-128-condensed-0.scen --agents=35 C:\Users\Keerthan Shetty\OneDrive - KNIME AG\Desktop\Python\ASP\cmapf\Code\scripts\encodings\encoding_base.lp C:\Users\Keerthan Shetty\OneDrive - KNIME AG\Desktop\Python\ASP\cmapf\Code\scripts\encodings\heuristics_a.lp C:\Users\Keerthan Shetty\OneDrive - KNIME AG\Desktop\Python\ASP\cmapf\Code\Instances/Processed/empty-128-128/empty-128-128-condensed-0/priority1-static.lp --heuristic=domain --stats
 delta : 1, time_spent : 2.11
Running command: C:\Users\Keerthan Shetty\OneDrive - KNIME AG\Desktop\Python\ASP\cmapf\camp\Scripts\python.exe C:\Users\Keerthan Shetty\OneDrive - KNIME AG\Desktop\Python\ASP\cmapf\Code\scripts\MAPF_with_priority.py --delta=2 --heuristic-strategy=A --map-file=Instances/maps/empty-128-128.map --scen-file=Instances/scenarios/empty-128-128/empty-128-128-condensed-0.scen --agents=35 C:\Users\Keerthan Shetty\OneDrive - KNIME AG\Desktop\Python\ASP\cmapf\Code\scripts\encodings\encoding_base.lp C:\Users\Keerthan Shetty\OneDrive - KNIME AG\Desktop\Python\ASP\cmapf\Code\scripts\encodings\heuristics_a.lp C:\Users\Keerthan Shetty\OneDrive - KNIME AG\Desktop\Python\ASP\cmapf\Code\Instances/Processed/empty-128-128/empty-128-128-condensed-0/priority1-static.lp --heuristic=domain --stats
Timeout occurred after 295.49 seconds
 delta : 2, time : 300.02 (timeout)
Finished processing. Results written to results\empty-128-128-condensed-0_A_priority1-static.xlsx
