Processing map: Instances/maps/empty-128-128.map, scenario: Instances/scenarios/empty-128-128/empty-128-128-condensed-0.scen with A Heuristics
Running with 5 agents
Agents: 5, Heuristic: A
Running command: C:\Users\Keerthan Shetty\OneDrive - KNIME AG\Desktop\Python\ASP\cmapf\camp\Scripts\python.exe C:\Users\Keerthan Shetty\OneDrive - KNIME AG\Desktop\Python\ASP\cmapf\Code\scripts\MAPF_with_priority.py --delta=0 --heuristic-strategy=A --map-file=Instances/maps/empty-128-128.map --scen-file=Instances/scenarios/empty-128-128/empty-128-128-condensed-0.scen --agents=5 C:\Users\Keerthan Shetty\OneDrive - KNIME AG\Desktop\Python\ASP\cmapf\Code\scripts\encodings\encoding_base.lp C:\Users\Keerthan Shetty\OneDrive - KNIME AG\Desktop\Python\ASP\cmapf\Code\scripts\encodings\heuristics_a.lp C:\Users\Keerthan Shetty\OneDrive - KNIME AG\Desktop\Python\ASP\cmapf\Code\Instances/Processed/empty-128-128/empty-128-128-condensed-0/priority5-static.lp --heuristic=domain --stats
delta : 0, time : 2.99 (solution found)
Running with 10 agents
Agents: 10, Heuristic: A
Running command: C:\Users\Keerthan Shetty\OneDrive - KNIME AG\Desktop\Python\ASP\cmapf\camp\Scripts\python.exe C:\Users\Keerthan Shetty\OneDrive - KNIME AG\Desktop\Python\ASP\cmapf\Code\scripts\MAPF_with_priority.py --delta=0 --heuristic-strategy=A --map-file=Instances/maps/empty-128-128.map --scen-file=Instances/scenarios/empty-128-128/empty-128-128-condensed-0.scen --agents=10 C:\Users\Keerthan Shetty\OneDrive - KNIME AG\Desktop\Python\ASP\cmapf\Code\scripts\encodings\encoding_base.lp C:\Users\Keerthan Shetty\OneDrive - KNIME AG\Desktop\Python\ASP\cmapf\Code\scripts\encodings\heuristics_a.lp C:\Users\Keerthan Shetty\OneDrive - KNIME AG\Desktop\Python\ASP\cmapf\Code\Instances/Processed/empty-128-128/empty-128-128-condensed-0/priority5-static.lp --heuristic=domain --stats
delta : 0, time : 3.09 (solution found)
Running with 15 agents
Agents: 15, Heuristic: A
Running command: C:\Users\Keerthan Shetty\OneDrive - KNIME AG\Desktop\Python\ASP\cmapf\camp\Scripts\python.exe C:\Users\Keerthan Shetty\OneDrive - KNIME AG\Desktop\Python\ASP\cmapf\Code\scripts\MAPF_with_priority.py --delta=0 --heuristic-strategy=A --map-file=Instances/maps/empty-128-128.map --scen-file=Instances/scenarios/empty-128-128/empty-128-128-condensed-0.scen --agents=15 C:\Users\Keerthan Shetty\OneDrive - KNIME AG\Desktop\Python\ASP\cmapf\Code\scripts\encodings\encoding_base.lp C:\Users\Keerthan Shetty\OneDrive - KNIME AG\Desktop\Python\ASP\cmapf\Code\scripts\encodings\heuristics_a.lp C:\Users\Keerthan Shetty\OneDrive - KNIME AG\Desktop\Python\ASP\cmapf\Code\Instances/Processed/empty-128-128/empty-128-128-condensed-0/priority5-static.lp --heuristic=domain --stats
 delta : 0, time_spent : 3.44
Running command: C:\Users\Keerthan Shetty\OneDrive - KNIME AG\Desktop\Python\ASP\cmapf\camp\Scripts\python.exe C:\Users\Keerthan Shetty\OneDrive - KNIME AG\Desktop\Python\ASP\cmapf\Code\scripts\MAPF_with_priority.py --delta=1 --heuristic-strategy=A --map-file=Instances/maps/empty-128-128.map --scen-file=Instances/scenarios/empty-128-128/empty-128-128-condensed-0.scen --agents=15 C:\Users\Keerthan Shetty\OneDrive - KNIME AG\Desktop\Python\ASP\cmapf\Code\scripts\encodings\encoding_base.lp C:\Users\Keerthan Shetty\OneDrive - KNIME AG\Desktop\Python\ASP\cmapf\Code\scripts\encodings\heuristics_a.lp C:\Users\Keerthan Shetty\OneDrive - KNIME AG\Desktop\Python\ASP\cmapf\Code\Instances/Processed/empty-128-128/empty-128-128-condensed-0/priority5-static.lp --heuristic=domain --stats
delta : 1, time : 9.67 (solution found)
Running with 20 agents
Agents: 20, Heuristic: A
Running command: C:\Users\Keerthan Shetty\OneDrive - KNIME AG\Desktop\Python\ASP\cmapf\camp\Scripts\python.exe C:\Users\Keerthan Shetty\OneDrive - KNIME AG\Desktop\Python\ASP\cmapf\Code\scripts\MAPF_with_priority.py --delta=0 --heuristic-strategy=A --map-file=Instances/maps/empty-128-128.map --scen-file=Instances/scenarios/empty-128-128/empty-128-128-condensed-0.scen --agents=20 C:\Users\Keerthan Shetty\OneDrive - KNIME AG\Desktop\Python\ASP\cmapf\Code\scripts\encodings\encoding_base.lp C:\Users\Keerthan Shetty\OneDrive - KNIME AG\Desktop\Python\ASP\cmapf\Code\scripts\encodings\heuristics_a.lp C:\Users\Keerthan Shetty\OneDrive - KNIME AG\Desktop\Python\ASP\cmapf\Code\Instances/Processed/empty-128-128/empty-128-128-condensed-0/priority5-static.lp --heuristic=domain --stats
 delta : 0, time_spent : 4.28
Running command: C:\Users\Keerthan Shetty\OneDrive - KNIME AG\Desktop\Python\ASP\cmapf\camp\Scripts\python.exe C:\Users\Keerthan Shetty\OneDrive - KNIME AG\Desktop\Python\ASP\cmapf\Code\scripts\MAPF_with_priority.py --delta=1 --heuristic-strategy=A --map-file=Instances/maps/empty-128-128.map --scen-file=Instances/scenarios/empty-128-128/empty-128-128-condensed-0.scen --agents=20 C:\Users\Keerthan Shetty\OneDrive - KNIME AG\Desktop\Python\ASP\cmapf\Code\scripts\encodings\encoding_base.lp C:\Users\Keerthan Shetty\OneDrive - KNIME AG\Desktop\Python\ASP\cmapf\Code\scripts\encodings\heuristics_a.lp C:\Users\Keerthan Shetty\OneDrive - KNIME AG\Desktop\Python\ASP\cmapf\Code\Instances/Processed/empty-128-128/empty-128-128-condensed-0/priority5-static.lp --heuristic=domain --stats
delta : 1, time : 14.95 (solution found)
Running with 25 agents
Agents: 25, Heuristic: A
Running command: C:\Users\Keerthan Shetty\OneDrive - KNIME AG\Desktop\Python\ASP\cmapf\camp\Scripts\python.exe C:\Users\Keerthan Shetty\OneDrive - KNIME AG\Desktop\Python\ASP\cmapf\Code\scripts\MAPF_with_priority.py --delta=0 --heuristic-strategy=A --map-file=Instances/maps/empty-128-128.map --scen-file=Instances/scenarios/empty-128-128/empty-128-128-condensed-0.scen --agents=25 C:\Users\Keerthan Shetty\OneDrive - KNIME AG\Desktop\Python\ASP\cmapf\Code\scripts\encodings\encoding_base.lp C:\Users\Keerthan Shetty\OneDrive - KNIME AG\Desktop\Python\ASP\cmapf\Code\scripts\encodings\heuristics_a.lp C:\Users\Keerthan Shetty\OneDrive - KNIME AG\Desktop\Python\ASP\cmapf\Code\Instances/Processed/empty-128-128/empty-128-128-condensed-0/priority5-static.lp --heuristic=domain --stats
 delta : 0, time_spent : 5.33
Running command: C:\Users\Keerthan Shetty\OneDrive - KNIME AG\Desktop\Python\ASP\cmapf\camp\Scripts\python.exe C:\Users\Keerthan Shetty\OneDrive - KNIME AG\Desktop\Python\ASP\cmapf\Code\scripts\MAPF_with_priority.py --delta=1 --heuristic-strategy=A --map-file=Instances/maps/empty-128-128.map --scen-file=Instances/scenarios/empty-128-128/empty-128-128-condensed-0.scen --agents=25 C:\Users\Keerthan Shetty\OneDrive - KNIME AG\Desktop\Python\ASP\cmapf\Code\scripts\encodings\encoding_base.lp C:\Users\Keerthan Shetty\OneDrive - KNIME AG\Desktop\Python\ASP\cmapf\Code\scripts\encodings\heuristics_a.lp C:\Users\Keerthan Shetty\OneDrive - KNIME AG\Desktop\Python\ASP\cmapf\Code\Instances/Processed/empty-128-128/empty-128-128-condensed-0/priority5-static.lp --heuristic=domain --stats
delta : 1, time : 17.51 (solution found)
Running with 30 agents
Agents: 30, Heuristic: A
Running command: C:\Users\Keerthan Shetty\OneDrive - KNIME AG\Desktop\Python\ASP\cmapf\camp\Scripts\python.exe C:\Users\Keerthan Shetty\OneDrive - KNIME AG\Desktop\Python\ASP\cmapf\Code\scripts\MAPF_with_priority.py --delta=0 --heuristic-strategy=A --map-file=Instances/maps/empty-128-128.map --scen-file=Instances/scenarios/empty-128-128/empty-128-128-condensed-0.scen --agents=30 C:\Users\Keerthan Shetty\OneDrive - KNIME AG\Desktop\Python\ASP\cmapf\Code\scripts\encodings\encoding_base.lp C:\Users\Keerthan Shetty\OneDrive - KNIME AG\Desktop\Python\ASP\cmapf\Code\scripts\encodings\heuristics_a.lp C:\Users\Keerthan Shetty\OneDrive - KNIME AG\Desktop\Python\ASP\cmapf\Code\Instances/Processed/empty-128-128/empty-128-128-condensed-0/priority5-static.lp --heuristic=domain --stats
 delta : 0, time_spent : 2.13
Running command: C:\Users\Keerthan Shetty\OneDrive - KNIME AG\Desktop\Python\ASP\cmapf\camp\Scripts\python.exe C:\Users\Keerthan Shetty\OneDrive - KNIME AG\Desktop\Python\ASP\cmapf\Code\scripts\MAPF_with_priority.py --delta=1 --heuristic-strategy=A --map-file=Instances/maps/empty-128-128.map --scen-file=Instances/scenarios/empty-128-128/empty-128-128-condensed-0.scen --agents=30 C:\Users\Keerthan Shetty\OneDrive - KNIME AG\Desktop\Python\ASP\cmapf\Code\scripts\encodings\encoding_base.lp C:\Users\Keerthan Shetty\OneDrive - KNIME AG\Desktop\Python\ASP\cmapf\Code\scripts\encodings\heuristics_a.lp C:\Users\Keerthan Shetty\OneDrive - KNIME AG\Desktop\Python\ASP\cmapf\Code\Instances/Processed/empty-128-128/empty-128-128-condensed-0/priority5-static.lp --heuristic=domain --stats
 delta : 1, time_spent : 2.82
Running command: C:\Users\Keerthan Shetty\OneDrive - KNIME AG\Desktop\Python\ASP\cmapf\camp\Scripts\python.exe C:\Users\Keerthan Shetty\OneDrive - KNIME AG\Desktop\Python\ASP\cmapf\Code\scripts\MAPF_with_priority.py --delta=2 --heuristic-strategy=A --map-file=Instances/maps/empty-128-128.map --scen-file=Instances/scenarios/empty-128-128/empty-128-128-condensed-0.scen --agents=30 C:\Users\Keerthan Shetty\OneDrive - KNIME AG\Desktop\Python\ASP\cmapf\Code\scripts\encodings\encoding_base.lp C:\Users\Keerthan Shetty\OneDrive - KNIME AG\Desktop\Python\ASP\cmapf\Code\scripts\encodings\heuristics_a.lp C:\Users\Keerthan Shetty\OneDrive - KNIME AG\Desktop\Python\ASP\cmapf\Code\Instances/Processed/empty-128-128/empty-128-128-condensed-0/priority5-static.lp --heuristic=domain --stats
 delta : 2, time_spent : 21.17
Running command: C:\Users\Keerthan Shetty\OneDrive - KNIME AG\Desktop\Python\ASP\cmapf\camp\Scripts\python.exe C:\Users\Keerthan Shetty\OneDrive - KNIME AG\Desktop\Python\ASP\cmapf\Code\scripts\MAPF_with_priority.py --delta=3 --heuristic-strategy=A --map-file=Instances/maps/empty-128-128.map --scen-file=Instances/scenarios/empty-128-128/empty-128-128-condensed-0.scen --agents=30 C:\Users\Keerthan Shetty\OneDrive - KNIME AG\Desktop\Python\ASP\cmapf\Code\scripts\encodings\encoding_base.lp C:\Users\Keerthan Shetty\OneDrive - KNIME AG\Desktop\Python\ASP\cmapf\Code\scripts\encodings\heuristics_a.lp C:\Users\Keerthan Shetty\OneDrive - KNIME AG\Desktop\Python\ASP\cmapf\Code\Instances/Processed/empty-128-128/empty-128-128-condensed-0/priority5-static.lp --heuristic=domain --stats
 delta : 3, time_spent : 118.61
Running command: C:\Users\Keerthan Shetty\OneDrive - KNIME AG\Desktop\Python\ASP\cmapf\camp\Scripts\python.exe C:\Users\Keerthan Shetty\OneDrive - KNIME AG\Desktop\Python\ASP\cmapf\Code\scripts\MAPF_with_priority.py --delta=4 --heuristic-strategy=A --map-file=Instances/maps/empty-128-128.map --scen-file=Instances/scenarios/empty-128-128/empty-128-128-condensed-0.scen --agents=30 C:\Users\Keerthan Shetty\OneDrive - KNIME AG\Desktop\Python\ASP\cmapf\Code\scripts\encodings\encoding_base.lp C:\Users\Keerthan Shetty\OneDrive - KNIME AG\Desktop\Python\ASP\cmapf\Code\scripts\encodings\heuristics_a.lp C:\Users\Keerthan Shetty\OneDrive - KNIME AG\Desktop\Python\ASP\cmapf\Code\Instances/Processed/empty-128-128/empty-128-128-condensed-0/priority5-static.lp --heuristic=domain --stats
delta : 4, time : 259.81 (solution found)
Running with 35 agents
Agents: 35, Heuristic: A
Running command: C:\Users\Keerthan Shetty\OneDrive - KNIME AG\Desktop\Python\ASP\cmapf\camp\Scripts\python.exe C:\Users\Keerthan Shetty\OneDrive - KNIME AG\Desktop\Python\ASP\cmapf\Code\scripts\MAPF_with_priority.py --delta=0 --heuristic-strategy=A --map-file=Instances/maps/empty-128-128.map --scen-file=Instances/scenarios/empty-128-128/empty-128-128-condensed-0.scen --agents=35 C:\Users\Keerthan Shetty\OneDrive - KNIME AG\Desktop\Python\ASP\cmapf\Code\scripts\encodings\encoding_base.lp C:\Users\Keerthan Shetty\OneDrive - KNIME AG\Desktop\Python\ASP\cmapf\Code\scripts\encodings\heuristics_a.lp C:\Users\Keerthan Shetty\OneDrive - KNIME AG\Desktop\Python\ASP\cmapf\Code\Instances/Processed/empty-128-128/empty-128-128-condensed-0/priority5-static.lp --heuristic=domain --stats
 delta : 0, time_spent : 2.37
Running command: C:\Users\Keerthan Shetty\OneDrive - KNIME AG\Desktop\Python\ASP\cmapf\camp\Scripts\python.exe C:\Users\Keerthan Shetty\OneDrive - KNIME AG\Desktop\Python\ASP\cmapf\Code\scripts\MAPF_with_priority.py --delta=1 --heuristic-strategy=A --map-file=Instances/maps/empty-128-128.map --scen-file=Instances/scenarios/empty-128-128/empty-128-128-condensed-0.scen --agents=35 C:\Users\Keerthan Shetty\OneDrive - KNIME AG\Desktop\Python\ASP\cmapf\Code\scripts\encodings\encoding_base.lp C:\Users\Keerthan Shetty\OneDrive - KNIME AG\Desktop\Python\ASP\cmapf\Code\scripts\encodings\heuristics_a.lp C:\Users\Keerthan Shetty\OneDrive - KNIME AG\Desktop\Python\ASP\cmapf\Code\Instances/Processed/empty-128-128/empty-128-128-condensed-0/priority5-static.lp --heuristic=domain --stats
 delta : 1, time_spent : 2.00
Running command: C:\Users\Keerthan Shetty\OneDrive - KNIME AG\Desktop\Python\ASP\cmapf\camp\Scripts\python.exe C:\Users\Keerthan Shetty\OneDrive - KNIME AG\Desktop\Python\ASP\cmapf\Code\scripts\MAPF_with_priority.py --delta=2 --heuristic-strategy=A --map-file=Instances/maps/empty-128-128.map --scen-file=Instances/scenarios/empty-128-128/empty-128-128-condensed-0.scen --agents=35 C:\Users\Keerthan Shetty\OneDrive - KNIME AG\Desktop\Python\ASP\cmapf\Code\scripts\encodings\encoding_base.lp C:\Users\Keerthan Shetty\OneDrive - KNIME AG\Desktop\Python\ASP\cmapf\Code\scripts\encodings\heuristics_a.lp C:\Users\Keerthan Shetty\OneDrive - KNIME AG\Desktop\Python\ASP\cmapf\Code\Instances/Processed/empty-128-128/empty-128-128-condensed-0/priority5-static.lp --heuristic=domain --stats
 delta : 2, time_spent : 18.59
Running command: C:\Users\Keerthan Shetty\OneDrive - KNIME AG\Desktop\Python\ASP\cmapf\camp\Scripts\python.exe C:\Users\Keerthan Shetty\OneDrive - KNIME AG\Desktop\Python\ASP\cmapf\Code\scripts\MAPF_with_priority.py --delta=3 --heuristic-strategy=A --map-file=Instances/maps/empty-128-128.map --scen-file=Instances/scenarios/empty-128-128/empty-128-128-condensed-0.scen --agents=35 C:\Users\Keerthan Shetty\OneDrive - KNIME AG\Desktop\Python\ASP\cmapf\Code\scripts\encodings\encoding_base.lp C:\Users\Keerthan Shetty\OneDrive - KNIME AG\Desktop\Python\ASP\cmapf\Code\scripts\encodings\heuristics_a.lp C:\Users\Keerthan Shetty\OneDrive - KNIME AG\Desktop\Python\ASP\cmapf\Code\Instances/Processed/empty-128-128/empty-128-128-condensed-0/priority5-static.lp --heuristic=domain --stats
Timeout occurred after 277.06 seconds
 delta : 3, time : 300.02 (timeout)
Finished processing. Results written to results\empty-128-128-condensed-0_A_priority5-static.xlsx
