Processing map: Instances/maps/empty-32-32.map, scenario: Instances/scenarios/empty-32-32/empty-32-32-condensed-1.scen with No Heuristics
Running with 5 agents
Agents: 5, Heuristic: No
Running command: C:\Users\Keerthan Shetty\OneDrive - KNIME AG\Desktop\Python\ASP\cmapf\camp\Scripts\python.exe C:\Users\Keerthan Shetty\OneDrive - KNIME AG\Desktop\Python\ASP\cmapf\Code\scripts\MAPF_with_priority.py --heuristic-strategy=No --map-file=Instances/maps/empty-32-32.map --scen-file=Instances/scenarios/empty-32-32/empty-32-32-condensed-1.scen --agents=5 C:\Users\Keerthan Shetty\OneDrive - KNIME AG\Desktop\Python\ASP\cmapf\Code\scripts\encodings\encoding_base.lp --delta=0 --stats
delta/horizon : 0, time : 0.52 (solution found)
Running with 10 agents
Agents: 10, Heuristic: No
Running command: C:\Users\Keerthan Shetty\OneDrive - KNIME AG\Desktop\Python\ASP\cmapf\camp\Scripts\python.exe C:\Users\Keerthan Shetty\OneDrive - KNIME AG\Desktop\Python\ASP\cmapf\Code\scripts\MAPF_with_priority.py --heuristic-strategy=No --map-file=Instances/maps/empty-32-32.map --scen-file=Instances/scenarios/empty-32-32/empty-32-32-condensed-1.scen --agents=10 C:\Users\Keerthan Shetty\OneDrive - KNIME AG\Desktop\Python\ASP\cmapf\Code\scripts\encodings\encoding_base.lp --delta=0 --stats
delta/horizon : 0, time : 0.30 (solution found)
Running with 15 agents
Agents: 15, Heuristic: No
Running command: C:\Users\Keerthan Shetty\OneDrive - KNIME AG\Desktop\Python\ASP\cmapf\camp\Scripts\python.exe C:\Users\Keerthan Shetty\OneDrive - KNIME AG\Desktop\Python\ASP\cmapf\Code\scripts\MAPF_with_priority.py --heuristic-strategy=No --map-file=Instances/maps/empty-32-32.map --scen-file=Instances/scenarios/empty-32-32/empty-32-32-condensed-1.scen --agents=15 C:\Users\Keerthan Shetty\OneDrive - KNIME AG\Desktop\Python\ASP\cmapf\Code\scripts\encodings\encoding_base.lp --delta=0 --stats
delta/horizon : 0, time : 0.31 (solution found)
Running with 20 agents
Agents: 20, Heuristic: No
Running command: C:\Users\Keerthan Shetty\OneDrive - KNIME AG\Desktop\Python\ASP\cmapf\camp\Scripts\python.exe C:\Users\Keerthan Shetty\OneDrive - KNIME AG\Desktop\Python\ASP\cmapf\Code\scripts\MAPF_with_priority.py --heuristic-strategy=No --map-file=Instances/maps/empty-32-32.map --scen-file=Instances/scenarios/empty-32-32/empty-32-32-condensed-1.scen --agents=20 C:\Users\Keerthan Shetty\OneDrive - KNIME AG\Desktop\Python\ASP\cmapf\Code\scripts\encodings\encoding_base.lp --delta=0 --stats
delta/horizon : 0, time : 0.34 (solution found)
Running with 25 agents
Agents: 25, Heuristic: No
Running command: C:\Users\Keerthan Shetty\OneDrive - KNIME AG\Desktop\Python\ASP\cmapf\camp\Scripts\python.exe C:\Users\Keerthan Shetty\OneDrive - KNIME AG\Desktop\Python\ASP\cmapf\Code\scripts\MAPF_with_priority.py --heuristic-strategy=No --map-file=Instances/maps/empty-32-32.map --scen-file=Instances/scenarios/empty-32-32/empty-32-32-condensed-1.scen --agents=25 C:\Users\Keerthan Shetty\OneDrive - KNIME AG\Desktop\Python\ASP\cmapf\Code\scripts\encodings\encoding_base.lp --delta=0 --stats
 delta/horizon : 0, time_spent : 0.32
Running command: C:\Users\Keerthan Shetty\OneDrive - KNIME AG\Desktop\Python\ASP\cmapf\camp\Scripts\python.exe C:\Users\Keerthan Shetty\OneDrive - KNIME AG\Desktop\Python\ASP\cmapf\Code\scripts\MAPF_with_priority.py --heuristic-strategy=No --map-file=Instances/maps/empty-32-32.map --scen-file=Instances/scenarios/empty-32-32/empty-32-32-condensed-1.scen --agents=25 C:\Users\Keerthan Shetty\OneDrive - KNIME AG\Desktop\Python\ASP\cmapf\Code\scripts\encodings\encoding_base.lp --delta=1 --stats
delta/horizon : 1, time : 0.71 (solution found)
Running with 30 agents
Agents: 30, Heuristic: No
Running command: C:\Users\Keerthan Shetty\OneDrive - KNIME AG\Desktop\Python\ASP\cmapf\camp\Scripts\python.exe C:\Users\Keerthan Shetty\OneDrive - KNIME AG\Desktop\Python\ASP\cmapf\Code\scripts\MAPF_with_priority.py --heuristic-strategy=No --map-file=Instances/maps/empty-32-32.map --scen-file=Instances/scenarios/empty-32-32/empty-32-32-condensed-1.scen --agents=30 C:\Users\Keerthan Shetty\OneDrive - KNIME AG\Desktop\Python\ASP\cmapf\Code\scripts\encodings\encoding_base.lp --delta=0 --stats
 delta/horizon : 0, time_spent : 0.36
Running command: C:\Users\Keerthan Shetty\OneDrive - KNIME AG\Desktop\Python\ASP\cmapf\camp\Scripts\python.exe C:\Users\Keerthan Shetty\OneDrive - KNIME AG\Desktop\Python\ASP\cmapf\Code\scripts\MAPF_with_priority.py --heuristic-strategy=No --map-file=Instances/maps/empty-32-32.map --scen-file=Instances/scenarios/empty-32-32/empty-32-32-condensed-1.scen --agents=30 C:\Users\Keerthan Shetty\OneDrive - KNIME AG\Desktop\Python\ASP\cmapf\Code\scripts\encodings\encoding_base.lp --delta=1 --stats
delta/horizon : 1, time : 0.76 (solution found)
Running with 35 agents
Agents: 35, Heuristic: No
Running command: C:\Users\Keerthan Shetty\OneDrive - KNIME AG\Desktop\Python\ASP\cmapf\camp\Scripts\python.exe C:\Users\Keerthan Shetty\OneDrive - KNIME AG\Desktop\Python\ASP\cmapf\Code\scripts\MAPF_with_priority.py --heuristic-strategy=No --map-file=Instances/maps/empty-32-32.map --scen-file=Instances/scenarios/empty-32-32/empty-32-32-condensed-1.scen --agents=35 C:\Users\Keerthan Shetty\OneDrive - KNIME AG\Desktop\Python\ASP\cmapf\Code\scripts\encodings\encoding_base.lp --delta=0 --stats
 delta/horizon : 0, time_spent : 0.35
Running command: C:\Users\Keerthan Shetty\OneDrive - KNIME AG\Desktop\Python\ASP\cmapf\camp\Scripts\python.exe C:\Users\Keerthan Shetty\OneDrive - KNIME AG\Desktop\Python\ASP\cmapf\Code\scripts\MAPF_with_priority.py --heuristic-strategy=No --map-file=Instances/maps/empty-32-32.map --scen-file=Instances/scenarios/empty-32-32/empty-32-32-condensed-1.scen --agents=35 C:\Users\Keerthan Shetty\OneDrive - KNIME AG\Desktop\Python\ASP\cmapf\Code\scripts\encodings\encoding_base.lp --delta=1 --stats
 delta/horizon : 1, time_spent : 0.40
Running command: C:\Users\Keerthan Shetty\OneDrive - KNIME AG\Desktop\Python\ASP\cmapf\camp\Scripts\python.exe C:\Users\Keerthan Shetty\OneDrive - KNIME AG\Desktop\Python\ASP\cmapf\Code\scripts\MAPF_with_priority.py --heuristic-strategy=No --map-file=Instances/maps/empty-32-32.map --scen-file=Instances/scenarios/empty-32-32/empty-32-32-condensed-1.scen --agents=35 C:\Users\Keerthan Shetty\OneDrive - KNIME AG\Desktop\Python\ASP\cmapf\Code\scripts\encodings\encoding_base.lp --delta=2 --stats
 delta/horizon : 2, time_spent : 0.59
Running command: C:\Users\Keerthan Shetty\OneDrive - KNIME AG\Desktop\Python\ASP\cmapf\camp\Scripts\python.exe C:\Users\Keerthan Shetty\OneDrive - KNIME AG\Desktop\Python\ASP\cmapf\Code\scripts\MAPF_with_priority.py --heuristic-strategy=No --map-file=Instances/maps/empty-32-32.map --scen-file=Instances/scenarios/empty-32-32/empty-32-32-condensed-1.scen --agents=35 C:\Users\Keerthan Shetty\OneDrive - KNIME AG\Desktop\Python\ASP\cmapf\Code\scripts\encodings\encoding_base.lp --delta=3 --stats
delta/horizon : 3, time : 2.25 (solution found)
Running with 40 agents
Agents: 40, Heuristic: No
Running command: C:\Users\Keerthan Shetty\OneDrive - KNIME AG\Desktop\Python\ASP\cmapf\camp\Scripts\python.exe C:\Users\Keerthan Shetty\OneDrive - KNIME AG\Desktop\Python\ASP\cmapf\Code\scripts\MAPF_with_priority.py --heuristic-strategy=No --map-file=Instances/maps/empty-32-32.map --scen-file=Instances/scenarios/empty-32-32/empty-32-32-condensed-1.scen --agents=40 C:\Users\Keerthan Shetty\OneDrive - KNIME AG\Desktop\Python\ASP\cmapf\Code\scripts\encodings\encoding_base.lp --delta=0 --stats
 delta/horizon : 0, time_spent : 0.39
Running command: C:\Users\Keerthan Shetty\OneDrive - KNIME AG\Desktop\Python\ASP\cmapf\camp\Scripts\python.exe C:\Users\Keerthan Shetty\OneDrive - KNIME AG\Desktop\Python\ASP\cmapf\Code\scripts\MAPF_with_priority.py --heuristic-strategy=No --map-file=Instances/maps/empty-32-32.map --scen-file=Instances/scenarios/empty-32-32/empty-32-32-condensed-1.scen --agents=40 C:\Users\Keerthan Shetty\OneDrive - KNIME AG\Desktop\Python\ASP\cmapf\Code\scripts\encodings\encoding_base.lp --delta=1 --stats
 delta/horizon : 1, time_spent : 0.44
Running command: C:\Users\Keerthan Shetty\OneDrive - KNIME AG\Desktop\Python\ASP\cmapf\camp\Scripts\python.exe C:\Users\Keerthan Shetty\OneDrive - KNIME AG\Desktop\Python\ASP\cmapf\Code\scripts\MAPF_with_priority.py --heuristic-strategy=No --map-file=Instances/maps/empty-32-32.map --scen-file=Instances/scenarios/empty-32-32/empty-32-32-condensed-1.scen --agents=40 C:\Users\Keerthan Shetty\OneDrive - KNIME AG\Desktop\Python\ASP\cmapf\Code\scripts\encodings\encoding_base.lp --delta=2 --stats
 delta/horizon : 2, time_spent : 0.72
Running command: C:\Users\Keerthan Shetty\OneDrive - KNIME AG\Desktop\Python\ASP\cmapf\camp\Scripts\python.exe C:\Users\Keerthan Shetty\OneDrive - KNIME AG\Desktop\Python\ASP\cmapf\Code\scripts\MAPF_with_priority.py --heuristic-strategy=No --map-file=Instances/maps/empty-32-32.map --scen-file=Instances/scenarios/empty-32-32/empty-32-32-condensed-1.scen --agents=40 C:\Users\Keerthan Shetty\OneDrive - KNIME AG\Desktop\Python\ASP\cmapf\Code\scripts\encodings\encoding_base.lp --delta=3 --stats
delta/horizon : 3, time : 2.46 (solution found)
Running with 45 agents
Agents: 45, Heuristic: No
Running command: C:\Users\Keerthan Shetty\OneDrive - KNIME AG\Desktop\Python\ASP\cmapf\camp\Scripts\python.exe C:\Users\Keerthan Shetty\OneDrive - KNIME AG\Desktop\Python\ASP\cmapf\Code\scripts\MAPF_with_priority.py --heuristic-strategy=No --map-file=Instances/maps/empty-32-32.map --scen-file=Instances/scenarios/empty-32-32/empty-32-32-condensed-1.scen --agents=45 C:\Users\Keerthan Shetty\OneDrive - KNIME AG\Desktop\Python\ASP\cmapf\Code\scripts\encodings\encoding_base.lp --delta=0 --stats
 delta/horizon : 0, time_spent : 0.35
Running command: C:\Users\Keerthan Shetty\OneDrive - KNIME AG\Desktop\Python\ASP\cmapf\camp\Scripts\python.exe C:\Users\Keerthan Shetty\OneDrive - KNIME AG\Desktop\Python\ASP\cmapf\Code\scripts\MAPF_with_priority.py --heuristic-strategy=No --map-file=Instances/maps/empty-32-32.map --scen-file=Instances/scenarios/empty-32-32/empty-32-32-condensed-1.scen --agents=45 C:\Users\Keerthan Shetty\OneDrive - KNIME AG\Desktop\Python\ASP\cmapf\Code\scripts\encodings\encoding_base.lp --delta=1 --stats
 delta/horizon : 1, time_spent : 0.44
Running command: C:\Users\Keerthan Shetty\OneDrive - KNIME AG\Desktop\Python\ASP\cmapf\camp\Scripts\python.exe C:\Users\Keerthan Shetty\OneDrive - KNIME AG\Desktop\Python\ASP\cmapf\Code\scripts\MAPF_with_priority.py --heuristic-strategy=No --map-file=Instances/maps/empty-32-32.map --scen-file=Instances/scenarios/empty-32-32/empty-32-32-condensed-1.scen --agents=45 C:\Users\Keerthan Shetty\OneDrive - KNIME AG\Desktop\Python\ASP\cmapf\Code\scripts\encodings\encoding_base.lp --delta=2 --stats
 delta/horizon : 2, time_spent : 0.73
Running command: C:\Users\Keerthan Shetty\OneDrive - KNIME AG\Desktop\Python\ASP\cmapf\camp\Scripts\python.exe C:\Users\Keerthan Shetty\OneDrive - KNIME AG\Desktop\Python\ASP\cmapf\Code\scripts\MAPF_with_priority.py --heuristic-strategy=No --map-file=Instances/maps/empty-32-32.map --scen-file=Instances/scenarios/empty-32-32/empty-32-32-condensed-1.scen --agents=45 C:\Users\Keerthan Shetty\OneDrive - KNIME AG\Desktop\Python\ASP\cmapf\Code\scripts\encodings\encoding_base.lp --delta=3 --stats
 delta/horizon : 3, time_spent : 1.10
Running command: C:\Users\Keerthan Shetty\OneDrive - KNIME AG\Desktop\Python\ASP\cmapf\camp\Scripts\python.exe C:\Users\Keerthan Shetty\OneDrive - KNIME AG\Desktop\Python\ASP\cmapf\Code\scripts\MAPF_with_priority.py --heuristic-strategy=No --map-file=Instances/maps/empty-32-32.map --scen-file=Instances/scenarios/empty-32-32/empty-32-32-condensed-1.scen --agents=45 C:\Users\Keerthan Shetty\OneDrive - KNIME AG\Desktop\Python\ASP\cmapf\Code\scripts\encodings\encoding_base.lp --delta=4 --stats
 delta/horizon : 4, time_spent : 1.67
Running command: C:\Users\Keerthan Shetty\OneDrive - KNIME AG\Desktop\Python\ASP\cmapf\camp\Scripts\python.exe C:\Users\Keerthan Shetty\OneDrive - KNIME AG\Desktop\Python\ASP\cmapf\Code\scripts\MAPF_with_priority.py --heuristic-strategy=No --map-file=Instances/maps/empty-32-32.map --scen-file=Instances/scenarios/empty-32-32/empty-32-32-condensed-1.scen --agents=45 C:\Users\Keerthan Shetty\OneDrive - KNIME AG\Desktop\Python\ASP\cmapf\Code\scripts\encodings\encoding_base.lp --delta=5 --stats
delta/horizon : 5, time : 6.33 (solution found)
Running with 50 agents
Agents: 50, Heuristic: No
Running command: C:\Users\Keerthan Shetty\OneDrive - KNIME AG\Desktop\Python\ASP\cmapf\camp\Scripts\python.exe C:\Users\Keerthan Shetty\OneDrive - KNIME AG\Desktop\Python\ASP\cmapf\Code\scripts\MAPF_with_priority.py --heuristic-strategy=No --map-file=Instances/maps/empty-32-32.map --scen-file=Instances/scenarios/empty-32-32/empty-32-32-condensed-1.scen --agents=50 C:\Users\Keerthan Shetty\OneDrive - KNIME AG\Desktop\Python\ASP\cmapf\Code\scripts\encodings\encoding_base.lp --delta=0 --stats
 delta/horizon : 0, time_spent : 0.38
Running command: C:\Users\Keerthan Shetty\OneDrive - KNIME AG\Desktop\Python\ASP\cmapf\camp\Scripts\python.exe C:\Users\Keerthan Shetty\OneDrive - KNIME AG\Desktop\Python\ASP\cmapf\Code\scripts\MAPF_with_priority.py --heuristic-strategy=No --map-file=Instances/maps/empty-32-32.map --scen-file=Instances/scenarios/empty-32-32/empty-32-32-condensed-1.scen --agents=50 C:\Users\Keerthan Shetty\OneDrive - KNIME AG\Desktop\Python\ASP\cmapf\Code\scripts\encodings\encoding_base.lp --delta=1 --stats
 delta/horizon : 1, time_spent : 0.47
Running command: C:\Users\Keerthan Shetty\OneDrive - KNIME AG\Desktop\Python\ASP\cmapf\camp\Scripts\python.exe C:\Users\Keerthan Shetty\OneDrive - KNIME AG\Desktop\Python\ASP\cmapf\Code\scripts\MAPF_with_priority.py --heuristic-strategy=No --map-file=Instances/maps/empty-32-32.map --scen-file=Instances/scenarios/empty-32-32/empty-32-32-condensed-1.scen --agents=50 C:\Users\Keerthan Shetty\OneDrive - KNIME AG\Desktop\Python\ASP\cmapf\Code\scripts\encodings\encoding_base.lp --delta=2 --stats
 delta/horizon : 2, time_spent : 0.84
Running command: C:\Users\Keerthan Shetty\OneDrive - KNIME AG\Desktop\Python\ASP\cmapf\camp\Scripts\python.exe C:\Users\Keerthan Shetty\OneDrive - KNIME AG\Desktop\Python\ASP\cmapf\Code\scripts\MAPF_with_priority.py --heuristic-strategy=No --map-file=Instances/maps/empty-32-32.map --scen-file=Instances/scenarios/empty-32-32/empty-32-32-condensed-1.scen --agents=50 C:\Users\Keerthan Shetty\OneDrive - KNIME AG\Desktop\Python\ASP\cmapf\Code\scripts\encodings\encoding_base.lp --delta=3 --stats
 delta/horizon : 3, time_spent : 1.14
Running command: C:\Users\Keerthan Shetty\OneDrive - KNIME AG\Desktop\Python\ASP\cmapf\camp\Scripts\python.exe C:\Users\Keerthan Shetty\OneDrive - KNIME AG\Desktop\Python\ASP\cmapf\Code\scripts\MAPF_with_priority.py --heuristic-strategy=No --map-file=Instances/maps/empty-32-32.map --scen-file=Instances/scenarios/empty-32-32/empty-32-32-condensed-1.scen --agents=50 C:\Users\Keerthan Shetty\OneDrive - KNIME AG\Desktop\Python\ASP\cmapf\Code\scripts\encodings\encoding_base.lp --delta=4 --stats
 delta/horizon : 4, time_spent : 1.61
Running command: C:\Users\Keerthan Shetty\OneDrive - KNIME AG\Desktop\Python\ASP\cmapf\camp\Scripts\python.exe C:\Users\Keerthan Shetty\OneDrive - KNIME AG\Desktop\Python\ASP\cmapf\Code\scripts\MAPF_with_priority.py --heuristic-strategy=No --map-file=Instances/maps/empty-32-32.map --scen-file=Instances/scenarios/empty-32-32/empty-32-32-condensed-1.scen --agents=50 C:\Users\Keerthan Shetty\OneDrive - KNIME AG\Desktop\Python\ASP\cmapf\Code\scripts\encodings\encoding_base.lp --delta=5 --stats
delta/horizon : 5, time : 6.53 (solution found)
Running with 55 agents
Agents: 55, Heuristic: No
Running command: C:\Users\Keerthan Shetty\OneDrive - KNIME AG\Desktop\Python\ASP\cmapf\camp\Scripts\python.exe C:\Users\Keerthan Shetty\OneDrive - KNIME AG\Desktop\Python\ASP\cmapf\Code\scripts\MAPF_with_priority.py --heuristic-strategy=No --map-file=Instances/maps/empty-32-32.map --scen-file=Instances/scenarios/empty-32-32/empty-32-32-condensed-1.scen --agents=55 C:\Users\Keerthan Shetty\OneDrive - KNIME AG\Desktop\Python\ASP\cmapf\Code\scripts\encodings\encoding_base.lp --delta=0 --stats
 delta/horizon : 0, time_spent : 0.36
Running command: C:\Users\Keerthan Shetty\OneDrive - KNIME AG\Desktop\Python\ASP\cmapf\camp\Scripts\python.exe C:\Users\Keerthan Shetty\OneDrive - KNIME AG\Desktop\Python\ASP\cmapf\Code\scripts\MAPF_with_priority.py --heuristic-strategy=No --map-file=Instances/maps/empty-32-32.map --scen-file=Instances/scenarios/empty-32-32/empty-32-32-condensed-1.scen --agents=55 C:\Users\Keerthan Shetty\OneDrive - KNIME AG\Desktop\Python\ASP\cmapf\Code\scripts\encodings\encoding_base.lp --delta=1 --stats
 delta/horizon : 1, time_spent : 0.55
Running command: C:\Users\Keerthan Shetty\OneDrive - KNIME AG\Desktop\Python\ASP\cmapf\camp\Scripts\python.exe C:\Users\Keerthan Shetty\OneDrive - KNIME AG\Desktop\Python\ASP\cmapf\Code\scripts\MAPF_with_priority.py --heuristic-strategy=No --map-file=Instances/maps/empty-32-32.map --scen-file=Instances/scenarios/empty-32-32/empty-32-32-condensed-1.scen --agents=55 C:\Users\Keerthan Shetty\OneDrive - KNIME AG\Desktop\Python\ASP\cmapf\Code\scripts\encodings\encoding_base.lp --delta=2 --stats
 delta/horizon : 2, time_spent : 0.83
Running command: C:\Users\Keerthan Shetty\OneDrive - KNIME AG\Desktop\Python\ASP\cmapf\camp\Scripts\python.exe C:\Users\Keerthan Shetty\OneDrive - KNIME AG\Desktop\Python\ASP\cmapf\Code\scripts\MAPF_with_priority.py --heuristic-strategy=No --map-file=Instances/maps/empty-32-32.map --scen-file=Instances/scenarios/empty-32-32/empty-32-32-condensed-1.scen --agents=55 C:\Users\Keerthan Shetty\OneDrive - KNIME AG\Desktop\Python\ASP\cmapf\Code\scripts\encodings\encoding_base.lp --delta=3 --stats
 delta/horizon : 3, time_spent : 1.29
Running command: C:\Users\Keerthan Shetty\OneDrive - KNIME AG\Desktop\Python\ASP\cmapf\camp\Scripts\python.exe C:\Users\Keerthan Shetty\OneDrive - KNIME AG\Desktop\Python\ASP\cmapf\Code\scripts\MAPF_with_priority.py --heuristic-strategy=No --map-file=Instances/maps/empty-32-32.map --scen-file=Instances/scenarios/empty-32-32/empty-32-32-condensed-1.scen --agents=55 C:\Users\Keerthan Shetty\OneDrive - KNIME AG\Desktop\Python\ASP\cmapf\Code\scripts\encodings\encoding_base.lp --delta=4 --stats
 delta/horizon : 4, time_spent : 1.86
Running command: C:\Users\Keerthan Shetty\OneDrive - KNIME AG\Desktop\Python\ASP\cmapf\camp\Scripts\python.exe C:\Users\Keerthan Shetty\OneDrive - KNIME AG\Desktop\Python\ASP\cmapf\Code\scripts\MAPF_with_priority.py --heuristic-strategy=No --map-file=Instances/maps/empty-32-32.map --scen-file=Instances/scenarios/empty-32-32/empty-32-32-condensed-1.scen --agents=55 C:\Users\Keerthan Shetty\OneDrive - KNIME AG\Desktop\Python\ASP\cmapf\Code\scripts\encodings\encoding_base.lp --delta=5 --stats
delta/horizon : 5, time : 7.34 (solution found)
Running with 60 agents
Agents: 60, Heuristic: No
Running command: C:\Users\Keerthan Shetty\OneDrive - KNIME AG\Desktop\Python\ASP\cmapf\camp\Scripts\python.exe C:\Users\Keerthan Shetty\OneDrive - KNIME AG\Desktop\Python\ASP\cmapf\Code\scripts\MAPF_with_priority.py --heuristic-strategy=No --map-file=Instances/maps/empty-32-32.map --scen-file=Instances/scenarios/empty-32-32/empty-32-32-condensed-1.scen --agents=60 C:\Users\Keerthan Shetty\OneDrive - KNIME AG\Desktop\Python\ASP\cmapf\Code\scripts\encodings\encoding_base.lp --delta=0 --stats
 delta/horizon : 0, time_spent : 0.41
Running command: C:\Users\Keerthan Shetty\OneDrive - KNIME AG\Desktop\Python\ASP\cmapf\camp\Scripts\python.exe C:\Users\Keerthan Shetty\OneDrive - KNIME AG\Desktop\Python\ASP\cmapf\Code\scripts\MAPF_with_priority.py --heuristic-strategy=No --map-file=Instances/maps/empty-32-32.map --scen-file=Instances/scenarios/empty-32-32/empty-32-32-condensed-1.scen --agents=60 C:\Users\Keerthan Shetty\OneDrive - KNIME AG\Desktop\Python\ASP\cmapf\Code\scripts\encodings\encoding_base.lp --delta=1 --stats
 delta/horizon : 1, time_spent : 0.48
Running command: C:\Users\Keerthan Shetty\OneDrive - KNIME AG\Desktop\Python\ASP\cmapf\camp\Scripts\python.exe C:\Users\Keerthan Shetty\OneDrive - KNIME AG\Desktop\Python\ASP\cmapf\Code\scripts\MAPF_with_priority.py --heuristic-strategy=No --map-file=Instances/maps/empty-32-32.map --scen-file=Instances/scenarios/empty-32-32/empty-32-32-condensed-1.scen --agents=60 C:\Users\Keerthan Shetty\OneDrive - KNIME AG\Desktop\Python\ASP\cmapf\Code\scripts\encodings\encoding_base.lp --delta=2 --stats
 delta/horizon : 2, time_spent : 0.87
Running command: C:\Users\Keerthan Shetty\OneDrive - KNIME AG\Desktop\Python\ASP\cmapf\camp\Scripts\python.exe C:\Users\Keerthan Shetty\OneDrive - KNIME AG\Desktop\Python\ASP\cmapf\Code\scripts\MAPF_with_priority.py --heuristic-strategy=No --map-file=Instances/maps/empty-32-32.map --scen-file=Instances/scenarios/empty-32-32/empty-32-32-condensed-1.scen --agents=60 C:\Users\Keerthan Shetty\OneDrive - KNIME AG\Desktop\Python\ASP\cmapf\Code\scripts\encodings\encoding_base.lp --delta=3 --stats
 delta/horizon : 3, time_spent : 1.19
Running command: C:\Users\Keerthan Shetty\OneDrive - KNIME AG\Desktop\Python\ASP\cmapf\camp\Scripts\python.exe C:\Users\Keerthan Shetty\OneDrive - KNIME AG\Desktop\Python\ASP\cmapf\Code\scripts\MAPF_with_priority.py --heuristic-strategy=No --map-file=Instances/maps/empty-32-32.map --scen-file=Instances/scenarios/empty-32-32/empty-32-32-condensed-1.scen --agents=60 C:\Users\Keerthan Shetty\OneDrive - KNIME AG\Desktop\Python\ASP\cmapf\Code\scripts\encodings\encoding_base.lp --delta=4 --stats
 delta/horizon : 4, time_spent : 1.77
Running command: C:\Users\Keerthan Shetty\OneDrive - KNIME AG\Desktop\Python\ASP\cmapf\camp\Scripts\python.exe C:\Users\Keerthan Shetty\OneDrive - KNIME AG\Desktop\Python\ASP\cmapf\Code\scripts\MAPF_with_priority.py --heuristic-strategy=No --map-file=Instances/maps/empty-32-32.map --scen-file=Instances/scenarios/empty-32-32/empty-32-32-condensed-1.scen --agents=60 C:\Users\Keerthan Shetty\OneDrive - KNIME AG\Desktop\Python\ASP\cmapf\Code\scripts\encodings\encoding_base.lp --delta=5 --stats
delta/horizon : 5, time : 7.28 (solution found)
Running with 65 agents
Agents: 65, Heuristic: No
Running command: C:\Users\Keerthan Shetty\OneDrive - KNIME AG\Desktop\Python\ASP\cmapf\camp\Scripts\python.exe C:\Users\Keerthan Shetty\OneDrive - KNIME AG\Desktop\Python\ASP\cmapf\Code\scripts\MAPF_with_priority.py --heuristic-strategy=No --map-file=Instances/maps/empty-32-32.map --scen-file=Instances/scenarios/empty-32-32/empty-32-32-condensed-1.scen --agents=65 C:\Users\Keerthan Shetty\OneDrive - KNIME AG\Desktop\Python\ASP\cmapf\Code\scripts\encodings\encoding_base.lp --delta=0 --stats
 delta/horizon : 0, time_spent : 0.39
Running command: C:\Users\Keerthan Shetty\OneDrive - KNIME AG\Desktop\Python\ASP\cmapf\camp\Scripts\python.exe C:\Users\Keerthan Shetty\OneDrive - KNIME AG\Desktop\Python\ASP\cmapf\Code\scripts\MAPF_with_priority.py --heuristic-strategy=No --map-file=Instances/maps/empty-32-32.map --scen-file=Instances/scenarios/empty-32-32/empty-32-32-condensed-1.scen --agents=65 C:\Users\Keerthan Shetty\OneDrive - KNIME AG\Desktop\Python\ASP\cmapf\Code\scripts\encodings\encoding_base.lp --delta=1 --stats
 delta/horizon : 1, time_spent : 0.50
Running command: C:\Users\Keerthan Shetty\OneDrive - KNIME AG\Desktop\Python\ASP\cmapf\camp\Scripts\python.exe C:\Users\Keerthan Shetty\OneDrive - KNIME AG\Desktop\Python\ASP\cmapf\Code\scripts\MAPF_with_priority.py --heuristic-strategy=No --map-file=Instances/maps/empty-32-32.map --scen-file=Instances/scenarios/empty-32-32/empty-32-32-condensed-1.scen --agents=65 C:\Users\Keerthan Shetty\OneDrive - KNIME AG\Desktop\Python\ASP\cmapf\Code\scripts\encodings\encoding_base.lp --delta=2 --stats
 delta/horizon : 2, time_spent : 0.85
Running command: C:\Users\Keerthan Shetty\OneDrive - KNIME AG\Desktop\Python\ASP\cmapf\camp\Scripts\python.exe C:\Users\Keerthan Shetty\OneDrive - KNIME AG\Desktop\Python\ASP\cmapf\Code\scripts\MAPF_with_priority.py --heuristic-strategy=No --map-file=Instances/maps/empty-32-32.map --scen-file=Instances/scenarios/empty-32-32/empty-32-32-condensed-1.scen --agents=65 C:\Users\Keerthan Shetty\OneDrive - KNIME AG\Desktop\Python\ASP\cmapf\Code\scripts\encodings\encoding_base.lp --delta=3 --stats
 delta/horizon : 3, time_spent : 1.29
Running command: C:\Users\Keerthan Shetty\OneDrive - KNIME AG\Desktop\Python\ASP\cmapf\camp\Scripts\python.exe C:\Users\Keerthan Shetty\OneDrive - KNIME AG\Desktop\Python\ASP\cmapf\Code\scripts\MAPF_with_priority.py --heuristic-strategy=No --map-file=Instances/maps/empty-32-32.map --scen-file=Instances/scenarios/empty-32-32/empty-32-32-condensed-1.scen --agents=65 C:\Users\Keerthan Shetty\OneDrive - KNIME AG\Desktop\Python\ASP\cmapf\Code\scripts\encodings\encoding_base.lp --delta=4 --stats
 delta/horizon : 4, time_spent : 2.01
Running command: C:\Users\Keerthan Shetty\OneDrive - KNIME AG\Desktop\Python\ASP\cmapf\camp\Scripts\python.exe C:\Users\Keerthan Shetty\OneDrive - KNIME AG\Desktop\Python\ASP\cmapf\Code\scripts\MAPF_with_priority.py --heuristic-strategy=No --map-file=Instances/maps/empty-32-32.map --scen-file=Instances/scenarios/empty-32-32/empty-32-32-condensed-1.scen --agents=65 C:\Users\Keerthan Shetty\OneDrive - KNIME AG\Desktop\Python\ASP\cmapf\Code\scripts\encodings\encoding_base.lp --delta=5 --stats
 delta/horizon : 5, time_spent : 3.40
Running command: C:\Users\Keerthan Shetty\OneDrive - KNIME AG\Desktop\Python\ASP\cmapf\camp\Scripts\python.exe C:\Users\Keerthan Shetty\OneDrive - KNIME AG\Desktop\Python\ASP\cmapf\Code\scripts\MAPF_with_priority.py --heuristic-strategy=No --map-file=Instances/maps/empty-32-32.map --scen-file=Instances/scenarios/empty-32-32/empty-32-32-condensed-1.scen --agents=65 C:\Users\Keerthan Shetty\OneDrive - KNIME AG\Desktop\Python\ASP\cmapf\Code\scripts\encodings\encoding_base.lp --delta=6 --stats
 delta/horizon : 6, time_spent : 3.94
Running command: C:\Users\Keerthan Shetty\OneDrive - KNIME AG\Desktop\Python\ASP\cmapf\camp\Scripts\python.exe C:\Users\Keerthan Shetty\OneDrive - KNIME AG\Desktop\Python\ASP\cmapf\Code\scripts\MAPF_with_priority.py --heuristic-strategy=No --map-file=Instances/maps/empty-32-32.map --scen-file=Instances/scenarios/empty-32-32/empty-32-32-condensed-1.scen --agents=65 C:\Users\Keerthan Shetty\OneDrive - KNIME AG\Desktop\Python\ASP\cmapf\Code\scripts\encodings\encoding_base.lp --delta=7 --stats
delta/horizon : 7, time : 18.59 (solution found)
Running with 70 agents
Agents: 70, Heuristic: No
Running command: C:\Users\Keerthan Shetty\OneDrive - KNIME AG\Desktop\Python\ASP\cmapf\camp\Scripts\python.exe C:\Users\Keerthan Shetty\OneDrive - KNIME AG\Desktop\Python\ASP\cmapf\Code\scripts\MAPF_with_priority.py --heuristic-strategy=No --map-file=Instances/maps/empty-32-32.map --scen-file=Instances/scenarios/empty-32-32/empty-32-32-condensed-1.scen --agents=70 C:\Users\Keerthan Shetty\OneDrive - KNIME AG\Desktop\Python\ASP\cmapf\Code\scripts\encodings\encoding_base.lp --delta=0 --stats
 delta/horizon : 0, time_spent : 0.64
Running command: C:\Users\Keerthan Shetty\OneDrive - KNIME AG\Desktop\Python\ASP\cmapf\camp\Scripts\python.exe C:\Users\Keerthan Shetty\OneDrive - KNIME AG\Desktop\Python\ASP\cmapf\Code\scripts\MAPF_with_priority.py --heuristic-strategy=No --map-file=Instances/maps/empty-32-32.map --scen-file=Instances/scenarios/empty-32-32/empty-32-32-condensed-1.scen --agents=70 C:\Users\Keerthan Shetty\OneDrive - KNIME AG\Desktop\Python\ASP\cmapf\Code\scripts\encodings\encoding_base.lp --delta=1 --stats
 delta/horizon : 1, time_spent : 0.67
Running command: C:\Users\Keerthan Shetty\OneDrive - KNIME AG\Desktop\Python\ASP\cmapf\camp\Scripts\python.exe C:\Users\Keerthan Shetty\OneDrive - KNIME AG\Desktop\Python\ASP\cmapf\Code\scripts\MAPF_with_priority.py --heuristic-strategy=No --map-file=Instances/maps/empty-32-32.map --scen-file=Instances/scenarios/empty-32-32/empty-32-32-condensed-1.scen --agents=70 C:\Users\Keerthan Shetty\OneDrive - KNIME AG\Desktop\Python\ASP\cmapf\Code\scripts\encodings\encoding_base.lp --delta=2 --stats
 delta/horizon : 2, time_spent : 1.00
Running command: C:\Users\Keerthan Shetty\OneDrive - KNIME AG\Desktop\Python\ASP\cmapf\camp\Scripts\python.exe C:\Users\Keerthan Shetty\OneDrive - KNIME AG\Desktop\Python\ASP\cmapf\Code\scripts\MAPF_with_priority.py --heuristic-strategy=No --map-file=Instances/maps/empty-32-32.map --scen-file=Instances/scenarios/empty-32-32/empty-32-32-condensed-1.scen --agents=70 C:\Users\Keerthan Shetty\OneDrive - KNIME AG\Desktop\Python\ASP\cmapf\Code\scripts\encodings\encoding_base.lp --delta=3 --stats
 delta/horizon : 3, time_spent : 1.59
Running command: C:\Users\Keerthan Shetty\OneDrive - KNIME AG\Desktop\Python\ASP\cmapf\camp\Scripts\python.exe C:\Users\Keerthan Shetty\OneDrive - KNIME AG\Desktop\Python\ASP\cmapf\Code\scripts\MAPF_with_priority.py --heuristic-strategy=No --map-file=Instances/maps/empty-32-32.map --scen-file=Instances/scenarios/empty-32-32/empty-32-32-condensed-1.scen --agents=70 C:\Users\Keerthan Shetty\OneDrive - KNIME AG\Desktop\Python\ASP\cmapf\Code\scripts\encodings\encoding_base.lp --delta=4 --stats
 delta/horizon : 4, time_spent : 2.00
Running command: C:\Users\Keerthan Shetty\OneDrive - KNIME AG\Desktop\Python\ASP\cmapf\camp\Scripts\python.exe C:\Users\Keerthan Shetty\OneDrive - KNIME AG\Desktop\Python\ASP\cmapf\Code\scripts\MAPF_with_priority.py --heuristic-strategy=No --map-file=Instances/maps/empty-32-32.map --scen-file=Instances/scenarios/empty-32-32/empty-32-32-condensed-1.scen --agents=70 C:\Users\Keerthan Shetty\OneDrive - KNIME AG\Desktop\Python\ASP\cmapf\Code\scripts\encodings\encoding_base.lp --delta=5 --stats
 delta/horizon : 5, time_spent : 2.79
Running command: C:\Users\Keerthan Shetty\OneDrive - KNIME AG\Desktop\Python\ASP\cmapf\camp\Scripts\python.exe C:\Users\Keerthan Shetty\OneDrive - KNIME AG\Desktop\Python\ASP\cmapf\Code\scripts\MAPF_with_priority.py --heuristic-strategy=No --map-file=Instances/maps/empty-32-32.map --scen-file=Instances/scenarios/empty-32-32/empty-32-32-condensed-1.scen --agents=70 C:\Users\Keerthan Shetty\OneDrive - KNIME AG\Desktop\Python\ASP\cmapf\Code\scripts\encodings\encoding_base.lp --delta=6 --stats
 delta/horizon : 6, time_spent : 4.10
Running command: C:\Users\Keerthan Shetty\OneDrive - KNIME AG\Desktop\Python\ASP\cmapf\camp\Scripts\python.exe C:\Users\Keerthan Shetty\OneDrive - KNIME AG\Desktop\Python\ASP\cmapf\Code\scripts\MAPF_with_priority.py --heuristic-strategy=No --map-file=Instances/maps/empty-32-32.map --scen-file=Instances/scenarios/empty-32-32/empty-32-32-condensed-1.scen --agents=70 C:\Users\Keerthan Shetty\OneDrive - KNIME AG\Desktop\Python\ASP\cmapf\Code\scripts\encodings\encoding_base.lp --delta=7 --stats
 delta/horizon : 7, time_spent : 5.53
Running command: C:\Users\Keerthan Shetty\OneDrive - KNIME AG\Desktop\Python\ASP\cmapf\camp\Scripts\python.exe C:\Users\Keerthan Shetty\OneDrive - KNIME AG\Desktop\Python\ASP\cmapf\Code\scripts\MAPF_with_priority.py --heuristic-strategy=No --map-file=Instances/maps/empty-32-32.map --scen-file=Instances/scenarios/empty-32-32/empty-32-32-condensed-1.scen --agents=70 C:\Users\Keerthan Shetty\OneDrive - KNIME AG\Desktop\Python\ASP\cmapf\Code\scripts\encodings\encoding_base.lp --delta=8 --stats
 delta/horizon : 8, time_spent : 10.00
Running command: C:\Users\Keerthan Shetty\OneDrive - KNIME AG\Desktop\Python\ASP\cmapf\camp\Scripts\python.exe C:\Users\Keerthan Shetty\OneDrive - KNIME AG\Desktop\Python\ASP\cmapf\Code\scripts\MAPF_with_priority.py --heuristic-strategy=No --map-file=Instances/maps/empty-32-32.map --scen-file=Instances/scenarios/empty-32-32/empty-32-32-condensed-1.scen --agents=70 C:\Users\Keerthan Shetty\OneDrive - KNIME AG\Desktop\Python\ASP\cmapf\Code\scripts\encodings\encoding_base.lp --delta=9 --stats
delta/horizon : 9, time : 46.62 (solution found)
Running with 75 agents
Agents: 75, Heuristic: No
Running command: C:\Users\Keerthan Shetty\OneDrive - KNIME AG\Desktop\Python\ASP\cmapf\camp\Scripts\python.exe C:\Users\Keerthan Shetty\OneDrive - KNIME AG\Desktop\Python\ASP\cmapf\Code\scripts\MAPF_with_priority.py --heuristic-strategy=No --map-file=Instances/maps/empty-32-32.map --scen-file=Instances/scenarios/empty-32-32/empty-32-32-condensed-1.scen --agents=75 C:\Users\Keerthan Shetty\OneDrive - KNIME AG\Desktop\Python\ASP\cmapf\Code\scripts\encodings\encoding_base.lp --delta=0 --stats
 delta/horizon : 0, time_spent : 0.48
Running command: C:\Users\Keerthan Shetty\OneDrive - KNIME AG\Desktop\Python\ASP\cmapf\camp\Scripts\python.exe C:\Users\Keerthan Shetty\OneDrive - KNIME AG\Desktop\Python\ASP\cmapf\Code\scripts\MAPF_with_priority.py --heuristic-strategy=No --map-file=Instances/maps/empty-32-32.map --scen-file=Instances/scenarios/empty-32-32/empty-32-32-condensed-1.scen --agents=75 C:\Users\Keerthan Shetty\OneDrive - KNIME AG\Desktop\Python\ASP\cmapf\Code\scripts\encodings\encoding_base.lp --delta=1 --stats
 delta/horizon : 1, time_spent : 0.66
Running command: C:\Users\Keerthan Shetty\OneDrive - KNIME AG\Desktop\Python\ASP\cmapf\camp\Scripts\python.exe C:\Users\Keerthan Shetty\OneDrive - KNIME AG\Desktop\Python\ASP\cmapf\Code\scripts\MAPF_with_priority.py --heuristic-strategy=No --map-file=Instances/maps/empty-32-32.map --scen-file=Instances/scenarios/empty-32-32/empty-32-32-condensed-1.scen --agents=75 C:\Users\Keerthan Shetty\OneDrive - KNIME AG\Desktop\Python\ASP\cmapf\Code\scripts\encodings\encoding_base.lp --delta=2 --stats
 delta/horizon : 2, time_spent : 1.12
Running command: C:\Users\Keerthan Shetty\OneDrive - KNIME AG\Desktop\Python\ASP\cmapf\camp\Scripts\python.exe C:\Users\Keerthan Shetty\OneDrive - KNIME AG\Desktop\Python\ASP\cmapf\Code\scripts\MAPF_with_priority.py --heuristic-strategy=No --map-file=Instances/maps/empty-32-32.map --scen-file=Instances/scenarios/empty-32-32/empty-32-32-condensed-1.scen --agents=75 C:\Users\Keerthan Shetty\OneDrive - KNIME AG\Desktop\Python\ASP\cmapf\Code\scripts\encodings\encoding_base.lp --delta=3 --stats
 delta/horizon : 3, time_spent : 1.72
Running command: C:\Users\Keerthan Shetty\OneDrive - KNIME AG\Desktop\Python\ASP\cmapf\camp\Scripts\python.exe C:\Users\Keerthan Shetty\OneDrive - KNIME AG\Desktop\Python\ASP\cmapf\Code\scripts\MAPF_with_priority.py --heuristic-strategy=No --map-file=Instances/maps/empty-32-32.map --scen-file=Instances/scenarios/empty-32-32/empty-32-32-condensed-1.scen --agents=75 C:\Users\Keerthan Shetty\OneDrive - KNIME AG\Desktop\Python\ASP\cmapf\Code\scripts\encodings\encoding_base.lp --delta=4 --stats
 delta/horizon : 4, time_spent : 2.17
Running command: C:\Users\Keerthan Shetty\OneDrive - KNIME AG\Desktop\Python\ASP\cmapf\camp\Scripts\python.exe C:\Users\Keerthan Shetty\OneDrive - KNIME AG\Desktop\Python\ASP\cmapf\Code\scripts\MAPF_with_priority.py --heuristic-strategy=No --map-file=Instances/maps/empty-32-32.map --scen-file=Instances/scenarios/empty-32-32/empty-32-32-condensed-1.scen --agents=75 C:\Users\Keerthan Shetty\OneDrive - KNIME AG\Desktop\Python\ASP\cmapf\Code\scripts\encodings\encoding_base.lp --delta=5 --stats
 delta/horizon : 5, time_spent : 2.96
Running command: C:\Users\Keerthan Shetty\OneDrive - KNIME AG\Desktop\Python\ASP\cmapf\camp\Scripts\python.exe C:\Users\Keerthan Shetty\OneDrive - KNIME AG\Desktop\Python\ASP\cmapf\Code\scripts\MAPF_with_priority.py --heuristic-strategy=No --map-file=Instances/maps/empty-32-32.map --scen-file=Instances/scenarios/empty-32-32/empty-32-32-condensed-1.scen --agents=75 C:\Users\Keerthan Shetty\OneDrive - KNIME AG\Desktop\Python\ASP\cmapf\Code\scripts\encodings\encoding_base.lp --delta=6 --stats
 delta/horizon : 6, time_spent : 4.17
Running command: C:\Users\Keerthan Shetty\OneDrive - KNIME AG\Desktop\Python\ASP\cmapf\camp\Scripts\python.exe C:\Users\Keerthan Shetty\OneDrive - KNIME AG\Desktop\Python\ASP\cmapf\Code\scripts\MAPF_with_priority.py --heuristic-strategy=No --map-file=Instances/maps/empty-32-32.map --scen-file=Instances/scenarios/empty-32-32/empty-32-32-condensed-1.scen --agents=75 C:\Users\Keerthan Shetty\OneDrive - KNIME AG\Desktop\Python\ASP\cmapf\Code\scripts\encodings\encoding_base.lp --delta=7 --stats
 delta/horizon : 7, time_spent : 5.89
Running command: C:\Users\Keerthan Shetty\OneDrive - KNIME AG\Desktop\Python\ASP\cmapf\camp\Scripts\python.exe C:\Users\Keerthan Shetty\OneDrive - KNIME AG\Desktop\Python\ASP\cmapf\Code\scripts\MAPF_with_priority.py --heuristic-strategy=No --map-file=Instances/maps/empty-32-32.map --scen-file=Instances/scenarios/empty-32-32/empty-32-32-condensed-1.scen --agents=75 C:\Users\Keerthan Shetty\OneDrive - KNIME AG\Desktop\Python\ASP\cmapf\Code\scripts\encodings\encoding_base.lp --delta=8 --stats
 delta/horizon : 8, time_spent : 9.91
Running command: C:\Users\Keerthan Shetty\OneDrive - KNIME AG\Desktop\Python\ASP\cmapf\camp\Scripts\python.exe C:\Users\Keerthan Shetty\OneDrive - KNIME AG\Desktop\Python\ASP\cmapf\Code\scripts\MAPF_with_priority.py --heuristic-strategy=No --map-file=Instances/maps/empty-32-32.map --scen-file=Instances/scenarios/empty-32-32/empty-32-32-condensed-1.scen --agents=75 C:\Users\Keerthan Shetty\OneDrive - KNIME AG\Desktop\Python\ASP\cmapf\Code\scripts\encodings\encoding_base.lp --delta=9 --stats
 delta/horizon : 9, time_spent : 17.55
Running command: C:\Users\Keerthan Shetty\OneDrive - KNIME AG\Desktop\Python\ASP\cmapf\camp\Scripts\python.exe C:\Users\Keerthan Shetty\OneDrive - KNIME AG\Desktop\Python\ASP\cmapf\Code\scripts\MAPF_with_priority.py --heuristic-strategy=No --map-file=Instances/maps/empty-32-32.map --scen-file=Instances/scenarios/empty-32-32/empty-32-32-condensed-1.scen --agents=75 C:\Users\Keerthan Shetty\OneDrive - KNIME AG\Desktop\Python\ASP\cmapf\Code\scripts\encodings\encoding_base.lp --delta=10 --stats
 delta/horizon : 10, time_spent : 33.55
Running command: C:\Users\Keerthan Shetty\OneDrive - KNIME AG\Desktop\Python\ASP\cmapf\camp\Scripts\python.exe C:\Users\Keerthan Shetty\OneDrive - KNIME AG\Desktop\Python\ASP\cmapf\Code\scripts\MAPF_with_priority.py --heuristic-strategy=No --map-file=Instances/maps/empty-32-32.map --scen-file=Instances/scenarios/empty-32-32/empty-32-32-condensed-1.scen --agents=75 C:\Users\Keerthan Shetty\OneDrive - KNIME AG\Desktop\Python\ASP\cmapf\Code\scripts\encodings\encoding_base.lp --delta=11 --stats
 delta/horizon : 11, time_spent : 65.69
Running command: C:\Users\Keerthan Shetty\OneDrive - KNIME AG\Desktop\Python\ASP\cmapf\camp\Scripts\python.exe C:\Users\Keerthan Shetty\OneDrive - KNIME AG\Desktop\Python\ASP\cmapf\Code\scripts\MAPF_with_priority.py --heuristic-strategy=No --map-file=Instances/maps/empty-32-32.map --scen-file=Instances/scenarios/empty-32-32/empty-32-32-condensed-1.scen --agents=75 C:\Users\Keerthan Shetty\OneDrive - KNIME AG\Desktop\Python\ASP\cmapf\Code\scripts\encodings\encoding_base.lp --delta=12 --stats
Timeout occurred after 154.15 seconds
 delta/horizon : 12, time : 300.01 (timeout)
Finished processing. Results written to results\sum_of_costs\empty-32-32-condensed-1_No.xlsx
